<?xml version="1.0" encoding="UTF-8" standalone="yes"?><!DOCTYPE report PUBLIC "-//JACOCO//DTD Report 1.0//EN" "report.dtd"><report name="word-wrap"><sessioninfo id="hp-4608bdb8" start="1531001464533" dump="1531001465592"/><sessioninfo id="hp-d13dce22" start="1531003386323" dump="1531003387878"/><package name="org/davidmoten/text/utils"><class name="org/davidmoten/text/utils/CharSequenceReader"><method name="&lt;init&gt;" desc="(Ljava/lang/CharSequence;)V" line="35"><counter type="INSTRUCTION" missed="0" covered="31"/><counter type="LINE" missed="0" covered="3"/><counter type="COMPLEXITY" missed="0" covered="1"/><counter type="METHOD" missed="0" covered="1"/></method><method name="checkOpen" desc="()V" line="40"><counter type="INSTRUCTION" missed="0" covered="52"/><counter type="BRANCH" missed="0" covered="2"/><counter type="LINE" missed="0" covered="3"/><counter type="COMPLEXITY" missed="0" covered="2"/><counter type="METHOD" missed="0" covered="1"/></method><method name="hasRemaining" desc="()Z" line="46"><counter type="INSTRUCTION" missed="0" covered="36"/><counter type="BRANCH" missed="0" covered="2"/><counter type="LINE" missed="0" covered="1"/><counter type="COMPLEXITY" missed="0" covered="2"/><counter type="METHOD" missed="0" covered="1"/></method><method name="remaining" desc="()I" line="50"><counter type="INSTRUCTION" missed="0" covered="16"/><counter type="LINE" missed="0" covered="1"/><counter type="COMPLEXITY" missed="0" covered="1"/><counter type="METHOD" missed="0" covered="1"/></method><method name="read" desc="(Ljava/nio/CharBuffer;)I" line="55"><counter type="INSTRUCTION" missed="0" covered="143"/><counter type="BRANCH" missed="0" covered="4"/><counter type="LINE" missed="0" covered="8"/><counter type="COMPLEXITY" missed="0" covered="3"/><counter type="METHOD" missed="0" covered="1"/></method><method name="read" desc="()I" line="69"><counter type="INSTRUCTION" missed="0" covered="54"/><counter type="BRANCH" missed="0" covered="2"/><counter type="LINE" missed="0" covered="2"/><counter type="COMPLEXITY" missed="0" covered="2"/><counter type="METHOD" missed="0" covered="1"/></method><method name="read" desc="([CII)I" line="75"><counter type="INSTRUCTION" missed="0" covered="213"/><counter type="BRANCH" missed="0" covered="10"/><counter type="LINE" missed="0" covered="9"/><counter type="COMPLEXITY" missed="0" covered="6"/><counter type="METHOD" missed="0" covered="1"/></method><method name="skip" desc="(J)J" line="91"><counter type="INSTRUCTION" missed="0" covered="84"/><counter type="BRANCH" missed="0" covered="2"/><counter type="LINE" missed="0" covered="5"/><counter type="COMPLEXITY" missed="0" covered="2"/><counter type="METHOD" missed="0" covered="1"/></method><method name="ready" desc="()Z" line="100"><counter type="INSTRUCTION" missed="0" covered="20"/><counter type="LINE" missed="0" covered="2"/><counter type="COMPLEXITY" missed="0" covered="1"/><counter type="METHOD" missed="0" covered="1"/></method><method name="markSupported" desc="()Z" line="106"><counter type="INSTRUCTION" missed="0" covered="11"/><counter type="LINE" missed="0" covered="1"/><counter type="COMPLEXITY" missed="0" covered="1"/><counter type="METHOD" missed="0" covered="1"/></method><method name="mark" desc="(I)V" line="111"><counter type="INSTRUCTION" missed="0" covered="64"/><counter type="BRANCH" missed="0" covered="2"/><counter type="LINE" missed="0" covered="4"/><counter type="COMPLEXITY" missed="0" covered="2"/><counter type="METHOD" missed="0" covered="1"/></method><method name="reset" desc="()V" line="118"><counter type="INSTRUCTION" missed="0" covered="30"/><counter type="LINE" missed="0" covered="3"/><counter type="COMPLEXITY" missed="0" covered="1"/><counter type="METHOD" missed="0" covered="1"/></method><method name="close" desc="()V" line="124"><counter type="INSTRUCTION" missed="0" covered="20"/><counter type="LINE" missed="0" covered="2"/><counter type="COMPLEXITY" missed="0" covered="1"/><counter type="METHOD" missed="0" covered="1"/></method><method name="&lt;clinit&gt;" desc="()V"><counter type="INSTRUCTION" missed="0" covered="2"/><counter type="COMPLEXITY" missed="0" covered="1"/><counter type="METHOD" missed="0" covered="1"/></method><method name="__cobertura_init" desc="()V"><counter type="INSTRUCTION" missed="0" covered="8"/><counter type="BRANCH" missed="1" covered="1"/><counter type="COMPLEXITY" missed="1" covered="1"/><counter type="METHOD" missed="0" covered="1"/></method><method name="__cobertura_classmap_0" desc="(Lnet/sourceforge/cobertura/coveragedata/LightClassmapListener;)V"><counter type="INSTRUCTION" missed="339" covered="0"/><counter type="COMPLEXITY" missed="1" covered="0"/><counter type="METHOD" missed="1" covered="0"/></method><method name="__cobertura_classmap" desc="(Lnet/sourceforge/cobertura/coveragedata/LightClassmapListener;)V"><counter type="INSTRUCTION" missed="11" covered="0"/><counter type="COMPLEXITY" missed="1" covered="0"/><counter type="METHOD" missed="1" covered="0"/></method><method name="__cobertura_get_and_reset_counters" desc="()[I"><counter type="INSTRUCTION" missed="8" covered="0"/><counter type="COMPLEXITY" missed="1" covered="0"/><counter type="METHOD" missed="1" covered="0"/></method><counter type="INSTRUCTION" missed="358" covered="784"/><counter type="BRANCH" missed="1" covered="25"/><counter type="LINE" missed="0" covered="44"/><counter type="COMPLEXITY" missed="4" covered="27"/><counter type="METHOD" missed="3" covered="15"/><counter type="CLASS" missed="0" covered="1"/></class><class name="org/davidmoten/text/utils/StringBuilder2"><method name="&lt;init&gt;" desc="(Ljava/lang/String;)V" line="11"><counter type="INSTRUCTION" missed="0" covered="23"/><counter type="LINE" missed="0" covered="2"/><counter type="COMPLEXITY" missed="0" covered="1"/><counter type="METHOD" missed="0" covered="1"/></method><method name="&lt;init&gt;" desc="()V" line="15"><counter type="INSTRUCTION" missed="0" covered="22"/><counter type="LINE" missed="0" covered="2"/><counter type="COMPLEXITY" missed="0" covered="1"/><counter type="METHOD" missed="0" covered="1"/></method><method name="&lt;init&gt;" desc="([CI)V" line="18"><counter type="INSTRUCTION" missed="0" covered="39"/><counter type="LINE" missed="0" covered="4"/><counter type="COMPLEXITY" missed="0" covered="1"/><counter type="METHOD" missed="0" covered="1"/></method><method name="internalArray" desc="()[C" line="24"><counter type="INSTRUCTION" missed="0" covered="12"/><counter type="LINE" missed="0" covered="1"/><counter type="COMPLEXITY" missed="0" covered="1"/><counter type="METHOD" missed="0" covered="1"/></method><method name="length" desc="()I" line="29"><counter type="INSTRUCTION" missed="0" covered="12"/><counter type="LINE" missed="0" covered="1"/><counter type="COMPLEXITY" missed="0" covered="1"/><counter type="METHOD" missed="0" covered="1"/></method><method name="charAt" desc="(I)C" line="34"><counter type="INSTRUCTION" missed="0" covered="14"/><counter type="LINE" missed="0" covered="1"/><counter type="COMPLEXITY" missed="0" covered="1"/><counter type="METHOD" missed="0" covered="1"/></method><method name="subSequence" desc="(II)Ljava/lang/CharSequence;" line="39"><counter type="INSTRUCTION" missed="0" covered="44"/><counter type="LINE" missed="0" covered="3"/><counter type="COMPLEXITY" missed="0" covered="1"/><counter type="METHOD" missed="0" covered="1"/></method><method name="append" desc="(Lorg/davidmoten/text/utils/StringBuilder2;)V" line="45"><counter type="INSTRUCTION" missed="0" covered="59"/><counter type="LINE" missed="0" covered="5"/><counter type="COMPLEXITY" missed="0" covered="1"/><counter type="METHOD" missed="0" covered="1"/></method><method name="checkSize" desc="(I)V" line="52"><counter type="INSTRUCTION" missed="0" covered="62"/><counter type="BRANCH" missed="0" covered="2"/><counter type="LINE" missed="0" covered="3"/><counter type="COMPLEXITY" missed="0" covered="2"/><counter type="METHOD" missed="0" covered="1"/></method><method name="setLength" desc="(I)V" line="58"><counter type="INSTRUCTION" missed="0" covered="20"/><counter type="LINE" missed="0" covered="2"/><counter type="COMPLEXITY" missed="0" covered="1"/><counter type="METHOD" missed="0" covered="1"/></method><method name="append" desc="(C)V" line="62"><counter type="INSTRUCTION" missed="0" covered="46"/><counter type="LINE" missed="0" covered="4"/><counter type="COMPLEXITY" missed="0" covered="1"/><counter type="METHOD" missed="0" covered="1"/></method><method name="delete" desc="(II)V" line="68"><counter type="INSTRUCTION" missed="0" covered="43"/><counter type="LINE" missed="0" covered="3"/><counter type="COMPLEXITY" missed="0" covered="1"/><counter type="METHOD" missed="0" covered="1"/></method><method name="substring" desc="(II)Ljava/lang/String;" line="73"><counter type="INSTRUCTION" missed="0" covered="19"/><counter type="LINE" missed="0" covered="1"/><counter type="COMPLEXITY" missed="0" covered="1"/><counter type="METHOD" missed="0" covered="1"/></method><method name="toString" desc="()Ljava/lang/String;" line="78"><counter type="INSTRUCTION" missed="0" covered="18"/><counter type="LINE" missed="0" covered="1"/><counter type="COMPLEXITY" missed="0" covered="1"/><counter type="METHOD" missed="0" covered="1"/></method><method name="&lt;clinit&gt;" desc="()V"><counter type="INSTRUCTION" missed="0" covered="2"/><counter type="COMPLEXITY" missed="0" covered="1"/><counter type="METHOD" missed="0" covered="1"/></method><method name="__cobertura_init" desc="()V"><counter type="INSTRUCTION" missed="0" covered="8"/><counter type="BRANCH" missed="1" covered="1"/><counter type="COMPLEXITY" missed="1" covered="1"/><counter type="METHOD" missed="0" covered="1"/></method><method name="__cobertura_classmap_0" desc="(Lnet/sourceforge/cobertura/coveragedata/LightClassmapListener;)V"><counter type="INSTRUCTION" missed="206" covered="0"/><counter type="COMPLEXITY" missed="1" covered="0"/><counter type="METHOD" missed="1" covered="0"/></method><method name="__cobertura_classmap" desc="(Lnet/sourceforge/cobertura/coveragedata/LightClassmapListener;)V"><counter type="INSTRUCTION" missed="11" covered="0"/><counter type="COMPLEXITY" missed="1" covered="0"/><counter type="METHOD" missed="1" covered="0"/></method><method name="__cobertura_get_and_reset_counters" desc="()[I"><counter type="INSTRUCTION" missed="8" covered="0"/><counter type="COMPLEXITY" missed="1" covered="0"/><counter type="METHOD" missed="1" covered="0"/></method><counter type="INSTRUCTION" missed="225" covered="443"/><counter type="BRANCH" missed="1" covered="3"/><counter type="LINE" missed="0" covered="33"/><counter type="COMPLEXITY" missed="4" covered="17"/><counter type="METHOD" missed="3" covered="16"/><counter type="CLASS" missed="0" covered="1"/></class><class name="org/davidmoten/text/utils/WordWrap"><method name="&lt;init&gt;" desc="()V" line="26"><counter type="INSTRUCTION" missed="0" covered="19"/><counter type="LINE" missed="0" covered="2"/><counter type="COMPLEXITY" missed="0" covered="1"/><counter type="METHOD" missed="0" covered="1"/></method><method name="from" desc="(Ljava/io/Reader;)Lorg/davidmoten/text/utils/WordWrap$Builder;" line="39"><counter type="INSTRUCTION" missed="0" covered="14"/><counter type="LINE" missed="0" covered="1"/><counter type="COMPLEXITY" missed="0" covered="1"/><counter type="METHOD" missed="0" covered="1"/></method><method name="fromClasspathUtf8" desc="(Ljava/lang/String;)Lorg/davidmoten/text/utils/WordWrap$Builder;" line="43"><counter type="INSTRUCTION" missed="0" covered="14"/><counter type="LINE" missed="0" covered="1"/><counter type="COMPLEXITY" missed="0" covered="1"/><counter type="METHOD" missed="0" covered="1"/></method><method name="fromClasspath" desc="(Ljava/lang/String;Ljava/nio/charset/Charset;)Lorg/davidmoten/text/utils/WordWrap$Builder;" line="47"><counter type="INSTRUCTION" missed="0" covered="39"/><counter type="LINE" missed="0" covered="2"/><counter type="COMPLEXITY" missed="0" covered="1"/><counter type="METHOD" missed="0" covered="1"/></method><method name="from" desc="(Ljava/io/Reader;Z)Lorg/davidmoten/text/utils/WordWrap$Builder;" line="53"><counter type="INSTRUCTION" missed="0" covered="16"/><counter type="LINE" missed="0" covered="1"/><counter type="COMPLEXITY" missed="0" covered="1"/><counter type="METHOD" missed="0" covered="1"/></method><method name="from" desc="(Ljava/lang/CharSequence;)Lorg/davidmoten/text/utils/WordWrap$Builder;" line="57"><counter type="INSTRUCTION" missed="0" covered="17"/><counter type="LINE" missed="0" covered="1"/><counter type="COMPLEXITY" missed="0" covered="1"/><counter type="METHOD" missed="0" covered="1"/></method><method name="fromUtf8" desc="(Ljava/io/InputStream;)Lorg/davidmoten/text/utils/WordWrap$Builder;" line="61"><counter type="INSTRUCTION" missed="0" covered="14"/><counter type="LINE" missed="0" covered="1"/><counter type="COMPLEXITY" missed="0" covered="1"/><counter type="METHOD" missed="0" covered="1"/></method><method name="from" desc="(Ljava/io/InputStream;Ljava/nio/charset/Charset;)Lorg/davidmoten/text/utils/WordWrap$Builder;" line="65"><counter type="INSTRUCTION" missed="0" covered="20"/><counter type="LINE" missed="0" covered="1"/><counter type="COMPLEXITY" missed="0" covered="1"/><counter type="METHOD" missed="0" covered="1"/></method><method name="from" desc="(Ljava/io/File;Ljava/nio/charset/Charset;)Lorg/davidmoten/text/utils/WordWrap$Builder;" line="70"><counter type="INSTRUCTION" missed="0" covered="44"/><counter type="LINE" missed="0" covered="3"/><counter type="COMPLEXITY" missed="0" covered="1"/><counter type="METHOD" missed="0" covered="1"/></method><method name="close" desc="(Ljava/io/Reader;)V" line="181"><counter type="INSTRUCTION" missed="0" covered="48"/><counter type="LINE" missed="0" covered="5"/><counter type="COMPLEXITY" missed="0" covered="1"/><counter type="METHOD" missed="0" covered="1"/></method><method name="toSet" desc="(Ljava/lang/String;)Ljava/util/Set;" line="188"><counter type="INSTRUCTION" missed="0" covered="79"/><counter type="BRANCH" missed="0" covered="2"/><counter type="LINE" missed="0" covered="4"/><counter type="COMPLEXITY" missed="0" covered="2"/><counter type="METHOD" missed="0" covered="1"/></method><method name="wordWrap" desc="(Ljava/io/Reader;Ljava/io/Writer;Ljava/lang/String;Ljava/lang/Number;Ljava/util/function/Function;Ljava/util/Set;Z)V" line="198"><counter type="INSTRUCTION" missed="51" covered="1013"/><counter type="BRANCH" missed="3" covered="47"/><counter type="LINE" missed="2" covered="55"/><counter type="COMPLEXITY" missed="3" covered="23"/><counter type="METHOD" missed="0" covered="1"/></method><method name="concatRightTrim" desc="(Ljava/lang/CharSequence;Ljava/lang/CharSequence;)Ljava/lang/CharSequence;" line="280"><counter type="INSTRUCTION" missed="0" covered="16"/><counter type="LINE" missed="0" covered="1"/><counter type="COMPLEXITY" missed="0" covered="1"/><counter type="METHOD" missed="0" covered="1"/></method><method name="isPunctuation" desc="(C)Z" line="284"><counter type="INSTRUCTION" missed="0" covered="39"/><counter type="BRANCH" missed="0" covered="2"/><counter type="LINE" missed="0" covered="1"/><counter type="COMPLEXITY" missed="0" covered="2"/><counter type="METHOD" missed="0" covered="1"/></method><method name="tooLong" desc="(Ljava/util/function/Function;Ljava/lang/CharSequence;D)Z" line="289"><counter type="INSTRUCTION" missed="0" covered="42"/><counter type="BRANCH" missed="0" covered="2"/><counter type="LINE" missed="0" covered="1"/><counter type="COMPLEXITY" missed="0" covered="2"/><counter type="METHOD" missed="0" covered="1"/></method><method name="rightTrim" desc="(Ljava/lang/CharSequence;)Ljava/lang/CharSequence;" line="294"><counter type="INSTRUCTION" missed="0" covered="128"/><counter type="BRANCH" missed="0" covered="6"/><counter type="LINE" missed="0" covered="7"/><counter type="COMPLEXITY" missed="0" covered="4"/><counter type="METHOD" missed="0" covered="1"/></method><method name="isWhitespace" desc="(Ljava/lang/CharSequence;)Z" line="310"><counter type="INSTRUCTION" missed="0" covered="95"/><counter type="BRANCH" missed="0" covered="4"/><counter type="LINE" missed="0" covered="4"/><counter type="COMPLEXITY" missed="0" covered="3"/><counter type="METHOD" missed="0" covered="1"/></method><method name="leftTrim" desc="(Lorg/davidmoten/text/utils/StringBuilder2;)V" line="323"><counter type="INSTRUCTION" missed="0" covered="148"/><counter type="BRANCH" missed="0" covered="8"/><counter type="LINE" missed="0" covered="6"/><counter type="COMPLEXITY" missed="0" covered="5"/><counter type="METHOD" missed="0" covered="1"/></method><method name="leftTrim" desc="(Ljava/lang/String;)Ljava/lang/String;" line="334"><counter type="INSTRUCTION" missed="0" covered="34"/><counter type="LINE" missed="0" covered="3"/><counter type="COMPLEXITY" missed="0" covered="1"/><counter type="METHOD" missed="0" covered="1"/></method><method name="appendWordToLine" desc="(Lorg/davidmoten/text/utils/StringBuilder2;Lorg/davidmoten/text/utils/StringBuilder2;)V" line="340"><counter type="INSTRUCTION" missed="0" covered="31"/><counter type="LINE" missed="0" covered="3"/><counter type="COMPLEXITY" missed="0" covered="1"/><counter type="METHOD" missed="0" covered="1"/></method><method name="writeBrokenWord" desc="(Ljava/io/Writer;Lorg/davidmoten/text/utils/StringBuilder2;Ljava/lang/String;Z)V" line="349"><counter type="INSTRUCTION" missed="0" covered="208"/><counter type="BRANCH" missed="1" covered="7"/><counter type="LINE" missed="0" covered="12"/><counter type="COMPLEXITY" missed="1" covered="4"/><counter type="METHOD" missed="0" covered="1"/></method><method name="writeLine" desc="(Ljava/io/Writer;Lorg/davidmoten/text/utils/StringBuilder2;Ljava/lang/String;)V" line="367"><counter type="INSTRUCTION" missed="0" covered="45"/><counter type="LINE" missed="0" covered="4"/><counter type="COMPLEXITY" missed="0" covered="1"/><counter type="METHOD" missed="0" covered="1"/></method><method name="lambda$static$0" desc="(Ljava/lang/CharSequence;)Ljava/lang/Number;" line="34"><counter type="INSTRUCTION" missed="0" covered="14"/><counter type="LINE" missed="0" covered="1"/><counter type="COMPLEXITY" missed="0" covered="1"/><counter type="METHOD" missed="0" covered="1"/></method><method name="&lt;clinit&gt;" desc="()V" line="32"><counter type="INSTRUCTION" missed="0" covered="23"/><counter type="LINE" missed="0" covered="2"/><counter type="COMPLEXITY" missed="0" covered="1"/><counter type="METHOD" missed="0" covered="1"/></method><method name="__cobertura_init" desc="()V"><counter type="INSTRUCTION" missed="0" covered="8"/><counter type="BRANCH" missed="0" covered="2"/><counter type="COMPLEXITY" missed="0" covered="2"/><counter type="METHOD" missed="0" covered="1"/></method><method name="__cobertura_classmap_0" desc="(Lnet/sourceforge/cobertura/coveragedata/LightClassmapListener;)V"><counter type="INSTRUCTION" missed="988" covered="0"/><counter type="COMPLEXITY" missed="1" covered="0"/><counter type="METHOD" missed="1" covered="0"/></method><method name="__cobertura_classmap" desc="(Lnet/sourceforge/cobertura/coveragedata/LightClassmapListener;)V"><counter type="INSTRUCTION" missed="11" covered="0"/><counter type="COMPLEXITY" missed="1" covered="0"/><counter type="METHOD" missed="1" covered="0"/></method><method name="__cobertura_get_and_reset_counters" desc="()[I"><counter type="INSTRUCTION" missed="8" covered="0"/><counter type="COMPLEXITY" missed="1" covered="0"/><counter type="METHOD" missed="1" covered="0"/></method><counter type="INSTRUCTION" missed="1058" covered="2168"/><counter type="BRANCH" missed="4" covered="80"/><counter type="LINE" missed="2" covered="121"/><counter type="COMPLEXITY" missed="7" covered="63"/><counter type="METHOD" missed="3" covered="25"/><counter type="CLASS" missed="0" covered="1"/></class><class name="org/davidmoten/text/utils/CharSequenceConcatRightTrim"><method name="&lt;init&gt;" desc="(Ljava/lang/CharSequence;Ljava/lang/CharSequence;)V" line="8"><counter type="INSTRUCTION" missed="0" covered="39"/><counter type="LINE" missed="0" covered="4"/><counter type="COMPLEXITY" missed="0" covered="1"/><counter type="METHOD" missed="0" covered="1"/></method><method name="length" desc="()I" line="15"><counter type="INSTRUCTION" missed="0" covered="84"/><counter type="BRANCH" missed="0" covered="4"/><counter type="LINE" missed="0" covered="4"/><counter type="COMPLEXITY" missed="0" covered="3"/><counter type="METHOD" missed="0" covered="1"/></method><method name="charAt" desc="(I)C" line="24"><counter type="INSTRUCTION" missed="0" covered="62"/><counter type="BRANCH" missed="0" covered="2"/><counter type="LINE" missed="0" covered="3"/><counter type="COMPLEXITY" missed="0" covered="2"/><counter type="METHOD" missed="0" covered="1"/></method><method name="subSequence" desc="(II)Ljava/lang/CharSequence;" line="33"><counter type="INSTRUCTION" missed="0" covered="16"/><counter type="LINE" missed="0" covered="1"/><counter type="COMPLEXITY" missed="0" covered="1"/><counter type="METHOD" missed="0" covered="1"/></method><method name="toString" desc="()Ljava/lang/String;" line="70"><counter type="INSTRUCTION" missed="0" covered="87"/><counter type="BRANCH" missed="0" covered="2"/><counter type="LINE" missed="0" covered="5"/><counter type="COMPLEXITY" missed="0" covered="2"/><counter type="METHOD" missed="0" covered="1"/></method><method name="&lt;clinit&gt;" desc="()V"><counter type="INSTRUCTION" missed="0" covered="2"/><counter type="COMPLEXITY" missed="0" covered="1"/><counter type="METHOD" missed="0" covered="1"/></method><method name="__cobertura_init" desc="()V"><counter type="INSTRUCTION" missed="0" covered="8"/><counter type="BRANCH" missed="1" covered="1"/><counter type="COMPLEXITY" missed="1" covered="1"/><counter type="METHOD" missed="0" covered="1"/></method><method name="__cobertura_classmap_0" desc="(Lnet/sourceforge/cobertura/coveragedata/LightClassmapListener;)V"><counter type="INSTRUCTION" missed="131" covered="0"/><counter type="COMPLEXITY" missed="1" covered="0"/><counter type="METHOD" missed="1" covered="0"/></method><method name="__cobertura_classmap" desc="(Lnet/sourceforge/cobertura/coveragedata/LightClassmapListener;)V"><counter type="INSTRUCTION" missed="11" covered="0"/><counter type="COMPLEXITY" missed="1" covered="0"/><counter type="METHOD" missed="1" covered="0"/></method><method name="__cobertura_get_and_reset_counters" desc="()[I"><counter type="INSTRUCTION" missed="8" covered="0"/><counter type="COMPLEXITY" missed="1" covered="0"/><counter type="METHOD" missed="1" covered="0"/></method><counter type="INSTRUCTION" missed="150" covered="298"/><counter type="BRANCH" missed="1" covered="9"/><counter type="LINE" missed="0" covered="17"/><counter type="COMPLEXITY" missed="4" covered="11"/><counter type="METHOD" missed="3" covered="7"/><counter type="CLASS" missed="0" covered="1"/></class><class name="org/davidmoten/text/utils/CharSequenceConcatRightTrim$1"><method name="&lt;init&gt;" desc="(Lorg/davidmoten/text/utils/CharSequenceConcatRightTrim;II)V" line="33"><counter type="INSTRUCTION" missed="0" covered="21"/><counter type="LINE" missed="0" covered="1"/><counter type="COMPLEXITY" missed="0" covered="1"/><counter type="METHOD" missed="0" covered="1"/></method><method name="length" desc="()I" line="37"><counter type="INSTRUCTION" missed="0" covered="15"/><counter type="LINE" missed="0" covered="1"/><counter type="COMPLEXITY" missed="0" covered="1"/><counter type="METHOD" missed="0" covered="1"/></method><method name="charAt" desc="(I)C" line="42"><counter type="INSTRUCTION" missed="0" covered="17"/><counter type="LINE" missed="0" covered="1"/><counter type="COMPLEXITY" missed="0" covered="1"/><counter type="METHOD" missed="0" covered="1"/></method><method name="subSequence" desc="(II)Ljava/lang/CharSequence;" line="48"><counter type="INSTRUCTION" missed="0" covered="79"/><counter type="BRANCH" missed="0" covered="2"/><counter type="LINE" missed="0" covered="4"/><counter type="COMPLEXITY" missed="0" covered="2"/><counter type="METHOD" missed="0" covered="1"/></method><method name="toString" desc="()Ljava/lang/String;" line="57"><counter type="INSTRUCTION" missed="0" covered="87"/><counter type="BRANCH" missed="0" covered="2"/><counter type="LINE" missed="0" covered="5"/><counter type="COMPLEXITY" missed="0" covered="2"/><counter type="METHOD" missed="0" covered="1"/></method><method name="&lt;clinit&gt;" desc="()V"><counter type="INSTRUCTION" missed="0" covered="2"/><counter type="COMPLEXITY" missed="0" covered="1"/><counter type="METHOD" missed="0" covered="1"/></method><method name="__cobertura_init" desc="()V"><counter type="INSTRUCTION" missed="0" covered="8"/><counter type="BRANCH" missed="1" covered="1"/><counter type="COMPLEXITY" missed="1" covered="1"/><counter type="METHOD" missed="0" covered="1"/></method><method name="__cobertura_classmap_0" desc="(Lnet/sourceforge/cobertura/coveragedata/LightClassmapListener;)V"><counter type="INSTRUCTION" missed="97" covered="0"/><counter type="COMPLEXITY" missed="1" covered="0"/><counter type="METHOD" missed="1" covered="0"/></method><method name="__cobertura_classmap" desc="(Lnet/sourceforge/cobertura/coveragedata/LightClassmapListener;)V"><counter type="INSTRUCTION" missed="11" covered="0"/><counter type="COMPLEXITY" missed="1" covered="0"/><counter type="METHOD" missed="1" covered="0"/></method><method name="__cobertura_get_and_reset_counters" desc="()[I"><counter type="INSTRUCTION" missed="8" covered="0"/><counter type="COMPLEXITY" missed="1" covered="0"/><counter type="METHOD" missed="1" covered="0"/></method><counter type="INSTRUCTION" missed="116" covered="229"/><counter type="BRANCH" missed="1" covered="5"/><counter type="LINE" missed="0" covered="12"/><counter type="COMPLEXITY" missed="4" covered="9"/><counter type="METHOD" missed="3" covered="7"/><counter type="CLASS" missed="0" covered="1"/></class><class name="org/davidmoten/text/utils/WordWrap$Builder"><method name="&lt;init&gt;" desc="(Ljava/io/Reader;Z)V" line="82"><counter type="INSTRUCTION" missed="0" covered="90"/><counter type="LINE" missed="0" covered="9"/><counter type="COMPLEXITY" missed="0" covered="1"/><counter type="METHOD" missed="0" covered="1"/></method><method name="maxWidth" desc="(Ljava/lang/Number;)Lorg/davidmoten/text/utils/WordWrap$Builder;" line="94"><counter type="INSTRUCTION" missed="0" covered="57"/><counter type="BRANCH" missed="0" covered="2"/><counter type="LINE" missed="0" covered="3"/><counter type="COMPLEXITY" missed="0" covered="2"/><counter type="METHOD" missed="0" covered="1"/></method><method name="stringWidth" desc="(Ljava/util/function/Function;)Lorg/davidmoten/text/utils/WordWrap$Builder;" line="100"><counter type="INSTRUCTION" missed="0" covered="21"/><counter type="LINE" missed="0" covered="2"/><counter type="COMPLEXITY" missed="0" covered="1"/><counter type="METHOD" missed="0" covered="1"/></method><method name="newLine" desc="(Ljava/lang/String;)Lorg/davidmoten/text/utils/WordWrap$Builder;" line="105"><counter type="INSTRUCTION" missed="0" covered="21"/><counter type="LINE" missed="0" covered="2"/><counter type="COMPLEXITY" missed="0" covered="1"/><counter type="METHOD" missed="0" covered="1"/></method><method name="wordChars" desc="(Ljava/util/Set;)Lorg/davidmoten/text/utils/WordWrap$Builder;" line="110"><counter type="INSTRUCTION" missed="0" covered="21"/><counter type="LINE" missed="0" covered="2"/><counter type="COMPLEXITY" missed="0" covered="1"/><counter type="METHOD" missed="0" covered="1"/></method><method name="wordChars" desc="(Ljava/lang/String;)Lorg/davidmoten/text/utils/WordWrap$Builder;" line="115"><counter type="INSTRUCTION" missed="0" covered="14"/><counter type="LINE" missed="0" covered="1"/><counter type="COMPLEXITY" missed="0" covered="1"/><counter type="METHOD" missed="0" covered="1"/></method><method name="includeWordChars" desc="(Ljava/lang/String;)Lorg/davidmoten/text/utils/WordWrap$Builder;" line="119"><counter type="INSTRUCTION" missed="0" covered="33"/><counter type="LINE" missed="0" covered="3"/><counter type="COMPLEXITY" missed="0" covered="1"/><counter type="METHOD" missed="0" covered="1"/></method><method name="excludeWordChars" desc="(Ljava/lang/String;)Lorg/davidmoten/text/utils/WordWrap$Builder;" line="125"><counter type="INSTRUCTION" missed="0" covered="33"/><counter type="LINE" missed="0" covered="3"/><counter type="COMPLEXITY" missed="0" covered="1"/><counter type="METHOD" missed="0" covered="1"/></method><method name="insertHyphens" desc="(Z)Lorg/davidmoten/text/utils/WordWrap$Builder;" line="131"><counter type="INSTRUCTION" missed="0" covered="21"/><counter type="LINE" missed="0" covered="2"/><counter type="COMPLEXITY" missed="0" covered="1"/><counter type="METHOD" missed="0" covered="1"/></method><method name="wrap" desc="(Ljava/io/Writer;)V" line="137"><counter type="INSTRUCTION" missed="0" covered="122"/><counter type="BRANCH" missed="1" covered="3"/><counter type="LINE" missed="0" covered="7"/><counter type="COMPLEXITY" missed="1" covered="2"/><counter type="METHOD" missed="0" covered="1"/></method><method name="wrap" desc="(Ljava/io/File;Ljava/nio/charset/Charset;)V" line="148"><counter type="INSTRUCTION" missed="73" covered="111"/><counter type="BRANCH" missed="6" covered="2"/><counter type="LINE" missed="0" covered="6"/><counter type="COMPLEXITY" missed="4" covered="1"/><counter type="METHOD" missed="0" covered="1"/></method><method name="wrapUtf8" desc="(Ljava/io/File;)V" line="156"><counter type="INSTRUCTION" missed="0" covered="21"/><counter type="LINE" missed="0" covered="2"/><counter type="COMPLEXITY" missed="0" covered="1"/><counter type="METHOD" missed="0" covered="1"/></method><method name="wrapUtf8" desc="(Ljava/lang/String;)V" line="160"><counter type="INSTRUCTION" missed="0" covered="23"/><counter type="LINE" missed="0" covered="2"/><counter type="COMPLEXITY" missed="0" covered="1"/><counter type="METHOD" missed="0" covered="1"/></method><method name="wrap" desc="(Ljava/lang/String;Ljava/nio/charset/Charset;)V" line="164"><counter type="INSTRUCTION" missed="0" covered="24"/><counter type="LINE" missed="0" covered="2"/><counter type="COMPLEXITY" missed="0" covered="1"/><counter type="METHOD" missed="0" covered="1"/></method><method name="wrap" desc="()Ljava/lang/String;" line="168"><counter type="INSTRUCTION" missed="95" covered="88"/><counter type="BRANCH" missed="6" covered="2"/><counter type="LINE" missed="1" covered="4"/><counter type="COMPLEXITY" missed="4" covered="1"/><counter type="METHOD" missed="0" covered="1"/></method><method name="&lt;clinit&gt;" desc="()V"><counter type="INSTRUCTION" missed="0" covered="2"/><counter type="COMPLEXITY" missed="0" covered="1"/><counter type="METHOD" missed="0" covered="1"/></method><method name="__cobertura_init" desc="()V"><counter type="INSTRUCTION" missed="0" covered="8"/><counter type="BRANCH" missed="1" covered="1"/><counter type="COMPLEXITY" missed="1" covered="1"/><counter type="METHOD" missed="0" covered="1"/></method><method name="__cobertura_classmap_0" desc="(Lnet/sourceforge/cobertura/coveragedata/LightClassmapListener;)V"><counter type="INSTRUCTION" missed="363" covered="0"/><counter type="COMPLEXITY" missed="1" covered="0"/><counter type="METHOD" missed="1" covered="0"/></method><method name="__cobertura_classmap" desc="(Lnet/sourceforge/cobertura/coveragedata/LightClassmapListener;)V"><counter type="INSTRUCTION" missed="11" covered="0"/><counter type="COMPLEXITY" missed="1" covered="0"/><counter type="METHOD" missed="1" covered="0"/></method><method name="__cobertura_get_and_reset_counters" desc="()[I"><counter type="INSTRUCTION" missed="8" covered="0"/><counter type="COMPLEXITY" missed="1" covered="0"/><counter type="METHOD" missed="1" covered="0"/></method><counter type="INSTRUCTION" missed="550" covered="710"/><counter type="BRANCH" missed="14" covered="10"/><counter type="LINE" missed="1" covered="50"/><counter type="COMPLEXITY" missed="13" covered="19"/><counter type="METHOD" missed="3" covered="17"/><counter type="CLASS" missed="0" covered="1"/></class><class name="org/davidmoten/text/utils/IORuntimeException"><method name="&lt;init&gt;" desc="(Ljava/io/IOException;)V" line="10"><counter type="INSTRUCTION" missed="0" covered="20"/><counter type="LINE" missed="0" covered="2"/><counter type="COMPLEXITY" missed="0" covered="1"/><counter type="METHOD" missed="0" covered="1"/></method><method name="&lt;clinit&gt;" desc="()V"><counter type="INSTRUCTION" missed="0" covered="2"/><counter type="COMPLEXITY" missed="0" covered="1"/><counter type="METHOD" missed="0" covered="1"/></method><method name="__cobertura_init" desc="()V"><counter type="INSTRUCTION" missed="0" covered="8"/><counter type="BRANCH" missed="1" covered="1"/><counter type="COMPLEXITY" missed="1" covered="1"/><counter type="METHOD" missed="0" covered="1"/></method><method name="__cobertura_classmap_0" desc="(Lnet/sourceforge/cobertura/coveragedata/LightClassmapListener;)V"><counter type="INSTRUCTION" missed="15" covered="0"/><counter type="COMPLEXITY" missed="1" covered="0"/><counter type="METHOD" missed="1" covered="0"/></method><method name="__cobertura_classmap" desc="(Lnet/sourceforge/cobertura/coveragedata/LightClassmapListener;)V"><counter type="INSTRUCTION" missed="11" covered="0"/><counter type="COMPLEXITY" missed="1" covered="0"/><counter type="METHOD" missed="1" covered="0"/></method><method name="__cobertura_get_and_reset_counters" desc="()[I"><counter type="INSTRUCTION" missed="8" covered="0"/><counter type="COMPLEXITY" missed="1" covered="0"/><counter type="METHOD" missed="1" covered="0"/></method><counter type="INSTRUCTION" missed="34" covered="30"/><counter type="BRANCH" missed="1" covered="1"/><counter type="LINE" missed="0" covered="2"/><counter type="COMPLEXITY" missed="4" covered="3"/><counter type="METHOD" missed="3" covered="3"/><counter type="CLASS" missed="0" covered="1"/></class><sourcefile name="CharSequenceReader.java"><line nr="35" mi="0" ci="9" mb="0" cb="0"/><line nr="36" mi="0" ci="12" mb="0" cb="0"/><line nr="37" mi="0" ci="8" mb="0" cb="0"/><line nr="40" mi="0" ci="21" mb="0" cb="2"/><line nr="41" mi="0" ci="12" mb="0" cb="0"/><line nr="43" mi="0" ci="17" mb="0" cb="0"/><line nr="46" mi="0" ci="34" mb="0" cb="2"/><line nr="50" mi="0" ci="14" mb="0" cb="0"/><line nr="55" mi="0" ci="10" mb="0" cb="0"/><line nr="56" mi="0" ci="9" mb="0" cb="0"/><line nr="57" mi="0" ci="21" mb="0" cb="2"/><line nr="58" mi="0" ci="9" mb="0" cb="0"/><line nr="60" mi="0" ci="22" mb="0" cb="0"/><line nr="61" mi="0" ci="32" mb="0" cb="2"/><line nr="62" mi="0" ci="20" mb="0" cb="0"/><line nr="64" mi="0" ci="18" mb="0" cb="0"/><line nr="69" mi="0" ci="9" mb="0" cb="0"/><line nr="70" mi="0" ci="43" mb="0" cb="2"/><line nr="75" mi="0" ci="50" mb="0" cb="6"/><line nr="76" mi="0" ci="20" mb="0" cb="0"/><line nr="78" mi="0" ci="18" mb="0" cb="0"/><line nr="79" mi="0" ci="21" mb="0" cb="2"/><line nr="80" mi="0" ci="9" mb="0" cb="0"/><line nr="82" mi="0" ci="21" mb="0" cb="0"/><line nr="83" mi="0" ci="32" mb="0" cb="2"/><line nr="84" mi="0" ci="22" mb="0" cb="0"/><line nr="86" mi="0" ci="18" mb="0" cb="0"/><line nr="91" mi="0" ci="36" mb="0" cb="2"/><line nr="92" mi="0" ci="9" mb="0" cb="0"/><line nr="93" mi="0" ci="14" mb="0" cb="0"/><line nr="94" mi="0" ci="13" mb="0" cb="0"/><line nr="95" mi="0" ci="10" mb="0" cb="0"/><line nr="100" mi="0" ci="9" mb="0" cb="0"/><line nr="101" mi="0" ci="9" mb="0" cb="0"/><line nr="106" mi="0" ci="9" mb="0" cb="0"/><line nr="111" mi="0" ci="34" mb="0" cb="2"/><line nr="112" mi="0" ci="9" mb="0" cb="0"/><line nr="113" mi="0" ci="11" mb="0" cb="0"/><line nr="114" mi="0" ci="8" mb="0" cb="0"/><line nr="118" mi="0" ci="9" mb="0" cb="0"/><line nr="119" mi="0" ci="11" mb="0" cb="0"/><line nr="120" mi="0" ci="8" mb="0" cb="0"/><line nr="124" mi="0" ci="10" mb="0" cb="0"/><line nr="125" mi="0" ci="8" mb="0" cb="0"/><counter type="INSTRUCTION" missed="358" covered="784"/><counter type="BRANCH" missed="1" covered="25"/><counter type="LINE" missed="0" covered="44"/><counter type="COMPLEXITY" missed="4" covered="27"/><counter type="METHOD" missed="3" covered="15"/><counter type="CLASS" missed="0" covered="1"/></sourcefile><sourcefile name="StringBuilder2.java"><line nr="11" mi="0" ci="13" mb="0" cb="0"/><line nr="12" mi="0" ci="8" mb="0" cb="0"/><line nr="15" mi="0" ci="12" mb="0" cb="0"/><line nr="16" mi="0" ci="8" mb="0" cb="0"/><line nr="18" mi="0" ci="9" mb="0" cb="0"/><line nr="19" mi="0" ci="10" mb="0" cb="0"/><line nr="20" mi="0" ci="10" mb="0" cb="0"/><line nr="21" mi="0" ci="8" mb="0" cb="0"/><line nr="24" mi="0" ci="10" mb="0" cb="0"/><line nr="29" mi="0" ci="10" mb="0" cb="0"/><line nr="34" mi="0" ci="12" mb="0" cb="0"/><line nr="39" mi="0" ci="12" mb="0" cb="0"/><line nr="40" mi="0" ci="16" mb="0" cb="0"/><line nr="41" mi="0" ci="14" mb="0" cb="0"/><line nr="45" mi="0" ci="10" mb="0" cb="0"/><line nr="46" mi="0" ci="10" mb="0" cb="0"/><line nr="47" mi="0" ci="16" mb="0" cb="0"/><line nr="48" mi="0" ci="13" mb="0" cb="0"/><line nr="49" mi="0" ci="8" mb="0" cb="0"/><line nr="52" mi="0" ci="26" mb="0" cb="2"/><line nr="53" mi="0" ci="17" mb="0" cb="0"/><line nr="55" mi="0" ci="17" mb="0" cb="0"/><line nr="58" mi="0" ci="10" mb="0" cb="0"/><line nr="59" mi="0" ci="8" mb="0" cb="0"/><line nr="62" mi="0" ci="10" mb="0" cb="0"/><line nr="63" mi="0" ci="13" mb="0" cb="0"/><line nr="64" mi="0" ci="13" mb="0" cb="0"/><line nr="65" mi="0" ci="8" mb="0" cb="0"/><line nr="68" mi="0" ci="18" mb="0" cb="0"/><line nr="69" mi="0" ci="15" mb="0" cb="0"/><line nr="70" mi="0" ci="8" mb="0" cb="0"/><line nr="73" mi="0" ci="17" mb="0" cb="0"/><line nr="78" mi="0" ci="16" mb="0" cb="0"/><counter type="INSTRUCTION" missed="225" covered="443"/><counter type="BRANCH" missed="1" covered="3"/><counter type="LINE" missed="0" covered="33"/><counter type="COMPLEXITY" missed="4" covered="17"/><counter type="METHOD" missed="3" covered="16"/><counter type="CLASS" missed="0" covered="1"/></sourcefile><sourcefile name="WordWrap.java"><line nr="26" mi="0" ci="9" mb="0" cb="0"/><line nr="28" mi="0" ci="8" mb="0" cb="0"/><line nr="32" mi="0" ci="10" mb="0" cb="0"/><line nr="34" mi="0" ci="21" mb="0" cb="0"/><line nr="39" mi="0" ci="11" mb="0" cb="0"/><line nr="43" mi="0" ci="11" mb="0" cb="0"/><line nr="47" mi="0" ci="23" mb="0" cb="0"/><line nr="48" mi="0" ci="13" mb="0" cb="0"/><line nr="53" mi="0" ci="13" mb="0" cb="0"/><line nr="57" mi="0" ci="14" mb="0" cb="0"/><line nr="61" mi="0" ci="11" mb="0" cb="0"/><line nr="65" mi="0" ci="17" mb="0" cb="0"/><line nr="70" mi="0" ci="21" mb="0" cb="0"/><line nr="73" mi="0" ci="8" mb="0" cb="0"/><line nr="74" mi="0" ci="12" mb="0" cb="0"/><line nr="82" mi="0" ci="11" mb="0" cb="0"/><line nr="83" mi="0" ci="10" mb="0" cb="0"/><line nr="84" mi="0" ci="10" mb="0" cb="0"/><line nr="85" mi="0" ci="10" mb="0" cb="0"/><line nr="86" mi="0" ci="10" mb="0" cb="0"/><line nr="88" mi="0" ci="9" mb="0" cb="0"/><line nr="89" mi="0" ci="10" mb="0" cb="0"/><line nr="90" mi="0" ci="10" mb="0" cb="0"/><line nr="91" mi="0" ci="8" mb="0" cb="0"/><line nr="94" mi="0" ci="36" mb="0" cb="2"/><line nr="95" mi="0" ci="10" mb="0" cb="0"/><line nr="96" mi="0" ci="9" mb="0" cb="0"/><line nr="100" mi="0" ci="10" mb="0" cb="0"/><line nr="101" mi="0" ci="9" mb="0" cb="0"/><line nr="105" mi="0" ci="10" mb="0" cb="0"/><line nr="106" mi="0" ci="9" mb="0" cb="0"/><line nr="110" mi="0" ci="10" mb="0" cb="0"/><line nr="111" mi="0" ci="9" mb="0" cb="0"/><line nr="115" mi="0" ci="12" mb="0" cb="0"/><line nr="119" mi="0" ci="10" mb="0" cb="0"/><line nr="120" mi="0" ci="12" mb="0" cb="0"/><line nr="121" mi="0" ci="9" mb="0" cb="0"/><line nr="125" mi="0" ci="10" mb="0" cb="0"/><line nr="126" mi="0" ci="12" mb="0" cb="0"/><line nr="127" mi="0" ci="9" mb="0" cb="0"/><line nr="131" mi="0" ci="10" mb="0" cb="0"/><line nr="132" mi="0" ci="9" mb="0" cb="0"/><line nr="137" mi="0" ci="21" mb="0" cb="0"/><line nr="138" mi="0" ci="8" mb="0" cb="0"/><line nr="139" mi="0" ci="12" mb="0" cb="0"/><line nr="141" mi="0" ci="32" mb="1" cb="3"/><line nr="142" mi="0" ci="21" mb="0" cb="0"/><line nr="144" mi="0" ci="9" mb="0" cb="0"/><line nr="145" mi="0" ci="17" mb="0" cb="0"/><line nr="148" mi="12" ci="18" mb="0" cb="0"/><line nr="149" mi="0" ci="10" mb="0" cb="0"/><line nr="150" mi="61" ci="44" mb="6" cb="2"/><line nr="151" mi="0" ci="12" mb="0" cb="0"/><line nr="152" mi="0" ci="17" mb="0" cb="0"/><line nr="153" mi="0" ci="8" mb="0" cb="0"/><line nr="156" mi="0" ci="11" mb="0" cb="0"/><line nr="157" mi="0" ci="8" mb="0" cb="0"/><line nr="160" mi="0" ci="13" mb="0" cb="0"/><line nr="161" mi="0" ci="8" mb="0" cb="0"/><line nr="164" mi="0" ci="14" mb="0" cb="0"/><line nr="165" mi="0" ci="8" mb="0" cb="0"/><line nr="168" mi="12" ci="13" mb="0" cb="0"/><line nr="169" mi="0" ci="10" mb="0" cb="0"/><line nr="170" mi="0" ci="28" mb="0" cb="0"/><line nr="171" mi="71" ci="35" mb="6" cb="2"/><line nr="172" mi="12" ci="0" mb="0" cb="0"/><line nr="181" mi="0" ci="9" mb="0" cb="0"/><line nr="182" mi="0" ci="8" mb="0" cb="0"/><line nr="183" mi="0" ci="12" mb="0" cb="0"/><line nr="184" mi="0" ci="8" mb="0" cb="0"/><line nr="185" mi="0" ci="8" mb="0" cb="0"/><line nr="188" mi="0" ci="11" mb="0" cb="0"/><line nr="189" mi="0" ci="33" mb="0" cb="2"/><line nr="190" mi="0" ci="14" mb="0" cb="0"/><line nr="192" mi="0" ci="18" mb="0" cb="0"/><line nr="198" mi="0" ci="11" mb="0" cb="0"/><line nr="199" mi="0" ci="11" mb="0" cb="0"/><line nr="200" mi="0" ci="11" mb="0" cb="0"/><line nr="201" mi="0" ci="10" mb="0" cb="0"/><line nr="202" mi="0" ci="9" mb="0" cb="0"/><line nr="203" mi="0" ci="9" mb="0" cb="0"/><line nr="204" mi="0" ci="9" mb="0" cb="0"/><line nr="206" mi="0" ci="10" mb="0" cb="0"/><line nr="207" mi="0" ci="21" mb="0" cb="2"/><line nr="208" mi="0" ci="8" mb="0" cb="0"/><line nr="210" mi="0" ci="19" mb="0" cb="0"/><line nr="211" mi="0" ci="59" mb="0" cb="4"/><line nr="212" mi="0" ci="21" mb="0" cb="2"/><line nr="213" mi="0" ci="10" mb="0" cb="0"/><line nr="214" mi="0" ci="21" mb="0" cb="2"/><line nr="215" mi="0" ci="14" mb="0" cb="0"/><line nr="217" mi="0" ci="19" mb="0" cb="0"/><line nr="218" mi="0" ci="10" mb="0" cb="0"/><line nr="219" mi="0" ci="10" mb="0" cb="0"/><line nr="220" mi="0" ci="10" mb="0" cb="0"/><line nr="221" mi="0" ci="31" mb="0" cb="2"/><line nr="223" mi="0" ci="42" mb="0" cb="4"/><line nr="224" mi="0" ci="10" mb="0" cb="0"/><line nr="225" mi="0" ci="34" mb="0" cb="4"/><line nr="226" mi="0" ci="9" mb="0" cb="0"/><line nr="228" mi="0" ci="32" mb="0" cb="2"/><line nr="229" mi="0" ci="21" mb="0" cb="2"/><line nr="230" mi="0" ci="11" mb="0" cb="0"/><line nr="231" mi="0" ci="9" mb="0" cb="0"/><line nr="232" mi="9" ci="14" mb="1" cb="1"/><line nr="233" mi="13" ci="0" mb="0" cb="0"/><line nr="235" mi="0" ci="19" mb="0" cb="0"/><line nr="238" mi="0" ci="22" mb="0" cb="0"/><line nr="242" mi="0" ci="44" mb="0" cb="4"/><line nr="243" mi="0" ci="10" mb="0" cb="0"/><line nr="244" mi="0" ci="20" mb="0" cb="2"/><line nr="245" mi="0" ci="9" mb="0" cb="0"/><line nr="248" mi="0" ci="19" mb="0" cb="0"/><line nr="249" mi="0" ci="23" mb="0" cb="2"/><line nr="250" mi="10" ci="25" mb="1" cb="1"/><line nr="253" mi="0" ci="21" mb="1" cb="1"/><line nr="254" mi="0" ci="12" mb="0" cb="0"/><line nr="256" mi="19" ci="0" mb="0" cb="0"/><line nr="258" mi="0" ci="9" mb="0" cb="0"/><line nr="261" mi="0" ci="59" mb="0" cb="4"/><line nr="262" mi="0" ci="8" mb="0" cb="0"/><line nr="263" mi="0" ci="21" mb="0" cb="2"/><line nr="264" mi="0" ci="18" mb="0" cb="0"/><line nr="265" mi="0" ci="20" mb="0" cb="2"/><line nr="266" mi="0" ci="10" mb="0" cb="0"/><line nr="268" mi="0" ci="19" mb="0" cb="0"/><line nr="269" mi="0" ci="8" mb="0" cb="0"/><line nr="270" mi="0" ci="29" mb="0" cb="2"/><line nr="271" mi="0" ci="9" mb="0" cb="0"/><line nr="273" mi="0" ci="30" mb="0" cb="2"/><line nr="274" mi="0" ci="14" mb="0" cb="0"/><line nr="277" mi="0" ci="17" mb="0" cb="0"/><line nr="280" mi="0" ci="13" mb="0" cb="0"/><line nr="284" mi="0" ci="36" mb="0" cb="2"/><line nr="289" mi="0" ci="39" mb="0" cb="2"/><line nr="294" mi="0" ci="10" mb="0" cb="0"/><line nr="295" mi="0" ci="20" mb="0" cb="2"/><line nr="296" mi="0" ci="25" mb="0" cb="2"/><line nr="297" mi="0" ci="9" mb="0" cb="0"/><line nr="302" mi="0" ci="31" mb="0" cb="2"/><line nr="303" mi="0" ci="12" mb="0" cb="0"/><line nr="305" mi="0" ci="18" mb="0" cb="0"/><line nr="310" mi="0" ci="42" mb="0" cb="2"/><line nr="311" mi="0" ci="23" mb="0" cb="2"/><line nr="312" mi="0" ci="9" mb="0" cb="0"/><line nr="315" mi="0" ci="18" mb="0" cb="0"/><line nr="323" mi="0" ci="42" mb="0" cb="2"/><line nr="324" mi="0" ci="23" mb="0" cb="2"/><line nr="325" mi="0" ci="8" mb="0" cb="0"/><line nr="328" mi="0" ci="44" mb="0" cb="4"/><line nr="329" mi="0" ci="11" mb="0" cb="0"/><line nr="331" mi="0" ci="17" mb="0" cb="0"/><line nr="334" mi="0" ci="12" mb="0" cb="0"/><line nr="335" mi="0" ci="9" mb="0" cb="0"/><line nr="336" mi="0" ci="10" mb="0" cb="0"/><line nr="340" mi="0" ci="10" mb="0" cb="0"/><line nr="341" mi="0" ci="10" mb="0" cb="0"/><line nr="342" mi="0" ci="8" mb="0" cb="0"/><line nr="349" mi="0" ci="38" mb="1" cb="3"/><line nr="350" mi="0" ci="26" mb="0" cb="2"/><line nr="351" mi="0" ci="10" mb="0" cb="0"/><line nr="352" mi="0" ci="10" mb="0" cb="0"/><line nr="353" mi="0" ci="10" mb="0" cb="0"/><line nr="354" mi="0" ci="15" mb="0" cb="0"/><line nr="356" mi="0" ci="24" mb="0" cb="0"/><line nr="357" mi="0" ci="21" mb="0" cb="2"/><line nr="358" mi="0" ci="10" mb="0" cb="0"/><line nr="360" mi="0" ci="19" mb="0" cb="0"/><line nr="361" mi="0" ci="14" mb="0" cb="0"/><line nr="363" mi="0" ci="8" mb="0" cb="0"/><line nr="367" mi="0" ci="14" mb="0" cb="0"/><line nr="368" mi="0" ci="10" mb="0" cb="0"/><line nr="369" mi="0" ci="10" mb="0" cb="0"/><line nr="370" mi="0" ci="8" mb="0" cb="0"/><counter type="INSTRUCTION" missed="1608" covered="2878"/><counter type="BRANCH" missed="18" covered="90"/><counter type="LINE" missed="3" covered="171"/><counter type="COMPLEXITY" missed="20" covered="82"/><counter type="METHOD" missed="6" covered="42"/><counter type="CLASS" missed="0" covered="2"/></sourcefile><sourcefile name="IORuntimeException.java"><line nr="10" mi="0" ci="10" mb="0" cb="0"/><line nr="11" mi="0" ci="8" mb="0" cb="0"/><counter type="INSTRUCTION" missed="34" covered="30"/><counter type="BRANCH" missed="1" covered="1"/><counter type="LINE" missed="0" covered="2"/><counter type="COMPLEXITY" missed="4" covered="3"/><counter type="METHOD" missed="3" covered="3"/><counter type="CLASS" missed="0" covered="1"/></sourcefile><sourcefile name="CharSequenceConcatRightTrim.java"><line nr="8" mi="0" ci="9" mb="0" cb="0"/><line nr="9" mi="0" ci="10" mb="0" cb="0"/><line nr="10" mi="0" ci="10" mb="0" cb="0"/><line nr="11" mi="0" ci="8" mb="0" cb="0"/><line nr="15" mi="0" ci="17" mb="0" cb="0"/><line nr="16" mi="0" ci="36" mb="0" cb="4"/><line nr="17" mi="0" ci="9" mb="0" cb="0"/><line nr="19" mi="0" ci="20" mb="0" cb="0"/><line nr="24" mi="0" ci="23" mb="0" cb="2"/><line nr="25" mi="0" ci="12" mb="0" cb="0"/><line nr="27" mi="0" ci="25" mb="0" cb="0"/><line nr="33" mi="0" ci="33" mb="0" cb="0"/><line nr="37" mi="0" ci="13" mb="0" cb="0"/><line nr="42" mi="0" ci="15" mb="0" cb="0"/><line nr="48" mi="0" ci="14" mb="0" cb="0"/><line nr="49" mi="0" ci="32" mb="0" cb="2"/><line nr="50" mi="0" ci="13" mb="0" cb="0"/><line nr="52" mi="0" ci="18" mb="0" cb="0"/><line nr="57" mi="0" ci="11" mb="0" cb="0"/><line nr="58" mi="0" ci="10" mb="0" cb="0"/><line nr="59" mi="0" ci="32" mb="0" cb="2"/><line nr="60" mi="0" ci="13" mb="0" cb="0"/><line nr="62" mi="0" ci="19" mb="0" cb="0"/><line nr="70" mi="0" ci="11" mb="0" cb="0"/><line nr="71" mi="0" ci="10" mb="0" cb="0"/><line nr="72" mi="0" ci="32" mb="0" cb="2"/><line nr="73" mi="0" ci="13" mb="0" cb="0"/><line nr="75" mi="0" ci="19" mb="0" cb="0"/><counter type="INSTRUCTION" missed="266" covered="527"/><counter type="BRANCH" missed="2" covered="14"/><counter type="LINE" missed="0" covered="28"/><counter type="COMPLEXITY" missed="8" covered="20"/><counter type="METHOD" missed="6" covered="14"/><counter type="CLASS" missed="0" covered="2"/></sourcefile><counter type="INSTRUCTION" missed="2491" covered="4662"/><counter type="BRANCH" missed="23" covered="133"/><counter type="LINE" missed="3" covered="278"/><counter type="COMPLEXITY" missed="40" covered="149"/><counter type="METHOD" missed="21" covered="90"/><counter type="CLASS" missed="0" covered="7"/></package><counter type="INSTRUCTION" missed="2491" covered="4662"/><counter type="BRANCH" missed="23" covered="133"/><counter type="LINE" missed="3" covered="278"/><counter type="COMPLEXITY" missed="40" covered="149"/><counter type="METHOD" missed="21" covered="90"/><counter type="CLASS" missed="0" covered="7"/></report>