<?xml version="1.0" encoding="UTF-8" standalone="yes"?><!DOCTYPE report PUBLIC "-//JACOCO//DTD Report 1.0//EN" "report.dtd"><report name="word-wrap"><sessioninfo id="hp-ea039e71" start="1530707816460" dump="1530707817659"/><sessioninfo id="hp-5d80eb7" start="1530709647817" dump="1530709649769"/><package name="org/davidmoten/text/utils"><class name="org/davidmoten/text/utils/CharSequenceReader"><method name="&lt;init&gt;" desc="(Ljava/lang/CharSequence;)V" line="35"><counter type="INSTRUCTION" missed="0" covered="38"/><counter type="LINE" missed="0" covered="4"/><counter type="COMPLEXITY" missed="0" covered="1"/><counter type="METHOD" missed="0" covered="1"/></method><method name="checkOpen" desc="()V" line="41"><counter type="INSTRUCTION" missed="21" covered="31"/><counter type="BRANCH" missed="1" covered="1"/><counter type="LINE" missed="1" covered="2"/><counter type="COMPLEXITY" missed="1" covered="1"/><counter type="METHOD" missed="0" covered="1"/></method><method name="hasRemaining" desc="()Z" line="47"><counter type="INSTRUCTION" missed="0" covered="36"/><counter type="BRANCH" missed="0" covered="2"/><counter type="LINE" missed="0" covered="1"/><counter type="COMPLEXITY" missed="0" covered="2"/><counter type="METHOD" missed="0" covered="1"/></method><method name="remaining" desc="()I" line="51"><counter type="INSTRUCTION" missed="0" covered="16"/><counter type="LINE" missed="0" covered="1"/><counter type="COMPLEXITY" missed="0" covered="1"/><counter type="METHOD" missed="0" covered="1"/></method><method name="read" desc="(Ljava/nio/CharBuffer;)I" line="56"><counter type="INSTRUCTION" missed="142" covered="0"/><counter type="BRANCH" missed="4" covered="0"/><counter type="LINE" missed="8" covered="0"/><counter type="COMPLEXITY" missed="3" covered="0"/><counter type="METHOD" missed="1" covered="0"/></method><method name="read" desc="()I" line="70"><counter type="INSTRUCTION" missed="0" covered="54"/><counter type="BRANCH" missed="0" covered="2"/><counter type="LINE" missed="0" covered="2"/><counter type="COMPLEXITY" missed="0" covered="2"/><counter type="METHOD" missed="0" covered="1"/></method><method name="read" desc="([CII)I" line="76"><counter type="INSTRUCTION" missed="184" covered="0"/><counter type="BRANCH" missed="8" covered="0"/><counter type="LINE" missed="8" covered="0"/><counter type="COMPLEXITY" missed="5" covered="0"/><counter type="METHOD" missed="1" covered="0"/></method><method name="skip" desc="(J)J" line="90"><counter type="INSTRUCTION" missed="84" covered="0"/><counter type="BRANCH" missed="2" covered="0"/><counter type="LINE" missed="5" covered="0"/><counter type="COMPLEXITY" missed="2" covered="0"/><counter type="METHOD" missed="1" covered="0"/></method><method name="ready" desc="()Z" line="99"><counter type="INSTRUCTION" missed="20" covered="0"/><counter type="LINE" missed="2" covered="0"/><counter type="COMPLEXITY" missed="1" covered="0"/><counter type="METHOD" missed="1" covered="0"/></method><method name="markSupported" desc="()Z" line="105"><counter type="INSTRUCTION" missed="11" covered="0"/><counter type="LINE" missed="1" covered="0"/><counter type="COMPLEXITY" missed="1" covered="0"/><counter type="METHOD" missed="1" covered="0"/></method><method name="mark" desc="(I)V" line="110"><counter type="INSTRUCTION" missed="64" covered="0"/><counter type="BRANCH" missed="2" covered="0"/><counter type="LINE" missed="4" covered="0"/><counter type="COMPLEXITY" missed="2" covered="0"/><counter type="METHOD" missed="1" covered="0"/></method><method name="reset" desc="()V" line="117"><counter type="INSTRUCTION" missed="30" covered="0"/><counter type="LINE" missed="3" covered="0"/><counter type="COMPLEXITY" missed="1" covered="0"/><counter type="METHOD" missed="1" covered="0"/></method><method name="close" desc="()V" line="123"><counter type="INSTRUCTION" missed="0" covered="20"/><counter type="LINE" missed="0" covered="2"/><counter type="COMPLEXITY" missed="0" covered="1"/><counter type="METHOD" missed="0" covered="1"/></method><method name="&lt;clinit&gt;" desc="()V"><counter type="INSTRUCTION" missed="0" covered="2"/><counter type="COMPLEXITY" missed="0" covered="1"/><counter type="METHOD" missed="0" covered="1"/></method><method name="__cobertura_init" desc="()V"><counter type="INSTRUCTION" missed="0" covered="8"/><counter type="BRANCH" missed="1" covered="1"/><counter type="COMPLEXITY" missed="1" covered="1"/><counter type="METHOD" missed="0" covered="1"/></method><method name="__cobertura_classmap_0" desc="(Lnet/sourceforge/cobertura/coveragedata/LightClassmapListener;)V"><counter type="INSTRUCTION" missed="334" covered="0"/><counter type="COMPLEXITY" missed="1" covered="0"/><counter type="METHOD" missed="1" covered="0"/></method><method name="__cobertura_classmap" desc="(Lnet/sourceforge/cobertura/coveragedata/LightClassmapListener;)V"><counter type="INSTRUCTION" missed="11" covered="0"/><counter type="COMPLEXITY" missed="1" covered="0"/><counter type="METHOD" missed="1" covered="0"/></method><method name="__cobertura_get_and_reset_counters" desc="()[I"><counter type="INSTRUCTION" missed="8" covered="0"/><counter type="COMPLEXITY" missed="1" covered="0"/><counter type="METHOD" missed="1" covered="0"/></method><counter type="INSTRUCTION" missed="909" covered="205"/><counter type="BRANCH" missed="18" covered="6"/><counter type="LINE" missed="32" covered="12"/><counter type="COMPLEXITY" missed="20" covered="10"/><counter type="METHOD" missed="10" covered="8"/><counter type="CLASS" missed="0" covered="1"/></class><class name="org/davidmoten/text/utils/Text"><method name="&lt;init&gt;" desc="()V" line="14"><counter type="INSTRUCTION" missed="12" covered="0"/><counter type="LINE" missed="1" covered="0"/><counter type="COMPLEXITY" missed="1" covered="0"/><counter type="METHOD" missed="1" covered="0"/></method><method name="wordWrap" desc="(Ljava/lang/String;I)Ljava/lang/String;" line="24"><counter type="INSTRUCTION" missed="0" covered="16"/><counter type="LINE" missed="0" covered="1"/><counter type="COMPLEXITY" missed="0" covered="1"/><counter type="METHOD" missed="0" covered="1"/></method><method name="wordWrap" desc="(Ljava/lang/CharSequence;Ljava/lang/Number;Ljava/util/function/Function;)Ljava/lang/String;" line="29"><counter type="INSTRUCTION" missed="199" covered="136"/><counter type="BRANCH" missed="12" covered="4"/><counter type="LINE" missed="1" covered="4"/><counter type="COMPLEXITY" missed="8" covered="1"/><counter type="METHOD" missed="0" covered="1"/></method><method name="wordWrap" desc="(Ljava/io/Reader;Ljava/io/Writer;Ljava/lang/Number;)V" line="38"><counter type="INSTRUCTION" missed="0" covered="24"/><counter type="LINE" missed="0" covered="2"/><counter type="COMPLEXITY" missed="0" covered="1"/><counter type="METHOD" missed="0" covered="1"/></method><method name="wordWrap" desc="(Ljava/io/Reader;Ljava/io/Writer;Ljava/lang/String;Ljava/lang/Number;Ljava/util/function/Function;)V" line="43"><counter type="INSTRUCTION" missed="168" covered="954"/><counter type="BRANCH" missed="7" covered="43"/><counter type="LINE" missed="10" covered="52"/><counter type="COMPLEXITY" missed="5" covered="21"/><counter type="METHOD" missed="0" covered="1"/></method><method name="isPunctuation" desc="(C)Z" line="132"><counter type="INSTRUCTION" missed="0" covered="21"/><counter type="LINE" missed="0" covered="1"/><counter type="COMPLEXITY" missed="0" covered="1"/><counter type="METHOD" missed="0" covered="1"/></method><method name="tooLong" desc="(Ljava/util/function/Function;Ljava/lang/String;D)Z" line="137"><counter type="INSTRUCTION" missed="0" covered="43"/><counter type="BRANCH" missed="0" covered="2"/><counter type="LINE" missed="0" covered="1"/><counter type="COMPLEXITY" missed="0" covered="2"/><counter type="METHOD" missed="0" covered="1"/></method><method name="rightTrim" desc="(Ljava/lang/String;)Ljava/lang/String;" line="142"><counter type="INSTRUCTION" missed="0" covered="128"/><counter type="BRANCH" missed="0" covered="6"/><counter type="LINE" missed="0" covered="7"/><counter type="COMPLEXITY" missed="0" covered="4"/><counter type="METHOD" missed="0" covered="1"/></method><method name="isWhitespace" desc="(Ljava/lang/CharSequence;)Z" line="158"><counter type="INSTRUCTION" missed="0" covered="95"/><counter type="BRANCH" missed="0" covered="4"/><counter type="LINE" missed="0" covered="4"/><counter type="COMPLEXITY" missed="0" covered="3"/><counter type="METHOD" missed="0" covered="1"/></method><method name="leftTrim" desc="(Ljava/lang/StringBuilder;)V" line="171"><counter type="INSTRUCTION" missed="0" covered="149"/><counter type="BRANCH" missed="2" covered="6"/><counter type="LINE" missed="0" covered="6"/><counter type="COMPLEXITY" missed="2" covered="3"/><counter type="METHOD" missed="0" covered="1"/></method><method name="leftTrim" desc="(Ljava/lang/String;)Ljava/lang/String;" line="182"><counter type="INSTRUCTION" missed="0" covered="34"/><counter type="LINE" missed="0" covered="3"/><counter type="COMPLEXITY" missed="0" covered="1"/><counter type="METHOD" missed="0" covered="1"/></method><method name="appendWordToLine" desc="(Ljava/lang/StringBuilder;Ljava/lang/StringBuilder;)V" line="188"><counter type="INSTRUCTION" missed="0" covered="33"/><counter type="LINE" missed="0" covered="3"/><counter type="COMPLEXITY" missed="0" covered="1"/><counter type="METHOD" missed="0" covered="1"/></method><method name="writeBrokenWord" desc="(Ljava/io/Writer;Ljava/lang/StringBuilder;Ljava/lang/String;)V" line="194"><counter type="INSTRUCTION" missed="0" covered="52"/><counter type="LINE" missed="0" covered="4"/><counter type="COMPLEXITY" missed="0" covered="1"/><counter type="METHOD" missed="0" covered="1"/></method><method name="writeLine" desc="(Ljava/io/Writer;Ljava/lang/StringBuilder;Ljava/lang/String;)V" line="201"><counter type="INSTRUCTION" missed="0" covered="42"/><counter type="LINE" missed="0" covered="4"/><counter type="COMPLEXITY" missed="0" covered="1"/><counter type="METHOD" missed="0" covered="1"/></method><method name="lambda$wordWrap$1" desc="(Ljava/lang/CharSequence;)Ljava/lang/Number;" line="38"><counter type="INSTRUCTION" missed="0" covered="14"/><counter type="LINE" missed="0" covered="1"/><counter type="COMPLEXITY" missed="0" covered="1"/><counter type="METHOD" missed="0" covered="1"/></method><method name="lambda$wordWrap$0" desc="(Ljava/lang/CharSequence;)Ljava/lang/Number;" line="24"><counter type="INSTRUCTION" missed="0" covered="14"/><counter type="LINE" missed="0" covered="1"/><counter type="COMPLEXITY" missed="0" covered="1"/><counter type="METHOD" missed="0" covered="1"/></method><method name="&lt;clinit&gt;" desc="()V" line="20"><counter type="INSTRUCTION" missed="0" covered="99"/><counter type="LINE" missed="0" covered="2"/><counter type="COMPLEXITY" missed="0" covered="1"/><counter type="METHOD" missed="0" covered="1"/></method><method name="__cobertura_init" desc="()V"><counter type="INSTRUCTION" missed="0" covered="8"/><counter type="BRANCH" missed="0" covered="2"/><counter type="COMPLEXITY" missed="0" covered="2"/><counter type="METHOD" missed="0" covered="1"/></method><method name="__cobertura_classmap_0" desc="(Lnet/sourceforge/cobertura/coveragedata/LightClassmapListener;)V"><counter type="INSTRUCTION" missed="914" covered="0"/><counter type="COMPLEXITY" missed="1" covered="0"/><counter type="METHOD" missed="1" covered="0"/></method><method name="__cobertura_classmap" desc="(Lnet/sourceforge/cobertura/coveragedata/LightClassmapListener;)V"><counter type="INSTRUCTION" missed="11" covered="0"/><counter type="COMPLEXITY" missed="1" covered="0"/><counter type="METHOD" missed="1" covered="0"/></method><method name="__cobertura_get_and_reset_counters" desc="()[I"><counter type="INSTRUCTION" missed="8" covered="0"/><counter type="COMPLEXITY" missed="1" covered="0"/><counter type="METHOD" missed="1" covered="0"/></method><counter type="INSTRUCTION" missed="1312" covered="1862"/><counter type="BRANCH" missed="21" covered="67"/><counter type="LINE" missed="12" covered="94"/><counter type="COMPLEXITY" missed="19" covered="46"/><counter type="METHOD" missed="4" covered="17"/><counter type="CLASS" missed="0" covered="1"/></class><sourcefile name="CharSequenceReader.java"><line nr="35" mi="0" ci="9" mb="0" cb="0"/><line nr="36" mi="0" ci="9" mb="0" cb="0"/><line nr="37" mi="0" ci="10" mb="0" cb="0"/><line nr="38" mi="0" ci="8" mb="0" cb="0"/><line nr="41" mi="9" ci="12" mb="1" cb="1"/><line nr="42" mi="12" ci="0" mb="0" cb="0"/><line nr="44" mi="0" ci="17" mb="0" cb="0"/><line nr="47" mi="0" ci="34" mb="0" cb="2"/><line nr="51" mi="0" ci="14" mb="0" cb="0"/><line nr="56" mi="9" ci="0" mb="0" cb="0"/><line nr="57" mi="9" ci="0" mb="0" cb="0"/><line nr="58" mi="21" ci="0" mb="2" cb="0"/><line nr="59" mi="9" ci="0" mb="0" cb="0"/><line nr="61" mi="22" ci="0" mb="0" cb="0"/><line nr="62" mi="32" ci="0" mb="2" cb="0"/><line nr="63" mi="20" ci="0" mb="0" cb="0"/><line nr="65" mi="18" ci="0" mb="0" cb="0"/><line nr="70" mi="0" ci="9" mb="0" cb="0"/><line nr="71" mi="0" ci="43" mb="0" cb="2"/><line nr="76" mi="50" ci="0" mb="4" cb="0"/><line nr="77" mi="9" ci="0" mb="0" cb="0"/><line nr="78" mi="21" ci="0" mb="2" cb="0"/><line nr="79" mi="9" ci="0" mb="0" cb="0"/><line nr="81" mi="21" ci="0" mb="0" cb="0"/><line nr="82" mi="32" ci="0" mb="2" cb="0"/><line nr="83" mi="22" ci="0" mb="0" cb="0"/><line nr="85" mi="18" ci="0" mb="0" cb="0"/><line nr="90" mi="36" ci="0" mb="2" cb="0"/><line nr="91" mi="9" ci="0" mb="0" cb="0"/><line nr="92" mi="14" ci="0" mb="0" cb="0"/><line nr="93" mi="13" ci="0" mb="0" cb="0"/><line nr="94" mi="10" ci="0" mb="0" cb="0"/><line nr="99" mi="9" ci="0" mb="0" cb="0"/><line nr="100" mi="9" ci="0" mb="0" cb="0"/><line nr="105" mi="9" ci="0" mb="0" cb="0"/><line nr="110" mi="34" ci="0" mb="2" cb="0"/><line nr="111" mi="9" ci="0" mb="0" cb="0"/><line nr="112" mi="11" ci="0" mb="0" cb="0"/><line nr="113" mi="8" ci="0" mb="0" cb="0"/><line nr="117" mi="9" ci="0" mb="0" cb="0"/><line nr="118" mi="11" ci="0" mb="0" cb="0"/><line nr="119" mi="8" ci="0" mb="0" cb="0"/><line nr="123" mi="0" ci="10" mb="0" cb="0"/><line nr="124" mi="0" ci="8" mb="0" cb="0"/><counter type="INSTRUCTION" missed="909" covered="205"/><counter type="BRANCH" missed="18" covered="6"/><counter type="LINE" missed="32" covered="12"/><counter type="COMPLEXITY" missed="20" covered="10"/><counter type="METHOD" missed="10" covered="8"/><counter type="CLASS" missed="0" covered="1"/></sourcefile><sourcefile name="Text.java"><line nr="14" mi="10" ci="0" mb="0" cb="0"/><line nr="20" mi="0" ci="37" mb="0" cb="0"/><line nr="21" mi="0" ci="59" mb="0" cb="0"/><line nr="24" mi="0" ci="24" mb="0" cb="0"/><line nr="29" mi="24" ci="20" mb="0" cb="0"/><line nr="30" mi="0" ci="13" mb="0" cb="0"/><line nr="31" mi="0" ci="28" mb="0" cb="0"/><line nr="32" mi="163" ci="72" mb="12" cb="4"/><line nr="33" mi="12" ci="0" mb="0" cb="0"/><line nr="38" mi="0" ci="24" mb="0" cb="0"/><line nr="39" mi="0" ci="8" mb="0" cb="0"/><line nr="43" mi="0" ci="11" mb="0" cb="0"/><line nr="44" mi="0" ci="11" mb="0" cb="0"/><line nr="45" mi="0" ci="10" mb="0" cb="0"/><line nr="46" mi="0" ci="9" mb="0" cb="0"/><line nr="47" mi="0" ci="9" mb="0" cb="0"/><line nr="48" mi="0" ci="9" mb="0" cb="0"/><line nr="50" mi="0" ci="10" mb="0" cb="0"/><line nr="51" mi="0" ci="21" mb="0" cb="2"/><line nr="52" mi="0" ci="8" mb="0" cb="0"/><line nr="54" mi="0" ci="19" mb="0" cb="0"/><line nr="55" mi="0" ci="59" mb="0" cb="4"/><line nr="56" mi="0" ci="21" mb="0" cb="2"/><line nr="57" mi="0" ci="11" mb="0" cb="0"/><line nr="58" mi="0" ci="11" mb="0" cb="0"/><line nr="59" mi="0" ci="10" mb="0" cb="0"/><line nr="60" mi="0" ci="10" mb="0" cb="0"/><line nr="61" mi="0" ci="10" mb="0" cb="0"/><line nr="62" mi="0" ci="10" mb="0" cb="0"/><line nr="63" mi="0" ci="31" mb="0" cb="2"/><line nr="66" mi="0" ci="42" mb="0" cb="4"/><line nr="67" mi="0" ci="11" mb="0" cb="0"/><line nr="68" mi="0" ci="34" mb="0" cb="4"/><line nr="69" mi="0" ci="9" mb="0" cb="0"/><line nr="71" mi="0" ci="41" mb="0" cb="2"/><line nr="72" mi="0" ci="21" mb="0" cb="2"/><line nr="73" mi="0" ci="11" mb="0" cb="0"/><line nr="74" mi="0" ci="9" mb="0" cb="0"/><line nr="75" mi="9" ci="15" mb="1" cb="1"/><line nr="76" mi="12" ci="0" mb="0" cb="0"/><line nr="78" mi="0" ci="19" mb="0" cb="0"/><line nr="81" mi="0" ci="21" mb="0" cb="0"/><line nr="85" mi="0" ci="44" mb="0" cb="4"/><line nr="86" mi="0" ci="10" mb="0" cb="0"/><line nr="87" mi="0" ci="20" mb="0" cb="2"/><line nr="88" mi="0" ci="9" mb="0" cb="0"/><line nr="91" mi="0" ci="20" mb="0" cb="0"/><line nr="92" mi="0" ci="32" mb="0" cb="2"/><line nr="93" mi="0" ci="21" mb="1" cb="1"/><line nr="94" mi="0" ci="21" mb="1" cb="1"/><line nr="95" mi="0" ci="12" mb="0" cb="0"/><line nr="97" mi="19" ci="0" mb="0" cb="0"/><line nr="99" mi="0" ci="10" mb="0" cb="0"/><line nr="101" mi="24" ci="0" mb="0" cb="0"/><line nr="102" mi="15" ci="0" mb="0" cb="0"/><line nr="103" mi="20" ci="0" mb="2" cb="0"/><line nr="104" mi="10" ci="0" mb="0" cb="0"/><line nr="106" mi="30" ci="0" mb="2" cb="0"/><line nr="107" mi="10" ci="0" mb="0" cb="0"/><line nr="108" mi="10" ci="0" mb="0" cb="0"/><line nr="109" mi="9" ci="0" mb="0" cb="0"/><line nr="115" mi="0" ci="59" mb="0" cb="4"/><line nr="116" mi="0" ci="8" mb="0" cb="0"/><line nr="117" mi="0" ci="21" mb="0" cb="2"/><line nr="118" mi="0" ci="18" mb="0" cb="0"/><line nr="119" mi="0" ci="20" mb="0" cb="2"/><line nr="120" mi="0" ci="10" mb="0" cb="0"/><line nr="122" mi="0" ci="19" mb="0" cb="0"/><line nr="123" mi="0" ci="8" mb="0" cb="0"/><line nr="124" mi="0" ci="29" mb="0" cb="2"/><line nr="125" mi="0" ci="9" mb="0" cb="0"/><line nr="127" mi="0" ci="20" mb="0" cb="0"/><line nr="129" mi="0" ci="8" mb="0" cb="0"/><line nr="132" mi="0" ci="18" mb="0" cb="0"/><line nr="137" mi="0" ci="40" mb="0" cb="2"/><line nr="142" mi="0" ci="10" mb="0" cb="0"/><line nr="143" mi="0" ci="20" mb="0" cb="2"/><line nr="144" mi="0" ci="25" mb="0" cb="2"/><line nr="145" mi="0" ci="9" mb="0" cb="0"/><line nr="150" mi="0" ci="31" mb="0" cb="2"/><line nr="151" mi="0" ci="12" mb="0" cb="0"/><line nr="153" mi="0" ci="18" mb="0" cb="0"/><line nr="158" mi="0" ci="42" mb="0" cb="2"/><line nr="159" mi="0" ci="23" mb="0" cb="2"/><line nr="160" mi="0" ci="9" mb="0" cb="0"/><line nr="163" mi="0" ci="18" mb="0" cb="0"/><line nr="171" mi="0" ci="42" mb="1" cb="1"/><line nr="172" mi="0" ci="23" mb="0" cb="2"/><line nr="173" mi="0" ci="8" mb="0" cb="0"/><line nr="176" mi="0" ci="44" mb="1" cb="3"/><line nr="177" mi="0" ci="12" mb="0" cb="0"/><line nr="179" mi="0" ci="17" mb="0" cb="0"/><line nr="182" mi="0" ci="12" mb="0" cb="0"/><line nr="183" mi="0" ci="9" mb="0" cb="0"/><line nr="184" mi="0" ci="10" mb="0" cb="0"/><line nr="188" mi="0" ci="12" mb="0" cb="0"/><line nr="189" mi="0" ci="10" mb="0" cb="0"/><line nr="190" mi="0" ci="8" mb="0" cb="0"/><line nr="194" mi="0" ci="16" mb="0" cb="0"/><line nr="195" mi="0" ci="10" mb="0" cb="0"/><line nr="196" mi="0" ci="15" mb="0" cb="0"/><line nr="197" mi="0" ci="8" mb="0" cb="0"/><line nr="201" mi="0" ci="11" mb="0" cb="0"/><line nr="202" mi="0" ci="10" mb="0" cb="0"/><line nr="203" mi="0" ci="10" mb="0" cb="0"/><line nr="204" mi="0" ci="8" mb="0" cb="0"/><counter type="INSTRUCTION" missed="1312" covered="1862"/><counter type="BRANCH" missed="21" covered="67"/><counter type="LINE" missed="12" covered="94"/><counter type="COMPLEXITY" missed="19" covered="46"/><counter type="METHOD" missed="4" covered="17"/><counter type="CLASS" missed="0" covered="1"/></sourcefile><counter type="INSTRUCTION" missed="2221" covered="2067"/><counter type="BRANCH" missed="39" covered="73"/><counter type="LINE" missed="44" covered="106"/><counter type="COMPLEXITY" missed="39" covered="56"/><counter type="METHOD" missed="14" covered="25"/><counter type="CLASS" missed="0" covered="2"/></package><counter type="INSTRUCTION" missed="2221" covered="2067"/><counter type="BRANCH" missed="39" covered="73"/><counter type="LINE" missed="44" covered="106"/><counter type="COMPLEXITY" missed="39" covered="56"/><counter type="METHOD" missed="14" covered="25"/><counter type="CLASS" missed="0" covered="2"/></report>