<?xml version="1.0" encoding="UTF-8" standalone="yes"?><!DOCTYPE report PUBLIC "-//JACOCO//DTD Report 1.1//EN" "report.dtd"><report name="geo-mem"><sessioninfo id="dave-lap-41f141b7" start="1630921036235" dump="1630921038318"/><package name="com/github/davidmoten/geo/mem"><class name="com/github/davidmoten/geo/mem/Info" sourcefilename="Info.java"><method name="&lt;init&gt;" desc="(DDJLjava/lang/Object;Lcom/google/common/base/Optional;)V" line="13"><counter type="INSTRUCTION" missed="0" covered="18"/><counter type="LINE" missed="0" covered="7"/><counter type="COMPLEXITY" missed="0" covered="1"/><counter type="METHOD" missed="0" covered="1"/></method><method name="id" desc="()Lcom/google/common/base/Optional;" line="22"><counter type="INSTRUCTION" missed="0" covered="3"/><counter type="LINE" missed="0" covered="1"/><counter type="COMPLEXITY" missed="0" covered="1"/><counter type="METHOD" missed="0" covered="1"/></method><method name="lat" desc="()D" line="26"><counter type="INSTRUCTION" missed="0" covered="3"/><counter type="LINE" missed="0" covered="1"/><counter type="COMPLEXITY" missed="0" covered="1"/><counter type="METHOD" missed="0" covered="1"/></method><method name="lon" desc="()D" line="30"><counter type="INSTRUCTION" missed="0" covered="3"/><counter type="LINE" missed="0" covered="1"/><counter type="COMPLEXITY" missed="0" covered="1"/><counter type="METHOD" missed="0" covered="1"/></method><method name="time" desc="()J" line="34"><counter type="INSTRUCTION" missed="0" covered="3"/><counter type="LINE" missed="0" covered="1"/><counter type="COMPLEXITY" missed="0" covered="1"/><counter type="METHOD" missed="0" covered="1"/></method><method name="value" desc="()Ljava/lang/Object;" line="38"><counter type="INSTRUCTION" missed="0" covered="3"/><counter type="LINE" missed="0" covered="1"/><counter type="COMPLEXITY" missed="0" covered="1"/><counter type="METHOD" missed="0" covered="1"/></method><method name="toString" desc="()Ljava/lang/String;" line="43"><counter type="INSTRUCTION" missed="0" covered="32"/><counter type="LINE" missed="0" covered="1"/><counter type="COMPLEXITY" missed="0" covered="1"/><counter type="METHOD" missed="0" covered="1"/></method><counter type="INSTRUCTION" missed="0" covered="65"/><counter type="LINE" missed="0" covered="13"/><counter type="COMPLEXITY" missed="0" covered="7"/><counter type="METHOD" missed="0" covered="7"/><counter type="CLASS" missed="0" covered="1"/></class><class name="com/github/davidmoten/geo/mem/Geomem" sourcefilename="Geomem.java"><method name="&lt;init&gt;" desc="()V" line="29"><counter type="INSTRUCTION" missed="0" covered="14"/><counter type="LINE" missed="0" covered="4"/><counter type="COMPLEXITY" missed="0" covered="1"/><counter type="METHOD" missed="0" covered="1"/></method><method name="find" desc="(DDDDJJ)Ljava/lang/Iterable;" line="65"><counter type="INSTRUCTION" missed="0" covered="34"/><counter type="BRANCH" missed="0" covered="2"/><counter type="LINE" missed="0" covered="6"/><counter type="COMPLEXITY" missed="0" covered="2"/><counter type="METHOD" missed="0" covered="1"/></method><method name="find" desc="(DDDDJJLjava/lang/String;)Ljava/lang/Iterable;" line="101"><counter type="INSTRUCTION" missed="0" covered="15"/><counter type="LINE" missed="0" covered="3"/><counter type="COMPLEXITY" missed="0" covered="1"/><counter type="METHOD" missed="0" covered="1"/></method><method name="createRegionFilter" desc="(DDDD)Lcom/google/common/base/Predicate;" line="124"><counter type="INSTRUCTION" missed="0" covered="9"/><counter type="LINE" missed="0" covered="1"/><counter type="COMPLEXITY" missed="0" covered="1"/><counter type="METHOD" missed="0" covered="1"/></method><method name="find" desc="(JJLjava/lang/String;)Ljava/lang/Iterable;" line="151"><counter type="INSTRUCTION" missed="0" covered="22"/><counter type="BRANCH" missed="0" covered="2"/><counter type="LINE" missed="0" covered="5"/><counter type="COMPLEXITY" missed="0" covered="2"/><counter type="METHOD" missed="0" covered="1"/></method><method name="add" desc="(DDJLjava/lang/Object;)V" line="174"><counter type="INSTRUCTION" missed="0" covered="9"/><counter type="LINE" missed="0" covered="2"/><counter type="COMPLEXITY" missed="0" covered="1"/><counter type="METHOD" missed="0" covered="1"/></method><method name="add" desc="(DDJLjava/lang/Object;Ljava/lang/Object;)V" line="193"><counter type="INSTRUCTION" missed="0" covered="9"/><counter type="LINE" missed="0" covered="2"/><counter type="COMPLEXITY" missed="0" covered="1"/><counter type="METHOD" missed="0" covered="1"/></method><method name="add" desc="(DDJLjava/lang/Object;Lcom/google/common/base/Optional;)V" line="212"><counter type="INSTRUCTION" missed="0" covered="13"/><counter type="LINE" missed="0" covered="3"/><counter type="COMPLEXITY" missed="0" covered="1"/><counter type="METHOD" missed="0" covered="1"/></method><method name="add" desc="(Lcom/github/davidmoten/geo/mem/Info;)V" line="224"><counter type="INSTRUCTION" missed="0" covered="19"/><counter type="LINE" missed="0" covered="4"/><counter type="COMPLEXITY" missed="0" covered="1"/><counter type="METHOD" missed="0" covered="1"/></method><method name="addToMapById" desc="(Ljava/util/Map;Lcom/github/davidmoten/geo/mem/Info;Ljava/lang/String;)V" line="232"><counter type="INSTRUCTION" missed="0" covered="36"/><counter type="BRANCH" missed="0" covered="4"/><counter type="LINE" missed="0" covered="9"/><counter type="COMPLEXITY" missed="0" covered="3"/><counter type="METHOD" missed="0" covered="1"/></method><method name="addToMap" desc="(Ljava/util/Map;Lcom/github/davidmoten/geo/mem/Info;Ljava/lang/String;)V" line="248"><counter type="INSTRUCTION" missed="0" covered="47"/><counter type="BRANCH" missed="0" covered="4"/><counter type="LINE" missed="0" covered="8"/><counter type="COMPLEXITY" missed="0" covered="3"/><counter type="METHOD" missed="0" covered="1"/></method><counter type="INSTRUCTION" missed="0" covered="227"/><counter type="BRANCH" missed="0" covered="12"/><counter type="LINE" missed="0" covered="47"/><counter type="COMPLEXITY" missed="0" covered="17"/><counter type="METHOD" missed="0" covered="11"/><counter type="CLASS" missed="0" covered="1"/></class><class name="com/github/davidmoten/geo/mem/Geomem$1" sourcefilename="Geomem.java"><method name="&lt;init&gt;" desc="(Lcom/github/davidmoten/geo/mem/Geomem;DDDD)V" line="124"><counter type="INSTRUCTION" missed="0" covered="18"/><counter type="LINE" missed="0" covered="1"/><counter type="COMPLEXITY" missed="0" covered="1"/><counter type="METHOD" missed="0" covered="1"/></method><method name="apply" desc="(Lcom/github/davidmoten/geo/mem/Info;)Z" line="128"><counter type="INSTRUCTION" missed="5" covered="30"/><counter type="BRANCH" missed="1" covered="9"/><counter type="LINE" missed="1" covered="3"/><counter type="COMPLEXITY" missed="1" covered="5"/><counter type="METHOD" missed="0" covered="1"/></method><counter type="INSTRUCTION" missed="5" covered="48"/><counter type="BRANCH" missed="1" covered="9"/><counter type="LINE" missed="1" covered="4"/><counter type="COMPLEXITY" missed="1" covered="6"/><counter type="METHOD" missed="0" covered="2"/><counter type="CLASS" missed="0" covered="1"/></class><sourcefile name="Geomem.java"><line nr="29" mi="0" ci="2" mb="0" cb="0"/><line nr="35" mi="0" ci="3" mb="0" cb="0"/><line nr="40" mi="0" ci="3" mb="0" cb="0"/><line nr="42" mi="0" ci="6" mb="0" cb="0"/><line nr="65" mi="0" ci="6" mb="0" cb="0"/><line nr="67" mi="0" ci="2" mb="0" cb="0"/><line nr="68" mi="0" ci="11" mb="0" cb="2"/><line nr="69" mi="0" ci="12" mb="0" cb="0"/><line nr="71" mi="0" ci="1" mb="0" cb="0"/><line nr="72" mi="0" ci="2" mb="0" cb="0"/><line nr="101" mi="0" ci="6" mb="0" cb="0"/><line nr="102" mi="0" ci="8" mb="0" cb="0"/><line nr="103" mi="0" ci="1" mb="0" cb="0"/><line nr="124" mi="0" ci="27" mb="0" cb="0"/><line nr="128" mi="0" ci="2" mb="1" cb="1"/><line nr="129" mi="5" ci="0" mb="0" cb="0"/><line nr="131" mi="0" ci="14" mb="0" cb="4"/><line nr="132" mi="0" ci="14" mb="0" cb="4"/><line nr="151" mi="0" ci="3" mb="0" cb="0"/><line nr="152" mi="0" ci="7" mb="0" cb="0"/><line nr="153" mi="0" ci="2" mb="0" cb="2"/><line nr="154" mi="0" ci="2" mb="0" cb="0"/><line nr="156" mi="0" ci="8" mb="0" cb="0"/><line nr="174" mi="0" ci="8" mb="0" cb="0"/><line nr="175" mi="0" ci="1" mb="0" cb="0"/><line nr="193" mi="0" ci="8" mb="0" cb="0"/><line nr="194" mi="0" ci="1" mb="0" cb="0"/><line nr="212" mi="0" ci="9" mb="0" cb="0"/><line nr="213" mi="0" ci="3" mb="0" cb="0"/><line nr="214" mi="0" ci="1" mb="0" cb="0"/><line nr="224" mi="0" ci="6" mb="0" cb="0"/><line nr="226" mi="0" ci="6" mb="0" cb="0"/><line nr="227" mi="0" ci="6" mb="0" cb="0"/><line nr="228" mi="0" ci="1" mb="0" cb="0"/><line nr="232" mi="0" ci="4" mb="0" cb="2"/><line nr="233" mi="0" ci="7" mb="0" cb="0"/><line nr="234" mi="0" ci="5" mb="0" cb="0"/><line nr="235" mi="0" ci="2" mb="0" cb="2"/><line nr="236" mi="0" ci="2" mb="0" cb="0"/><line nr="237" mi="0" ci="7" mb="0" cb="0"/><line nr="239" mi="0" ci="3" mb="0" cb="0"/><line nr="240" mi="0" ci="5" mb="0" cb="0"/><line nr="242" mi="0" ci="1" mb="0" cb="0"/><line nr="248" mi="0" ci="8" mb="0" cb="2"/><line nr="249" mi="0" ci="6" mb="0" cb="0"/><line nr="250" mi="0" ci="5" mb="0" cb="0"/><line nr="251" mi="0" ci="5" mb="0" cb="2"/><line nr="252" mi="0" ci="8" mb="0" cb="0"/><line nr="254" mi="0" ci="3" mb="0" cb="0"/><line nr="255" mi="0" ci="11" mb="0" cb="0"/><line nr="257" mi="0" ci="1" mb="0" cb="0"/><counter type="INSTRUCTION" missed="5" covered="275"/><counter type="BRANCH" missed="1" covered="21"/><counter type="LINE" missed="1" covered="50"/><counter type="COMPLEXITY" missed="1" covered="23"/><counter type="METHOD" missed="0" covered="13"/><counter type="CLASS" missed="0" covered="2"/></sourcefile><sourcefile name="Info.java"><line nr="13" mi="0" ci="2" mb="0" cb="0"/><line nr="14" mi="0" ci="3" mb="0" cb="0"/><line nr="15" mi="0" ci="3" mb="0" cb="0"/><line nr="16" mi="0" ci="3" mb="0" cb="0"/><line nr="17" mi="0" ci="3" mb="0" cb="0"/><line nr="18" mi="0" ci="3" mb="0" cb="0"/><line nr="19" mi="0" ci="1" mb="0" cb="0"/><line nr="22" mi="0" ci="3" mb="0" cb="0"/><line nr="26" mi="0" ci="3" mb="0" cb="0"/><line nr="30" mi="0" ci="3" mb="0" cb="0"/><line nr="34" mi="0" ci="3" mb="0" cb="0"/><line nr="38" mi="0" ci="3" mb="0" cb="0"/><line nr="43" mi="0" ci="32" mb="0" cb="0"/><counter type="INSTRUCTION" missed="0" covered="65"/><counter type="LINE" missed="0" covered="13"/><counter type="COMPLEXITY" missed="0" covered="7"/><counter type="METHOD" missed="0" covered="7"/><counter type="CLASS" missed="0" covered="1"/></sourcefile><counter type="INSTRUCTION" missed="5" covered="340"/><counter type="BRANCH" missed="1" covered="21"/><counter type="LINE" missed="1" covered="63"/><counter type="COMPLEXITY" missed="1" covered="30"/><counter type="METHOD" missed="0" covered="20"/><counter type="CLASS" missed="0" covered="3"/></package><counter type="INSTRUCTION" missed="5" covered="340"/><counter type="BRANCH" missed="1" covered="21"/><counter type="LINE" missed="1" covered="63"/><counter type="COMPLEXITY" missed="1" covered="30"/><counter type="METHOD" missed="0" covered="20"/><counter type="CLASS" missed="0" covered="3"/></report>