GROUP,PACKAGE,CLASS,INSTRUCTION_MISSED,INSTRUCTION_COVERED,BRANCH_MISSED,BRANCH_COVERED,LINE_MISSED,LINE_COVERED,COMPLEXITY_MISSED,COMPLEXITY_COVERED,METHOD_MISSED,METHOD_COVERED
openapi-codegen-maven-plugin-test,org.davidmoten.oa3.codegen.test.library.service,Service,18,5,0,0,6,1,6,1,6,1
openapi-codegen-maven-plugin-test,org.davidmoten.oa3.codegen.test.library.service,ServiceController,117,35,9,1,29,8,10,2,5,2
openapi-codegen-maven-plugin-test,org.davidmoten.oa3.codegen.test.library.service,Service.new Service() {...},0,3,0,0,0,1,0,1,0,1
openapi-codegen-maven-plugin-test,org.davidmoten.oa3.codegen.test.library.service,JacksonConfiguration,1,13,1,1,0,4,1,2,0,2
openapi-codegen-maven-plugin-test,org.davidmoten.oa3.codegen.test.main.path,GetMsis200Response.Msis,75,0,8,0,19,0,11,0,7,0
openapi-codegen-maven-plugin-test,org.davidmoten.oa3.codegen.test.main.path,GetMsisStatusParameterStatus,75,0,8,0,19,0,11,0,7,0
openapi-codegen-maven-plugin-test,org.davidmoten.oa3.codegen.test.main.path,GetMsis200Response.BuilderWithMsis,31,0,0,0,8,0,4,0,4,0
openapi-codegen-maven-plugin-test,org.davidmoten.oa3.codegen.test.main.path,GetMsis200Response.Builder,14,0,0,0,5,0,2,0,2,0
openapi-codegen-maven-plugin-test,org.davidmoten.oa3.codegen.test.main.path,GetMsis200Response,138,0,12,0,28,0,18,0,12,0
openapi-codegen-maven-plugin-test,org.davidmoten.oa3.codegen.test.small.service,JacksonConfiguration,14,0,2,0,4,0,3,0,2,0
openapi-codegen-maven-plugin-test,org.davidmoten.oa3.codegen.test.small.service,ServiceController,22,0,0,0,7,0,2,0,2,0
openapi-codegen-maven-plugin-test,org.davidmoten.oa3.codegen.test.small.service,Service,8,0,0,0,2,0,2,0,2,0
openapi-codegen-maven-plugin-test,org.davidmoten.oa3.codegen.test.small.service,Service.new Service() {...},3,0,0,0,1,0,1,0,1,0
openapi-codegen-maven-plugin-test,org.davidmoten.oa3.codegen.test.paths,Application,5,3,0,0,2,1,1,1,1,1
openapi-codegen-maven-plugin-test,org.davidmoten.oa3.codegen.test.paths,Globals,6,6,0,0,3,2,2,2,2,2
openapi-codegen-maven-plugin-test,org.davidmoten.oa3.codegen.test.paths.schema,Name,52,23,7,1,12,7,8,3,4,3
openapi-codegen-maven-plugin-test,org.davidmoten.oa3.codegen.test.paths.schema,Point.Builder,0,11,0,0,0,4,0,2,0,2
openapi-codegen-maven-plugin-test,org.davidmoten.oa3.codegen.test.paths.schema,BinaryMutator,138,0,12,0,28,0,18,0,12,0
openapi-codegen-maven-plugin-test,org.davidmoten.oa3.codegen.test.paths.schema,Response1,52,27,7,1,12,8,8,3,4,3
openapi-codegen-maven-plugin-test,org.davidmoten.oa3.codegen.test.paths.schema,Response2,57,22,7,1,13,7,9,2,5,2
openapi-codegen-maven-plugin-test,org.davidmoten.oa3.codegen.test.paths.schema,RequestBody1,60,19,7,1,14,6,10,1,6,1
openapi-codegen-maven-plugin-test,org.davidmoten.oa3.codegen.test.paths.schema,RequestBody2,60,19,7,1,14,6,10,1,6,1
openapi-codegen-maven-plugin-test,org.davidmoten.oa3.codegen.test.paths.schema,Error,114,29,11,1,19,9,15,3,9,3
openapi-codegen-maven-plugin-test,org.davidmoten.oa3.codegen.test.paths.schema,BinaryMutator.Builder,14,0,0,0,5,0,2,0,2,0
openapi-codegen-maven-plugin-test,org.davidmoten.oa3.codegen.test.paths.schema,Point.BuilderWithLon,0,16,0,0,0,4,0,2,0,2
openapi-codegen-maven-plugin-test,org.davidmoten.oa3.codegen.test.paths.schema,Point,85,42,10,0,17,7,12,4,7,4
openapi-codegen-maven-plugin-test,org.davidmoten.oa3.codegen.test.paths.schema,Error.Builder,10,30,0,0,4,9,2,4,2,4
openapi-codegen-maven-plugin-test,org.davidmoten.oa3.codegen.test.paths.schema,Point.BuilderWithLat,0,17,0,0,0,5,0,2,0,2
openapi-codegen-maven-plugin-test,org.davidmoten.oa3.codegen.test.paths.schema,BinaryMutator.BuilderWithDocument,31,0,0,0,8,0,4,0,4,0
openapi-codegen-maven-plugin-test,org.davidmoten.oa3.codegen.test.paths.path,QueryObjectGetIdParameterId.BuilderWithFirst,32,0,0,0,8,0,4,0,4,0
openapi-codegen-maven-plugin-test,org.davidmoten.oa3.codegen.test.paths.path,RequestBodyMultiTypePostRequestApplicationOctetStream,75,0,8,0,19,0,11,0,7,0
openapi-codegen-maven-plugin-test,org.davidmoten.oa3.codegen.test.paths.path,UploadPostRequestMultipartFormData.Document.ContentType,37,35,5,1,4,8,4,3,1,3
openapi-codegen-maven-plugin-test,org.davidmoten.oa3.codegen.test.paths.path,QueryObjectGetIdParameterId.Builder,14,0,0,0,5,0,2,0,2,0
openapi-codegen-maven-plugin-test,org.davidmoten.oa3.codegen.test.paths.path,SubmitPostRequestApplicationXWwwFormUrlencoded.BuilderWithName,0,17,0,0,0,5,0,2,0,2
openapi-codegen-maven-plugin-test,org.davidmoten.oa3.codegen.test.paths.path,UploadPostRequestMultipartFormData.BuilderWithDocument,0,19,0,0,0,4,0,2,0,2
openapi-codegen-maven-plugin-test,org.davidmoten.oa3.codegen.test.paths.path,UploadPostRequestMultipartFormData.Document.BuilderWithValue,0,16,0,0,0,4,0,2,0,2
openapi-codegen-maven-plugin-test,org.davidmoten.oa3.codegen.test.paths.path,SubmitPostRequestApplicationXWwwFormUrlencoded.Builder,0,11,0,0,0,4,0,2,0,2
openapi-codegen-maven-plugin-test,org.davidmoten.oa3.codegen.test.paths.path,WildcardStatusCodeGet2XXResponse,79,0,8,0,20,0,11,0,7,0
openapi-codegen-maven-plugin-test,org.davidmoten.oa3.codegen.test.paths.path,UploadPostRequestMultipartFormData.BuilderWithPoint,0,17,0,0,0,5,0,2,0,2
openapi-codegen-maven-plugin-test,org.davidmoten.oa3.codegen.test.paths.path,UploadPostRequestMultipartFormData.Document,94,36,11,1,16,11,12,5,6,5
openapi-codegen-maven-plugin-test,org.davidmoten.oa3.codegen.test.paths.path,QueryObjectGetIdParameterId,111,28,11,1,19,9,15,3,9,3
openapi-codegen-maven-plugin-test,org.davidmoten.oa3.codegen.test.paths.path,UploadPostRequestMultipartFormData.BuilderWithDescription,0,17,0,0,0,5,0,2,0,2
openapi-codegen-maven-plugin-test,org.davidmoten.oa3.codegen.test.paths.path,BytesGet200ResponseApplicationOctetStream,75,0,8,0,19,0,11,0,7,0
openapi-codegen-maven-plugin-test,org.davidmoten.oa3.codegen.test.paths.path,UploadPostRequestMultipartFormData.Document.Builder,0,11,0,0,0,4,0,2,0,2
openapi-codegen-maven-plugin-test,org.davidmoten.oa3.codegen.test.paths.path,UploadPostRequestMultipartFormData,126,51,13,1,17,16,16,4,9,4
openapi-codegen-maven-plugin-test,org.davidmoten.oa3.codegen.test.paths.path,SubmitPostRequestApplicationXWwwFormUrlencoded,94,37,11,1,14,12,13,4,7,4
openapi-codegen-maven-plugin-test,org.davidmoten.oa3.codegen.test.paths.path,SubmitPostRequestApplicationXWwwFormUrlencoded.BuilderWithCount,0,16,0,0,0,4,0,2,0,2
openapi-codegen-maven-plugin-test,org.davidmoten.oa3.codegen.test.paths.path,UploadPostRequestMultipartFormData.Document.BuilderWithContentType,0,17,0,0,0,5,0,2,0,2
openapi-codegen-maven-plugin-test,org.davidmoten.oa3.codegen.test.paths.path,ResponseRef2Get200Response,79,0,8,0,20,0,11,0,7,0
openapi-codegen-maven-plugin-test,org.davidmoten.oa3.codegen.test.paths.path,UploadPostRequestMultipartFormData.Builder,0,11,0,0,0,4,0,2,0,2
openapi-codegen-maven-plugin-test,org.davidmoten.oa3.codegen.test.paths.path,TextGet200ResponseTextPlain,75,0,8,0,19,0,11,0,7,0
openapi-codegen-maven-plugin-test,org.davidmoten.oa3.codegen.test.adhoc.client,Client.Server,37,0,0,0,7,0,3,0,3,0
openapi-codegen-maven-plugin-test,org.davidmoten.oa3.codegen.test.adhoc.client,Client,91,0,0,0,23,0,8,0,8,0
openapi-codegen-maven-plugin-test,org.davidmoten.oa3.codegen.test.adhoc,Globals,12,0,0,0,5,0,4,0,4,0
openapi-codegen-maven-plugin-test,org.davidmoten.oa3.codegen.test.main,Globals,3,9,0,0,1,4,1,3,1,3
openapi-codegen-maven-plugin-test,org.davidmoten.oa3.codegen.test.main,Application,8,0,0,0,3,0,2,0,2,0
openapi-codegen-maven-plugin-test,org.davidmoten.oa3.codegen.test.main.client,Client,418,0,0,0,170,0,14,0,14,0
openapi-codegen-maven-plugin-test,org.davidmoten.oa3.codegen.test.main.client,Client.Server,26,0,0,0,6,0,3,0,3,0
openapi-codegen-maven-plugin-test,org.davidmoten.oa3.codegen.test.paths.requestbody,RequestBody1Request,75,0,8,0,19,0,11,0,7,0
openapi-codegen-maven-plugin-test,org.davidmoten.oa3.codegen.test.paths.client,Client.Server,59,0,0,0,9,0,3,0,3,0
openapi-codegen-maven-plugin-test,org.davidmoten.oa3.codegen.test.paths.client,Client,354,241,0,0,141,95,18,13,18,13
openapi-codegen-maven-plugin-test,org.davidmoten.oa3.codegen.test.main.schema,ArrayOfObjectInProperty.Records,75,0,8,0,19,0,11,0,7,0
openapi-codegen-maven-plugin-test,org.davidmoten.oa3.codegen.test.main.schema,NullableExample,171,82,8,8,22,20,21,4,13,4
openapi-codegen-maven-plugin-test,org.davidmoten.oa3.codegen.test.main.schema,ArrayOfOneOf,57,18,7,1,13,6,9,2,5,2
openapi-codegen-maven-plugin-test,org.davidmoten.oa3.codegen.test.main.schema,UntypedObject,52,39,7,1,12,12,8,5,4,5
openapi-codegen-maven-plugin-test,org.davidmoten.oa3.codegen.test.main.schema,Breeding,101,29,11,1,18,9,14,3,8,3
openapi-codegen-maven-plugin-test,org.davidmoten.oa3.codegen.test.main.schema,PetSearch._Serializer,5,0,0,0,2,0,1,0,1,0
openapi-codegen-maven-plugin-test,org.davidmoten.oa3.codegen.test.main.schema,ArrayNullableItems.ArrayNullableItemsItem.BuilderWithFinish,16,0,0,0,4,0,2,0,2,0
openapi-codegen-maven-plugin-test,org.davidmoten.oa3.codegen.test.main.schema,SARBroadcast.BuilderWithServiceType,17,0,0,0,5,0,2,0,2,0
openapi-codegen-maven-plugin-test,org.davidmoten.oa3.codegen.test.main.schema,NullableMapPropertyNotAlone,134,0,12,0,27,0,17,0,11,0
openapi-codegen-maven-plugin-test,org.davidmoten.oa3.codegen.test.main.schema,StaticTransform,128,0,12,0,25,0,15,0,9,0
openapi-codegen-maven-plugin-test,org.davidmoten.oa3.codegen.test.main.schema,NavOrPiracyBroadcastArea,124,0,6,0,25,0,14,0,11,0
openapi-codegen-maven-plugin-test,org.davidmoten.oa3.codegen.test.main.schema,ArrayOfComplexType.ArrayOfComplexTypeItem,57,18,7,1,13,6,9,2,5,2
openapi-codegen-maven-plugin-test,org.davidmoten.oa3.codegen.test.main.schema,NestedNameCollision.Collision,81,0,8,0,20,0,12,0,8,0
openapi-codegen-maven-plugin-test,org.davidmoten.oa3.codegen.test.main.schema,SARServiceType,105,0,6,0,15,0,7,0,4,0
openapi-codegen-maven-plugin-test,org.davidmoten.oa3.codegen.test.main.schema,ArrayComplex.ArrayComplexItem.Builder,14,0,0,0,5,0,2,0,2,0
openapi-codegen-maven-plugin-test,org.davidmoten.oa3.codegen.test.main.schema,_2StartWithInteger,75,0,8,0,19,0,11,0,7,0
openapi-codegen-maven-plugin-test,org.davidmoten.oa3.codegen.test.main.schema,MetBroadcast.Builder,0,11,0,0,0,4,0,2,0,2
openapi-codegen-maven-plugin-test,org.davidmoten.oa3.codegen.test.main.schema,ContinuationToken,83,0,8,0,21,0,11,0,7,0
openapi-codegen-maven-plugin-test,org.davidmoten.oa3.codegen.test.main.schema,Nested.First.Second2.Second2Item,71,0,6,0,17,0,10,0,7,0
openapi-codegen-maven-plugin-test,org.davidmoten.oa3.codegen.test.main.schema,Error.Builder,88,0,0,0,28,0,12,0,12,0
openapi-codegen-maven-plugin-test,org.davidmoten.oa3.codegen.test.main.schema,ReadOnly.BuilderWithName,45,22,0,0,12,4,6,2,6,2
openapi-codegen-maven-plugin-test,org.davidmoten.oa3.codegen.test.main.schema,Dog,78,36,11,1,12,11,11,5,5,5
openapi-codegen-maven-plugin-test,org.davidmoten.oa3.codegen.test.main.schema,Square,52,28,6,0,12,8,7,4,4,4
openapi-codegen-maven-plugin-test,org.davidmoten.oa3.codegen.test.main.schema,AllOfAnyOf.Option1.Items,75,0,8,0,19,0,11,0,7,0
openapi-codegen-maven-plugin-test,org.davidmoten.oa3.codegen.test.main.schema,AllOfOneOf.Option1,81,0,8,0,20,0,12,0,8,0
openapi-codegen-maven-plugin-test,org.davidmoten.oa3.codegen.test.main.schema,AllOfAnyOfAdditionalProperties,118,0,12,0,24,0,17,0,11,0
openapi-codegen-maven-plugin-test,org.davidmoten.oa3.codegen.test.main.schema,Pet,52,23,7,1,12,7,8,3,4,3
openapi-codegen-maven-plugin-test,org.davidmoten.oa3.codegen.test.main.schema,MapPropertyNotReqNotAlone.Builder,33,0,0,0,11,0,5,0,5,0
openapi-codegen-maven-plugin-test,org.davidmoten.oa3.codegen.test.main.schema,PropertyStartsWithUnderscore.Type,83,0,6,0,13,0,7,0,4,0
openapi-codegen-maven-plugin-test,org.davidmoten.oa3.codegen.test.main.schema,NameOverride,36,43,4,4,8,12,8,3,4,3
openapi-codegen-maven-plugin-test,org.davidmoten.oa3.codegen.test.main.schema,MetCoastalWarningArea.Builder,11,0,0,0,4,0,2,0,2,0
openapi-codegen-maven-plugin-test,org.davidmoten.oa3.codegen.test.main.schema,RequiredWriteOnlyNullable,110,28,11,1,18,9,14,4,8,4
openapi-codegen-maven-plugin-test,org.davidmoten.oa3.codegen.test.main.schema,AnyOfWithNullableMembers.Builder,87,0,0,0,28,0,12,0,12,0
openapi-codegen-maven-plugin-test,org.davidmoten.oa3.codegen.test.main.schema,NavBroadcast,123,7,11,1,25,2,16,1,10,1
openapi-codegen-maven-plugin-test,org.davidmoten.oa3.codegen.test.main.schema,AllOfOneOf.BuilderWithGeometry,16,0,0,0,4,0,2,0,2,0
openapi-codegen-maven-plugin-test,org.davidmoten.oa3.codegen.test.main.schema,Dog2._Deserializer,0,16,0,0,0,2,0,1,0,1
openapi-codegen-maven-plugin-test,org.davidmoten.oa3.codegen.test.main.schema,MsiId,60,23,7,1,14,7,10,1,6,1
openapi-codegen-maven-plugin-test,org.davidmoten.oa3.codegen.test.main.schema,AllOfAnyOf.BuilderWithOption1,17,0,0,0,5,0,2,0,2,0
openapi-codegen-maven-plugin-test,org.davidmoten.oa3.codegen.test.main.schema,MinMaxItems,60,19,7,1,14,6,10,1,6,1
openapi-codegen-maven-plugin-test,org.davidmoten.oa3.codegen.test.main.schema,MinMaxDouble,62,26,7,1,13,7,9,2,5,2
openapi-codegen-maven-plugin-test,org.davidmoten.oa3.codegen.test.main.schema,AllOfRefs.BuilderWithOval2,17,0,0,0,5,0,2,0,2,0
openapi-codegen-maven-plugin-test,org.davidmoten.oa3.codegen.test.main.schema,ArrayComplex.ArrayComplexItem,138,0,12,0,28,0,18,0,12,0
openapi-codegen-maven-plugin-test,org.davidmoten.oa3.codegen.test.main.schema,ArrayOfObjectInProperty.Records.RecordsItem.BuilderWithNumber,17,0,0,0,5,0,2,0,2,0
openapi-codegen-maven-plugin-test,org.davidmoten.oa3.codegen.test.main.schema,AllOfAnyOfAdditionalProperties._Deserializer,16,0,0,0,2,0,1,0,1,0
openapi-codegen-maven-plugin-test,org.davidmoten.oa3.codegen.test.main.schema,MetBroadcast,97,33,11,1,17,10,13,4,7,4
openapi-codegen-maven-plugin-test,org.davidmoten.oa3.codegen.test.main.schema,PetSearch,113,0,12,0,23,0,14,0,8,0
openapi-codegen-maven-plugin-test,org.davidmoten.oa3.codegen.test.main.schema,Nested.First.Second2,75,0,8,0,19,0,11,0,7,0
openapi-codegen-maven-plugin-test,org.davidmoten.oa3.codegen.test.main.schema,AnyObjectArrayProperty.Stuff,77,0,8,0,19,0,11,0,7,0
openapi-codegen-maven-plugin-test,org.davidmoten.oa3.codegen.test.main.schema,PropertyNotRequired,63,18,7,1,14,6,10,2,6,2
openapi-codegen-maven-plugin-test,org.davidmoten.oa3.codegen.test.main.schema,AnyObjectArrayProperty2.Stuff,77,0,8,0,19,0,11,0,7,0
openapi-codegen-maven-plugin-test,org.davidmoten.oa3.codegen.test.main.schema,SimpleIntegerArray,57,9,6,0,13,4,8,2,5,2
openapi-codegen-maven-plugin-test,org.davidmoten.oa3.codegen.test.main.schema,Nested.First,142,0,12,0,28,0,18,0,12,0
openapi-codegen-maven-plugin-test,org.davidmoten.oa3.codegen.test.main.schema,Dog3.BuilderWithPet3,17,0,0,0,5,0,2,0,2,0
openapi-codegen-maven-plugin-test,org.davidmoten.oa3.codegen.test.main.schema,ArrayInProperty.Counts,57,9,6,0,13,4,8,2,5,2
openapi-codegen-maven-plugin-test,org.davidmoten.oa3.codegen.test.main.schema,Circle.BuilderWithLat,0,17,0,0,0,5,0,2,0,2
openapi-codegen-maven-plugin-test,org.davidmoten.oa3.codegen.test.main.schema,SmallInt,39,49,4,4,8,12,8,3,4,3
openapi-codegen-maven-plugin-test,org.davidmoten.oa3.codegen.test.main.schema,Longitude,60,28,7,1,13,7,9,2,5,2
openapi-codegen-maven-plugin-test,org.davidmoten.oa3.codegen.test.main.schema,AdditionalProperties,152,73,14,2,21,22,17,7,9,7
openapi-codegen-maven-plugin-test,org.davidmoten.oa3.codegen.test.main.schema,OneOfUsesConstraints._Deserializer,0,16,0,0,0,2,0,1,0,1
openapi-codegen-maven-plugin-test,org.davidmoten.oa3.codegen.test.main.schema,OctetsList,75,0,8,0,19,0,11,0,7,0
openapi-codegen-maven-plugin-test,org.davidmoten.oa3.codegen.test.main.schema,Rectangle.BuilderWithWidthDegrees,22,0,0,0,4,0,2,0,2,0
openapi-codegen-maven-plugin-test,org.davidmoten.oa3.codegen.test.main.schema,AnyOfObjectExtensions.Option2,72,58,6,6,12,15,13,4,7,4
openapi-codegen-maven-plugin-test,org.davidmoten.oa3.codegen.test.main.schema,AnyOfObjectExtensions.Option1,36,39,4,4,8,11,8,3,4,3
openapi-codegen-maven-plugin-test,org.davidmoten.oa3.codegen.test.main.schema,Items,81,0,8,0,20,0,12,0,8,0
openapi-codegen-maven-plugin-test,org.davidmoten.oa3.codegen.test.main.schema,NullableIntegerEnum._Deserializer,0,6,0,0,0,2,0,1,0,1
openapi-codegen-maven-plugin-test,org.davidmoten.oa3.codegen.test.main.schema,ObjectNameClash.LineItems.Object,72,0,6,0,12,0,7,0,4,0
openapi-codegen-maven-plugin-test,org.davidmoten.oa3.codegen.test.main.schema,Dog.Option1,57,24,7,1,13,7,9,3,5,3
openapi-codegen-maven-plugin-test,org.davidmoten.oa3.codegen.test.main.schema,OneOfUsesConstraints,86,11,6,0,17,4,10,2,7,2
openapi-codegen-maven-plugin-test,org.davidmoten.oa3.codegen.test.main.schema,Msi.BuilderWithStatus,78,46,0,0,20,4,10,2,10,2
openapi-codegen-maven-plugin-test,org.davidmoten.oa3.codegen.test.main.schema,AdditionalProperties.Builder,28,55,0,0,7,12,5,6,5,6
openapi-codegen-maven-plugin-test,org.davidmoten.oa3.codegen.test.main.schema,SimpleDouble,62,9,6,0,13,4,8,2,5,2
openapi-codegen-maven-plugin-test,org.davidmoten.oa3.codegen.test.main.schema,AuthenticationResponse.Builder,11,0,0,0,4,0,2,0,2,0
openapi-codegen-maven-plugin-test,org.davidmoten.oa3.codegen.test.main.schema,Square2,52,28,6,0,12,8,7,4,4,4
openapi-codegen-maven-plugin-test,org.davidmoten.oa3.codegen.test.main.schema,Circle,137,47,12,2,19,14,15,5,8,5
openapi-codegen-maven-plugin-test,org.davidmoten.oa3.codegen.test.main.schema,Thing2.Stuff._Deserializer,16,0,0,0,2,0,1,0,1,0
openapi-codegen-maven-plugin-test,org.davidmoten.oa3.codegen.test.main.schema,MinMaxInteger,62,26,7,1,13,7,9,2,5,2
openapi-codegen-maven-plugin-test,org.davidmoten.oa3.codegen.test.main.schema,PropertyRef,57,18,7,1,13,6,9,2,5,2
openapi-codegen-maven-plugin-test,org.davidmoten.oa3.codegen.test.main.schema,Square3,80,0,6,0,20,0,11,0,8,0
openapi-codegen-maven-plugin-test,org.davidmoten.oa3.codegen.test.main.schema,NullableAdditionalProperties.Files.Properties,81,0,8,0,20,0,12,0,8,0
openapi-codegen-maven-plugin-test,org.davidmoten.oa3.codegen.test.main.schema,AdditionalPropertiesNullable,52,38,7,1,12,12,8,5,4,5
openapi-codegen-maven-plugin-test,org.davidmoten.oa3.codegen.test.main.schema,MetArea,68,7,7,1,17,2,10,1,6,1
openapi-codegen-maven-plugin-test,org.davidmoten.oa3.codegen.test.main.schema,NullableMapPropertyNotAlone.Builder,33,0,0,0,11,0,5,0,5,0
openapi-codegen-maven-plugin-test,org.davidmoten.oa3.codegen.test.main.schema,AllOfRefs.BuilderWithSquare2,16,0,0,0,4,0,2,0,2,0
openapi-codegen-maven-plugin-test,org.davidmoten.oa3.codegen.test.main.schema,AllOfAnyOfAdditionalProperties.BuilderWithOption1,17,0,0,0,5,0,2,0,2,0
openapi-codegen-maven-plugin-test,org.davidmoten.oa3.codegen.test.main.schema,Thing,97,0,6,0,21,0,12,0,9,0
openapi-codegen-maven-plugin-test,org.davidmoten.oa3.codegen.test.main.schema,BinaryConstraints,83,0,8,0,21,0,11,0,7,0
openapi-codegen-maven-plugin-test,org.davidmoten.oa3.codegen.test.main.schema,SimpleFloat,62,9,6,0,13,4,8,2,5,2
openapi-codegen-maven-plugin-test,org.davidmoten.oa3.codegen.test.main.schema,Dog.BuilderWithPet,0,17,0,0,0,5,0,2,0,2
openapi-codegen-maven-plugin-test,org.davidmoten.oa3.codegen.test.main.schema,SingleNotOptional,57,14,6,0,12,5,7,3,4,3
openapi-codegen-maven-plugin-test,org.davidmoten.oa3.codegen.test.main.schema,ObjectNoOptionalFields.Builder,11,0,0,0,4,0,2,0,2,0
openapi-codegen-maven-plugin-test,org.davidmoten.oa3.codegen.test.main.schema,AnyObjectArrayProperty2.BuilderWithOther,16,0,0,0,4,0,2,0,2,0
openapi-codegen-maven-plugin-test,org.davidmoten.oa3.codegen.test.main.schema,PropertyBytesRequired.Builder,11,0,0,0,4,0,2,0,2,0
openapi-codegen-maven-plugin-test,org.davidmoten.oa3.codegen.test.main.schema,Error.StackTrace,75,0,8,0,19,0,11,0,7,0
openapi-codegen-maven-plugin-test,org.davidmoten.oa3.codegen.test.main.schema,Msi.BuilderWithId,0,17,0,0,0,5,0,2,0,2
openapi-codegen-maven-plugin-test,org.davidmoten.oa3.codegen.test.main.schema,NavCoastalWarningArea.Builder,11,0,0,0,4,0,2,0,2,0
openapi-codegen-maven-plugin-test,org.davidmoten.oa3.codegen.test.main.schema,AnyOfSimpleTypes._Serializer,0,5,0,0,0,2,0,1,0,1
openapi-codegen-maven-plugin-test,org.davidmoten.oa3.codegen.test.main.schema,AnyOfObjectExtensions.Option2.Counts,36,30,3,3,8,9,7,3,4,3
openapi-codegen-maven-plugin-test,org.davidmoten.oa3.codegen.test.main.schema,SimpleEnum,14,80,2,4,1,13,2,5,0,4
openapi-codegen-maven-plugin-test,org.davidmoten.oa3.codegen.test.main.schema,SimpleByteArray,57,18,7,1,13,6,9,2,5,2
openapi-codegen-maven-plugin-test,org.davidmoten.oa3.codegen.test.main.schema,AnonymousOneOf._Deserializer,16,0,0,0,2,0,1,0,1,0
openapi-codegen-maven-plugin-test,org.davidmoten.oa3.codegen.test.main.schema,ArrayOfOneOfString.ArrayOfOneOfStringItem._Deserializer,0,16,0,0,0,2,0,1,0,1
openapi-codegen-maven-plugin-test,org.davidmoten.oa3.codegen.test.main.schema,Broadcast._Deserializer,0,24,0,0,0,2,0,1,0,1
openapi-codegen-maven-plugin-test,org.davidmoten.oa3.codegen.test.main.schema,ArbitraryPrecisionEnum,117,0,6,0,15,0,7,0,4,0
openapi-codegen-maven-plugin-test,org.davidmoten.oa3.codegen.test.main.schema,LargeInt,39,43,4,4,8,11,8,3,4,3
openapi-codegen-maven-plugin-test,org.davidmoten.oa3.codegen.test.main.schema,AnyOfConflictingTypes2,81,32,11,1,14,9,11,3,5,3
openapi-codegen-maven-plugin-test,org.davidmoten.oa3.codegen.test.main.schema,PetByType.PetType,83,0,6,0,13,0,7,0,4,0
openapi-codegen-maven-plugin-test,org.davidmoten.oa3.codegen.test.main.schema,MsiContent.Builder,29,0,0,0,10,0,2,0,2,0
openapi-codegen-maven-plugin-test,org.davidmoten.oa3.codegen.test.main.schema,NumRepetitions,94,0,6,0,14,0,7,0,4,0
openapi-codegen-maven-plugin-test,org.davidmoten.oa3.codegen.test.main.schema,AnyOfConflictingTypes2._Deserializer,17,0,0,0,2,0,1,0,1,0
openapi-codegen-maven-plugin-test,org.davidmoten.oa3.codegen.test.main.schema,Payload,55,28,7,1,13,8,9,2,5,2
openapi-codegen-maven-plugin-test,org.davidmoten.oa3.codegen.test.main.schema,SARBroadcast,176,11,13,1,31,3,20,1,13,1
openapi-codegen-maven-plugin-test,org.davidmoten.oa3.codegen.test.main.schema,Cat3.Detail.Builder,41,0,0,0,13,0,6,0,6,0
openapi-codegen-maven-plugin-test,org.davidmoten.oa3.codegen.test.main.schema,BlankStringEnum,37,57,5,1,4,10,4,3,1,3
openapi-codegen-maven-plugin-test,org.davidmoten.oa3.codegen.test.main.schema,AnyOfSimpleTypes,48,65,6,6,6,17,10,4,4,4
openapi-codegen-maven-plugin-test,org.davidmoten.oa3.codegen.test.main.schema,ObjectNameClash.LineItems.BuilderWithObject,31,0,0,0,8,0,4,0,4,0
openapi-codegen-maven-plugin-test,org.davidmoten.oa3.codegen.test.main.schema,AllOfRefs,110,0,12,0,22,0,15,0,9,0
openapi-codegen-maven-plugin-test,org.davidmoten.oa3.codegen.test.main.schema,MetCoastalWarningArea.BuilderWithMetAreaCode,17,0,0,0,5,0,2,0,2,0
openapi-codegen-maven-plugin-test,org.davidmoten.oa3.codegen.test.main.schema,BroadcastType,105,0,6,0,15,0,7,0,4,0
openapi-codegen-maven-plugin-test,org.davidmoten.oa3.codegen.test.main.schema,MsiContent.BuilderWithPayload,127,0,0,0,28,0,14,0,14,0
openapi-codegen-maven-plugin-test,org.davidmoten.oa3.codegen.test.main.schema,EnumOfObjects,19,66,3,3,2,11,4,3,1,3
openapi-codegen-maven-plugin-test,org.davidmoten.oa3.codegen.test.main.schema,Table,57,18,7,1,13,6,9,2,5,2
openapi-codegen-maven-plugin-test,org.davidmoten.oa3.codegen.test.main.schema,HasUnderscores.TheThing,40,43,5,1,5,8,5,2,2,2
openapi-codegen-maven-plugin-test,org.davidmoten.oa3.codegen.test.main.schema,AnyOfConflictingTypes2._Serializer,0,5,0,0,0,2,0,1,0,1
openapi-codegen-maven-plugin-test,org.davidmoten.oa3.codegen.test.main.schema,SARPriority,19,75,3,3,2,12,4,3,1,3
openapi-codegen-maven-plugin-test,org.davidmoten.oa3.codegen.test.main.schema,ArrayOfObjectInProperty.Records.RecordsItem.BuilderWithDescription,16,0,0,0,4,0,2,0,2,0
openapi-codegen-maven-plugin-test,org.davidmoten.oa3.codegen.test.main.schema,DogBreed,17,66,2,4,2,11,3,4,1,3
openapi-codegen-maven-plugin-test,org.davidmoten.oa3.codegen.test.main.schema,Nested.First.First2,81,0,8,0,20,0,12,0,8,0
openapi-codegen-maven-plugin-test,org.davidmoten.oa3.codegen.test.main.schema,NavCoastalWarningArea,181,0,14,0,34,0,20,0,13,0
openapi-codegen-maven-plugin-test,org.davidmoten.oa3.codegen.test.main.schema,Repetition.BuilderWithIntervalHours,16,0,0,0,4,0,2,0,2,0
openapi-codegen-maven-plugin-test,org.davidmoten.oa3.codegen.test.main.schema,AnyObjectArrayProperty2,130,0,12,0,27,0,17,0,11,0
openapi-codegen-maven-plugin-test,org.davidmoten.oa3.codegen.test.main.schema,AnyOfSimpleTypes._Deserializer,0,17,0,0,0,2,0,1,0,1
openapi-codegen-maven-plugin-test,org.davidmoten.oa3.codegen.test.main.schema,AllOfAnyOf._Deserializer,16,0,0,0,2,0,1,0,1,0
openapi-codegen-maven-plugin-test,org.davidmoten.oa3.codegen.test.main.schema,Nested.First.Builder,39,0,0,0,13,0,6,0,6,0
openapi-codegen-maven-plugin-test,org.davidmoten.oa3.codegen.test.main.schema,Square3.ShapeType,72,0,6,0,12,0,7,0,4,0
openapi-codegen-maven-plugin-test,org.davidmoten.oa3.codegen.test.main.schema,MsiContent,595,0,24,0,69,0,41,0,29,0
openapi-codegen-maven-plugin-test,org.davidmoten.oa3.codegen.test.main.schema,Msi.Builder,0,26,0,0,0,9,0,2,0,2
openapi-codegen-maven-plugin-test,org.davidmoten.oa3.codegen.test.main.schema,AnyOfObjectExtensions.Option1.Counts,36,30,3,3,8,9,7,3,4,3
openapi-codegen-maven-plugin-test,org.davidmoten.oa3.codegen.test.main.schema,Dog3.Builder,11,0,0,0,4,0,2,0,2,0
openapi-codegen-maven-plugin-test,org.davidmoten.oa3.codegen.test.main.schema,IntervalHours,229,0,4,0,25,0,6,0,4,0
openapi-codegen-maven-plugin-test,org.davidmoten.oa3.codegen.test.main.schema,PropertyBytesRequired.BuilderWithTwo,16,0,0,0,4,0,2,0,2,0
openapi-codegen-maven-plugin-test,org.davidmoten.oa3.codegen.test.main.schema,Dog.Option1.Breed,17,66,2,4,2,11,3,4,1,3
openapi-codegen-maven-plugin-test,org.davidmoten.oa3.codegen.test.main.schema,AnyObjectArrayProperty2.Builder,11,0,0,0,4,0,2,0,2,0
openapi-codegen-maven-plugin-test,org.davidmoten.oa3.codegen.test.main.schema,SubjectIndicator,248,0,6,0,28,0,7,0,4,0
openapi-codegen-maven-plugin-test,org.davidmoten.oa3.codegen.test.main.schema,Broadcast,127,24,6,0,21,8,12,4,9,4
openapi-codegen-maven-plugin-test,org.davidmoten.oa3.codegen.test.main.schema,AdditionalPropertiesOnProperty,81,0,8,0,20,0,12,0,8,0
openapi-codegen-maven-plugin-test,org.davidmoten.oa3.codegen.test.main.schema,ArrayOfOneOfString.ArrayOfOneOfStringItem,70,26,6,0,11,10,8,4,5,4
openapi-codegen-maven-plugin-test,org.davidmoten.oa3.codegen.test.main.schema,ObjectAllOptionalFields,115,28,11,1,19,9,15,3,9,3
openapi-codegen-maven-plugin-test,org.davidmoten.oa3.codegen.test.main.schema,AllOfAnyOfAdditionalProperties.Option1.Items,75,0,8,0,19,0,11,0,7,0
openapi-codegen-maven-plugin-test,org.davidmoten.oa3.codegen.test.main.schema,Repetition.BuilderWithNumber,17,0,0,0,5,0,2,0,2,0
openapi-codegen-maven-plugin-test,org.davidmoten.oa3.codegen.test.main.schema,AllOfAllOf.BuilderWithDog,16,0,0,0,4,0,2,0,2,0
openapi-codegen-maven-plugin-test,org.davidmoten.oa3.codegen.test.main.schema,StaticTransform.Type,72,0,6,0,12,0,7,0,4,0
openapi-codegen-maven-plugin-test,org.davidmoten.oa3.codegen.test.main.schema,Rectangle.BuilderWithLeftLon,17,0,0,0,5,0,2,0,2,0
openapi-codegen-maven-plugin-test,org.davidmoten.oa3.codegen.test.main.schema,SimpleLong,65,6,6,0,14,3,9,1,6,1
openapi-codegen-maven-plugin-test,org.davidmoten.oa3.codegen.test.main.schema,AnyObjectProperty2.Builder,0,16,0,0,0,5,0,2,0,2
openapi-codegen-maven-plugin-test,org.davidmoten.oa3.codegen.test.main.schema,EnumRepeated,40,43,5,1,5,8,5,2,2,2
openapi-codegen-maven-plugin-test,org.davidmoten.oa3.codegen.test.main.schema,Thing2,81,0,8,0,20,0,12,0,8,0
openapi-codegen-maven-plugin-test,org.davidmoten.oa3.codegen.test.main.schema,Simple,75,0,8,0,19,0,11,0,7,0
openapi-codegen-maven-plugin-test,org.davidmoten.oa3.codegen.test.main.schema,Msi.BuilderWithStartTime,0,17,0,0,0,5,0,2,0,2
openapi-codegen-maven-plugin-test,org.davidmoten.oa3.codegen.test.main.schema,Cat3.Detail,144,0,12,0,28,0,18,0,12,0
openapi-codegen-maven-plugin-test,org.davidmoten.oa3.codegen.test.main.schema,PetByAge.Builder,14,0,0,0,5,0,2,0,2,0
openapi-codegen-maven-plugin-test,org.davidmoten.oa3.codegen.test.main.schema,AllOfAnyOf,118,0,12,0,24,0,17,0,11,0
openapi-codegen-maven-plugin-test,org.davidmoten.oa3.codegen.test.main.schema,PetByType.BuilderWithPet_type,32,0,0,0,8,0,4,0,4,0
openapi-codegen-maven-plugin-test,org.davidmoten.oa3.codegen.test.main.schema,PiracyBroadcast.BuilderWithPriority,16,0,0,0,4,0,2,0,2,0
openapi-codegen-maven-plugin-test,org.davidmoten.oa3.codegen.test.main.schema,Cat3.BuilderWithPet3,17,0,0,0,5,0,2,0,2,0
openapi-codegen-maven-plugin-test,org.davidmoten.oa3.codegen.test.main.schema,AnyObjectArrayProperty,81,0,8,0,20,0,12,0,8,0
openapi-codegen-maven-plugin-test,org.davidmoten.oa3.codegen.test.main.schema,NestedNameCollision.Other,81,0,8,0,20,0,12,0,8,0
openapi-codegen-maven-plugin-test,org.davidmoten.oa3.codegen.test.main.schema,Rectangle,247,7,15,1,43,2,22,1,14,1
openapi-codegen-maven-plugin-test,org.davidmoten.oa3.codegen.test.main.schema,Msi.BuilderWithBroadcast,0,17,0,0,0,5,0,2,0,2
openapi-codegen-maven-plugin-test,org.davidmoten.oa3.codegen.test.main.schema,MetBroadcast.BuilderWithArea,0,17,0,0,0,5,0,2,0,2
openapi-codegen-maven-plugin-test,org.davidmoten.oa3.codegen.test.main.schema,AdditionalPropertiesTrue,152,77,14,2,21,23,17,7,9,7
openapi-codegen-maven-plugin-test,org.davidmoten.oa3.codegen.test.main.schema,MixRequiredAndNotRequiredWithConstraint.BuilderWithA,16,16,0,0,4,4,2,2,2,2
openapi-codegen-maven-plugin-test,org.davidmoten.oa3.codegen.test.main.schema,PetByType.Builder,14,0,0,0,5,0,2,0,2,0
openapi-codegen-maven-plugin-test,org.davidmoten.oa3.codegen.test.main.schema,AllOfAllOf.BuilderWithOption1,17,0,0,0,5,0,2,0,2,0
openapi-codegen-maven-plugin-test,org.davidmoten.oa3.codegen.test.main.schema,Dog2.BuilderWithPet,0,17,0,0,0,5,0,2,0,2
openapi-codegen-maven-plugin-test,org.davidmoten.oa3.codegen.test.main.schema,MinMaxItemsObjectRef.List,60,23,7,1,14,7,10,1,6,1
openapi-codegen-maven-plugin-test,org.davidmoten.oa3.codegen.test.main.schema,One._Deserializer,16,0,0,0,2,0,1,0,1,0
openapi-codegen-maven-plugin-test,org.davidmoten.oa3.codegen.test.main.schema,NestedNameCollision.Other.Collision,81,0,8,0,20,0,12,0,8,0
openapi-codegen-maven-plugin-test,org.davidmoten.oa3.codegen.test.main.schema,AllOfAllOf._Deserializer,16,0,0,0,2,0,1,0,1,0
openapi-codegen-maven-plugin-test,org.davidmoten.oa3.codegen.test.main.schema,NullableMapPropertyArrayReq,75,0,8,0,19,0,11,0,7,0
openapi-codegen-maven-plugin-test,org.davidmoten.oa3.codegen.test.main.schema,Rectangle.BuilderWithMinLat,17,0,0,0,5,0,2,0,2,0
openapi-codegen-maven-plugin-test,org.davidmoten.oa3.codegen.test.main.schema,ArrayOfObjectInProperty.Records.RecordsItem.Builder,11,0,0,0,4,0,2,0,2,0
openapi-codegen-maven-plugin-test,org.davidmoten.oa3.codegen.test.main.schema,Dog2,74,44,11,1,11,13,10,7,4,7
openapi-codegen-maven-plugin-test,org.davidmoten.oa3.codegen.test.main.schema,Dog3,118,0,12,0,24,0,17,0,11,0
openapi-codegen-maven-plugin-test,org.davidmoten.oa3.codegen.test.main.schema,MixRequiredAndNotRequiredWithConstraint,109,39,11,1,19,11,15,3,9,3
openapi-codegen-maven-plugin-test,org.davidmoten.oa3.codegen.test.main.schema,NullableStringEnum._Deserializer,0,6,0,0,0,2,0,1,0,1
openapi-codegen-maven-plugin-test,org.davidmoten.oa3.codegen.test.main.schema,AllOfAnyOfAdditionalProperties.Builder,11,0,0,0,4,0,2,0,2,0
openapi-codegen-maven-plugin-test,org.davidmoten.oa3.codegen.test.main.schema,AllOfAllOf.Option1.Items,75,0,8,0,19,0,11,0,7,0
openapi-codegen-maven-plugin-test,org.davidmoten.oa3.codegen.test.main.schema,ArrayComplex.ArrayComplexItem.BuilderWithFirstName,31,0,0,0,8,0,4,0,4,0
openapi-codegen-maven-plugin-test,org.davidmoten.oa3.codegen.test.main.schema,ArrayNullableItems.ArrayNullableItemsItem.BuilderWithStart,17,0,0,0,5,0,2,0,2,0
openapi-codegen-maven-plugin-test,org.davidmoten.oa3.codegen.test.main.schema,Breeding.BuilderWithBreeder,0,17,0,0,0,5,0,2,0,2
openapi-codegen-maven-plugin-test,org.davidmoten.oa3.codegen.test.main.schema,PiracyBroadcast.Builder,11,0,0,0,4,0,2,0,2,0
openapi-codegen-maven-plugin-test,org.davidmoten.oa3.codegen.test.main.schema,AllOfAnyOf.Option1,81,0,8,0,20,0,12,0,8,0
openapi-codegen-maven-plugin-test,org.davidmoten.oa3.codegen.test.main.schema,AllOfAnyOfAdditionalProperties.Option1.Builder,66,0,0,0,14,0,9,0,9,0
openapi-codegen-maven-plugin-test,org.davidmoten.oa3.codegen.test.main.schema,ObjectAllOptionalFields.Builder,40,0,0,0,13,0,6,0,6,0
openapi-codegen-maven-plugin-test,org.davidmoten.oa3.codegen.test.main.schema,ArbitraryPrecisionNumber,52,33,7,1,12,9,8,3,4,3
openapi-codegen-maven-plugin-test,org.davidmoten.oa3.codegen.test.main.schema,PropertyAnonymous.Name,117,25,11,1,20,8,16,2,10,2
openapi-codegen-maven-plugin-test,org.davidmoten.oa3.codegen.test.main.schema,Repetition,130,0,12,0,27,0,17,0,11,0
openapi-codegen-maven-plugin-test,org.davidmoten.oa3.codegen.test.main.schema,AdditionalPropertiesOnProperty.Props,82,0,6,0,22,0,12,0,9,0
openapi-codegen-maven-plugin-test,org.davidmoten.oa3.codegen.test.main.schema,Dog2.BuilderWithBreeding,0,16,0,0,0,4,0,2,0,2
openapi-codegen-maven-plugin-test,org.davidmoten.oa3.codegen.test.main.schema,NullableExample.B,19,64,3,3,2,11,4,3,1,3
openapi-codegen-maven-plugin-test,org.davidmoten.oa3.codegen.test.main.schema,HasUnderscores,60,21,7,1,14,6,10,2,6,2
openapi-codegen-maven-plugin-test,org.davidmoten.oa3.codegen.test.main.schema,MetCoastalWarningArea.BuilderWithSubjectIndicator,17,0,0,0,5,0,2,0,2,0
openapi-codegen-maven-plugin-test,org.davidmoten.oa3.codegen.test.main.schema,Breeding.Builder,0,11,0,0,0,4,0,2,0,2
openapi-codegen-maven-plugin-test,org.davidmoten.oa3.codegen.test.main.schema,ObjectNameClash.LineItems.String,83,0,6,0,13,0,7,0,4,0
openapi-codegen-maven-plugin-test,org.davidmoten.oa3.codegen.test.main.schema,AnyOfObjectExtensions.Option2.BuilderWithName,0,17,0,0,0,5,0,2,0,2
openapi-codegen-maven-plugin-test,org.davidmoten.oa3.codegen.test.main.schema,AllOfAllOf.Builder,11,0,0,0,4,0,2,0,2,0
openapi-codegen-maven-plugin-test,org.davidmoten.oa3.codegen.test.main.schema,AuthenticationRequestBody.BuilderWithPassword,35,0,0,0,8,0,4,0,4,0
openapi-codegen-maven-plugin-test,org.davidmoten.oa3.codegen.test.main.schema,AnyObjectArrayProperty2.BuilderWithStuff,17,0,0,0,5,0,2,0,2,0
openapi-codegen-maven-plugin-test,org.davidmoten.oa3.codegen.test.main.schema,One,97,0,6,0,21,0,12,0,9,0
openapi-codegen-maven-plugin-test,org.davidmoten.oa3.codegen.test.main.schema,Pattern.BuilderWithFirst,31,0,0,0,8,0,4,0,4,0
openapi-codegen-maven-plugin-test,org.davidmoten.oa3.codegen.test.main.schema,EnumCollision,40,54,5,1,5,9,5,2,2,2
openapi-codegen-maven-plugin-test,org.davidmoten.oa3.codegen.test.main.schema,Breeding.BuilderWithBreed,0,16,0,0,0,4,0,2,0,2
openapi-codegen-maven-plugin-test,org.davidmoten.oa3.codegen.test.main.schema,MinMaxLength.BuilderWithFirst,31,0,0,0,8,0,4,0,4,0
openapi-codegen-maven-plugin-test,org.davidmoten.oa3.codegen.test.main.schema,TwoMaps,94,32,11,1,16,10,12,4,6,4
openapi-codegen-maven-plugin-test,org.davidmoten.oa3.codegen.test.main.schema,AnyOfObjectExtensions.Option2.Builder,0,11,0,0,0,4,0,2,0,2
openapi-codegen-maven-plugin-test,org.davidmoten.oa3.codegen.test.main.schema,AnyOfWithNullableMembers._Deserializer,0,32,0,0,0,2,0,1,0,1
openapi-codegen-maven-plugin-test,org.davidmoten.oa3.codegen.test.main.schema,Dog._Deserializer,0,16,0,0,0,2,0,1,0,1
openapi-codegen-maven-plugin-test,org.davidmoten.oa3.codegen.test.main.schema,WriteOnly,191,49,15,1,25,15,19,5,11,5
openapi-codegen-maven-plugin-test,org.davidmoten.oa3.codegen.test.main.schema,AnyOfThing,113,0,12,0,23,0,14,0,8,0
openapi-codegen-maven-plugin-test,org.davidmoten.oa3.codegen.test.main.schema,Cat3,118,0,12,0,24,0,17,0,11,0
openapi-codegen-maven-plugin-test,org.davidmoten.oa3.codegen.test.main.schema,Error,360,0,18,0,51,0,30,0,21,0
openapi-codegen-maven-plugin-test,org.davidmoten.oa3.codegen.test.main.schema,AnyObjectProperty2.BuilderWithOther,0,16,0,0,0,4,0,2,0,2
openapi-codegen-maven-plugin-test,org.davidmoten.oa3.codegen.test.main.schema,Items.Items2,75,0,8,0,19,0,11,0,7,0
openapi-codegen-maven-plugin-test,org.davidmoten.oa3.codegen.test.main.schema,SingleOptional,52,30,7,1,12,8,8,4,4,4
openapi-codegen-maven-plugin-test,org.davidmoten.oa3.codegen.test.main.schema,AnyOfSimpleTypes.Builder,10,27,0,0,4,9,2,4,2,4
openapi-codegen-maven-plugin-test,org.davidmoten.oa3.codegen.test.main.schema,SimpleDateTime,57,18,7,1,13,6,9,2,5,2
openapi-codegen-maven-plugin-test,org.davidmoten.oa3.codegen.test.main.schema,Rectangle.Builder,11,0,0,0,4,0,2,0,2,0
openapi-codegen-maven-plugin-test,org.davidmoten.oa3.codegen.test.main.schema,RequiredReadOnlyNullable,114,24,11,1,19,8,15,3,9,3
openapi-codegen-maven-plugin-test,org.davidmoten.oa3.codegen.test.main.schema,ArrayOfOneOf.ArrayOfOneOfItem._Deserializer,0,16,0,0,0,2,0,1,0,1
openapi-codegen-maven-plugin-test,org.davidmoten.oa3.codegen.test.main.schema,AnyObjectProperty,52,23,7,1,12,7,8,3,4,3
openapi-codegen-maven-plugin-test,org.davidmoten.oa3.codegen.test.main.schema,PropertyStartsWithUnderscore.Type2,97,0,4,0,13,0,6,0,4,0
openapi-codegen-maven-plugin-test,org.davidmoten.oa3.codegen.test.main.schema,Pet3,75,0,8,0,19,0,11,0,7,0
openapi-codegen-maven-plugin-test,org.davidmoten.oa3.codegen.test.main.schema,AllOfOneOf,110,0,12,0,22,0,15,0,9,0
openapi-codegen-maven-plugin-test,org.davidmoten.oa3.codegen.test.main.schema,Thing._Deserializer,16,0,0,0,2,0,1,0,1,0
openapi-codegen-maven-plugin-test,org.davidmoten.oa3.codegen.test.main.schema,Circle.BuilderWithRadiusNm,0,19,0,0,0,4,0,2,0,2
openapi-codegen-maven-plugin-test,org.davidmoten.oa3.codegen.test.main.schema,AllOfAnyOf.Builder,11,0,0,0,4,0,2,0,2,0
openapi-codegen-maven-plugin-test,org.davidmoten.oa3.codegen.test.main.schema,PropertyBytesNotRequired,142,0,12,0,28,0,18,0,12,0
openapi-codegen-maven-plugin-test,org.davidmoten.oa3.codegen.test.main.schema,ArraySimple,66,0,6,0,17,0,10,0,7,0
openapi-codegen-maven-plugin-test,org.davidmoten.oa3.codegen.test.main.schema,NullableMapPropertyReq,52,23,7,1,12,7,8,3,4,3
openapi-codegen-maven-plugin-test,org.davidmoten.oa3.codegen.test.main.schema,SimpleString,57,18,7,1,13,6,9,2,5,2
openapi-codegen-maven-plugin-test,org.davidmoten.oa3.codegen.test.main.schema,MinMaxItemsObjectRef,66,15,7,1,15,5,11,1,7,1
openapi-codegen-maven-plugin-test,org.davidmoten.oa3.codegen.test.main.schema,AnyOfConflictingTypes2.Builder,16,21,0,0,5,8,3,3,3,3
openapi-codegen-maven-plugin-test,org.davidmoten.oa3.codegen.test.main.schema,PropertyBytesRequired,130,0,12,0,27,0,17,0,11,0
openapi-codegen-maven-plugin-test,org.davidmoten.oa3.codegen.test.main.schema,Dog.BuilderWithOption1,0,16,0,0,0,4,0,2,0,2
openapi-codegen-maven-plugin-test,org.davidmoten.oa3.codegen.test.main.schema,ObjectNoOptionalFields,107,24,11,1,18,8,14,3,8,3
openapi-codegen-maven-plugin-test,org.davidmoten.oa3.codegen.test.main.schema,MinMaxLength,110,44,10,2,19,13,14,4,9,3
openapi-codegen-maven-plugin-test,org.davidmoten.oa3.codegen.test.main.schema,Dog2.Builder,0,11,0,0,0,4,0,2,0,2
openapi-codegen-maven-plugin-test,org.davidmoten.oa3.codegen.test.main.schema,AnyOfConflictingTypes._Serializer,0,5,0,0,0,2,0,1,0,1
openapi-codegen-maven-plugin-test,org.davidmoten.oa3.codegen.test.main.schema,RequiredWriteOnlyNullable.Builder,10,30,0,0,4,9,2,4,2,4
openapi-codegen-maven-plugin-test,org.davidmoten.oa3.codegen.test.main.schema,PiracyBroadcast.BuilderWithPiracyBroadcastArea,17,0,0,0,5,0,2,0,2,0
openapi-codegen-maven-plugin-test,org.davidmoten.oa3.codegen.test.main.schema,ReadOnly.Builder,0,20,0,0,0,7,0,2,0,2
openapi-codegen-maven-plugin-test,org.davidmoten.oa3.codegen.test.main.schema,Repetition.Builder,11,0,0,0,4,0,2,0,2,0
openapi-codegen-maven-plugin-test,org.davidmoten.oa3.codegen.test.main.schema,PropertyAnonymous,63,18,7,1,14,6,10,2,6,2
openapi-codegen-maven-plugin-test,org.davidmoten.oa3.codegen.test.main.schema,ExclusiveMinMaxInteger,62,26,7,1,13,7,9,2,5,2
openapi-codegen-maven-plugin-test,org.davidmoten.oa3.codegen.test.main.schema,AuthenticationRequestBody,201,0,14,0,37,0,21,0,14,0
openapi-codegen-maven-plugin-test,org.davidmoten.oa3.codegen.test.main.schema,AllOfAllOf.Option1,81,0,8,0,20,0,12,0,8,0
openapi-codegen-maven-plugin-test,org.davidmoten.oa3.codegen.test.main.schema,AnonymousOneOf.Option2,75,0,8,0,19,0,11,0,7,0
openapi-codegen-maven-plugin-test,org.davidmoten.oa3.codegen.test.main.schema,AnonymousOneOf.Option1,75,0,8,0,19,0,11,0,7,0
openapi-codegen-maven-plugin-test,org.davidmoten.oa3.codegen.test.main.schema,Car,126,0,10,0,25,0,14,0,9,0
openapi-codegen-maven-plugin-test,org.davidmoten.oa3.codegen.test.main.schema,AnyOfObjectExtensions.Builder,10,27,0,0,4,9,2,4,2,4
openapi-codegen-maven-plugin-test,org.davidmoten.oa3.codegen.test.main.schema,StringBadConstraint,75,0,8,0,19,0,11,0,7,0
openapi-codegen-maven-plugin-test,org.davidmoten.oa3.codegen.test.main.schema,AnyOfThing.Builder,37,0,0,0,13,0,6,0,6,0
openapi-codegen-maven-plugin-test,org.davidmoten.oa3.codegen.test.main.schema,ObjectNoOptionalFields.BuilderWithNum,16,0,0,0,4,0,2,0,2,0
openapi-codegen-maven-plugin-test,org.davidmoten.oa3.codegen.test.main.schema,Dog3.Detail,143,0,12,0,28,0,18,0,12,0
openapi-codegen-maven-plugin-test,org.davidmoten.oa3.codegen.test.main.schema,NullableMapPropertyArrayReq.Thing,77,0,8,0,19,0,11,0,7,0
openapi-codegen-maven-plugin-test,org.davidmoten.oa3.codegen.test.main.schema,ArbitraryPrecisionInteger,52,23,7,1,12,7,8,3,4,3
openapi-codegen-maven-plugin-test,org.davidmoten.oa3.codegen.test.main.schema,Pattern.Builder,14,0,0,0,5,0,2,0,2,0
openapi-codegen-maven-plugin-test,org.davidmoten.oa3.codegen.test.main.schema,ArrayOfObjectInProperty.Records.RecordsItem,131,0,12,0,26,0,17,0,11,0
openapi-codegen-maven-plugin-test,org.davidmoten.oa3.codegen.test.main.schema,WriteOnly.BuilderWithName,29,38,0,0,8,8,4,4,4,4
openapi-codegen-maven-plugin-test,org.davidmoten.oa3.codegen.test.main.schema,MetBroadcastArea,100,24,6,0,17,8,10,4,7,4
openapi-codegen-maven-plugin-test,org.davidmoten.oa3.codegen.test.main.schema,PetSearch.Builder,37,0,0,0,13,0,6,0,6,0
openapi-codegen-maven-plugin-test,org.davidmoten.oa3.codegen.test.main.schema,PropertyBytesRequired.BuilderWithOne,17,0,0,0,5,0,2,0,2,0
openapi-codegen-maven-plugin-test,org.davidmoten.oa3.codegen.test.main.schema,ObjectNoOptionalFields.BuilderWithLabel,17,0,0,0,5,0,2,0,2,0
openapi-codegen-maven-plugin-test,org.davidmoten.oa3.codegen.test.main.schema,NullableIntegerEnum,17,86,1,3,2,11,2,4,1,3
openapi-codegen-maven-plugin-test,org.davidmoten.oa3.codegen.test.main.schema,SimpleTime,57,18,7,1,13,6,9,2,5,2
openapi-codegen-maven-plugin-test,org.davidmoten.oa3.codegen.test.main.schema,SimpleBoolean,62,9,6,0,13,4,8,2,5,2
openapi-codegen-maven-plugin-test,org.davidmoten.oa3.codegen.test.main.schema,SimpleWithConstraints,87,0,8,0,22,0,11,0,7,0
openapi-codegen-maven-plugin-test,org.davidmoten.oa3.codegen.test.main.schema,PropertyRefOptional,63,18,7,1,14,6,10,2,6,2
openapi-codegen-maven-plugin-test,org.davidmoten.oa3.codegen.test.main.schema,ArrayNullableItems.ArrayNullableItemsItem,130,0,12,0,27,0,17,0,11,0
openapi-codegen-maven-plugin-test,org.davidmoten.oa3.codegen.test.main.schema,Dog.Builder,0,11,0,0,0,4,0,2,0,2
openapi-codegen-maven-plugin-test,org.davidmoten.oa3.codegen.test.main.schema,AdditionalProperties2,81,0,8,0,20,0,12,0,8,0
openapi-codegen-maven-plugin-test,org.davidmoten.oa3.codegen.test.main.schema,SARBroadcastArea._Deserializer,0,16,0,0,0,2,0,1,0,1
openapi-codegen-maven-plugin-test,org.davidmoten.oa3.codegen.test.main.schema,NonSARPriority,19,64,3,3,2,11,4,3,1,3
openapi-codegen-maven-plugin-test,org.davidmoten.oa3.codegen.test.main.schema,RequiredReadOnlyNullable.Builder,40,0,0,0,13,0,6,0,6,0
openapi-codegen-maven-plugin-test,org.davidmoten.oa3.codegen.test.main.schema,AuthenticationResponse.BuilderWithExpiryTime,16,0,0,0,4,0,2,0,2,0
openapi-codegen-maven-plugin-test,org.davidmoten.oa3.codegen.test.main.schema,ArrayOfOneOfString,57,18,7,1,13,6,9,2,5,2
openapi-codegen-maven-plugin-test,org.davidmoten.oa3.codegen.test.main.schema,PiracyBroadcast,123,7,11,1,25,2,16,1,10,1
openapi-codegen-maven-plugin-test,org.davidmoten.oa3.codegen.test.main.schema,AdditionalProperties2.AdditionalData,85,0,8,0,20,0,12,0,8,0
openapi-codegen-maven-plugin-test,org.davidmoten.oa3.codegen.test.main.schema,AdditionalPropertiesNested,52,39,7,1,12,12,8,5,4,5
openapi-codegen-maven-plugin-test,org.davidmoten.oa3.codegen.test.main.schema,AnyOfWithNullableMembers,103,103,9,9,10,25,17,3,8,3
openapi-codegen-maven-plugin-test,org.davidmoten.oa3.codegen.test.main.schema,Msi,820,103,31,1,62,30,48,4,32,4
openapi-codegen-maven-plugin-test,org.davidmoten.oa3.codegen.test.main.schema,Circle.BuilderWithLon,0,17,0,0,0,5,0,2,0,2
openapi-codegen-maven-plugin-test,org.davidmoten.oa3.codegen.test.main.schema,ObjectNameClash.LineItems,138,0,12,0,28,0,18,0,12,0
openapi-codegen-maven-plugin-test,org.davidmoten.oa3.codegen.test.main.schema,MetBroadcastArea._Deserializer,0,20,0,0,0,2,0,1,0,1
openapi-codegen-maven-plugin-test,org.davidmoten.oa3.codegen.test.main.schema,SARBroadcastArea,97,0,6,0,21,0,12,0,9,0
openapi-codegen-maven-plugin-test,org.davidmoten.oa3.codegen.test.main.schema,Bike,121,51,13,1,19,11,14,3,7,3
openapi-codegen-maven-plugin-test,org.davidmoten.oa3.codegen.test.main.schema,AuthenticationResponse,134,0,12,0,28,0,17,0,11,0
openapi-codegen-maven-plugin-test,org.davidmoten.oa3.codegen.test.main.schema,AnyOfConflictingTypes,85,28,11,1,15,8,12,2,6,2
openapi-codegen-maven-plugin-test,org.davidmoten.oa3.codegen.test.main.schema,NavArea,75,0,8,0,19,0,11,0,7,0
openapi-codegen-maven-plugin-test,org.davidmoten.oa3.codegen.test.main.schema,PetByType,139,0,12,0,28,0,18,0,12,0
openapi-codegen-maven-plugin-test,org.davidmoten.oa3.codegen.test.main.schema,PropertyAnonymous.Name.Builder,39,0,0,0,13,0,6,0,6,0
openapi-codegen-maven-plugin-test,org.davidmoten.oa3.codegen.test.main.schema,AnyOfObjectExtensions._Deserializer,0,17,0,0,0,2,0,1,0,1
openapi-codegen-maven-plugin-test,org.davidmoten.oa3.codegen.test.main.schema,AnyOfObjectExtensions._Serializer,0,5,0,0,0,2,0,1,0,1
openapi-codegen-maven-plugin-test,org.davidmoten.oa3.codegen.test.main.schema,AnyOfConflictingTypes._Deserializer,17,0,0,0,2,0,1,0,1,0
openapi-codegen-maven-plugin-test,org.davidmoten.oa3.codegen.test.main.schema,AllOfOneOf.BuilderWithOption1,17,0,0,0,5,0,2,0,2,0
openapi-codegen-maven-plugin-test,org.davidmoten.oa3.codegen.test.main.schema,NavCoastalWarningArea.BuilderWithCoastalWarningAreaCode,19,0,0,0,4,0,2,0,2,0
openapi-codegen-maven-plugin-test,org.davidmoten.oa3.codegen.test.main.schema,Thing2.Stuff,96,0,6,0,21,0,12,0,9,0
openapi-codegen-maven-plugin-test,org.davidmoten.oa3.codegen.test.main.schema,NullableAdditionalProperties.Files,90,0,8,0,24,0,13,0,9,0
openapi-codegen-maven-plugin-test,org.davidmoten.oa3.codegen.test.main.schema,AnyOfObjectExtensions.Option2.BuilderWithCounts,0,16,0,0,0,4,0,2,0,2
openapi-codegen-maven-plugin-test,org.davidmoten.oa3.codegen.test.main.schema,ObjectNameClash,81,0,8,0,20,0,12,0,8,0
openapi-codegen-maven-plugin-test,org.davidmoten.oa3.codegen.test.main.schema,AuthenticationRequestBody.Builder,14,0,0,0,5,0,2,0,2,0
openapi-codegen-maven-plugin-test,org.davidmoten.oa3.codegen.test.main.schema,MsiContent.BuilderWithBroadcast,17,0,0,0,5,0,2,0,2,0
openapi-codegen-maven-plugin-test,org.davidmoten.oa3.codegen.test.main.schema,MixRequiredAndNotRequiredWithConstraint.Builder,0,14,0,0,0,5,0,2,0,2
openapi-codegen-maven-plugin-test,org.davidmoten.oa3.codegen.test.main.schema,Dog3.Detail.Builder,40,0,0,0,13,0,6,0,6,0
openapi-codegen-maven-plugin-test,org.davidmoten.oa3.codegen.test.main.schema,ArrayOfOneOf.ArrayOfOneOfItem,70,25,6,0,11,10,8,4,5,4
openapi-codegen-maven-plugin-test,org.davidmoten.oa3.codegen.test.main.schema,PropertyStartsWithUnderscore,142,0,12,0,28,0,18,0,12,0
openapi-codegen-maven-plugin-test,org.davidmoten.oa3.codegen.test.main.schema,EnumOfObjectsNamed,17,68,2,4,2,11,3,4,1,3
openapi-codegen-maven-plugin-test,org.davidmoten.oa3.codegen.test.main.schema,NullableMapPropertyArrayNotReq,81,0,8,0,20,0,12,0,8,0
openapi-codegen-maven-plugin-test,org.davidmoten.oa3.codegen.test.main.schema,NullableMapPropertyArrayNotReq.Thing,77,0,8,0,19,0,11,0,7,0
openapi-codegen-maven-plugin-test,org.davidmoten.oa3.codegen.test.main.schema,AllOfAllOf,118,0,12,0,24,0,17,0,11,0
openapi-codegen-maven-plugin-test,org.davidmoten.oa3.codegen.test.main.schema,ArrayOfComplexType,57,18,7,1,13,6,9,2,5,2
openapi-codegen-maven-plugin-test,org.davidmoten.oa3.codegen.test.main.schema,ThingMember2,71,0,6,0,17,0,10,0,7,0
openapi-codegen-maven-plugin-test,org.davidmoten.oa3.codegen.test.main.schema,ThingMember1,75,0,8,0,19,0,11,0,7,0
openapi-codegen-maven-plugin-test,org.davidmoten.oa3.codegen.test.main.schema,Cat3.BuilderWithDetail,16,0,0,0,4,0,2,0,2,0
openapi-codegen-maven-plugin-test,org.davidmoten.oa3.codegen.test.main.schema,SARBroadcast.BuilderWithPriority,34,0,0,0,8,0,4,0,4,0
openapi-codegen-maven-plugin-test,org.davidmoten.oa3.codegen.test.main.schema,NullableSingle,81,0,8,0,20,0,12,0,8,0
openapi-codegen-maven-plugin-test,org.davidmoten.oa3.codegen.test.main.schema,NavAreaCode,88,0,8,0,20,0,11,0,7,0
openapi-codegen-maven-plugin-test,org.davidmoten.oa3.codegen.test.main.schema,SimpleInteger,62,9,6,0,13,4,8,2,5,2
openapi-codegen-maven-plugin-test,org.davidmoten.oa3.codegen.test.main.schema,MetAreaCode,88,0,8,0,20,0,11,0,7,0
openapi-codegen-maven-plugin-test,org.davidmoten.oa3.codegen.test.main.schema,AllOfOneOf.Builder,11,0,0,0,4,0,2,0,2,0
openapi-codegen-maven-plugin-test,org.davidmoten.oa3.codegen.test.main.schema,Status,17,99,2,4,2,14,3,4,1,3
openapi-codegen-maven-plugin-test,org.davidmoten.oa3.codegen.test.main.schema,ArrayOfObjectInProperty,75,0,8,0,19,0,11,0,7,0
openapi-codegen-maven-plugin-test,org.davidmoten.oa3.codegen.test.main.schema,NavCoastalWarningArea.BuilderWithNavAreaCode,17,0,0,0,5,0,2,0,2,0
openapi-codegen-maven-plugin-test,org.davidmoten.oa3.codegen.test.main.schema,ArrayComplex,75,0,8,0,19,0,11,0,7,0
openapi-codegen-maven-plugin-test,org.davidmoten.oa3.codegen.test.main.schema,NullableStringEnum,19,78,3,3,2,12,4,3,1,3
openapi-codegen-maven-plugin-test,org.davidmoten.oa3.codegen.test.main.schema,NavCoastalWarningArea.BuilderWithSubjectIndicator,17,0,0,0,5,0,2,0,2,0
openapi-codegen-maven-plugin-test,org.davidmoten.oa3.codegen.test.main.schema,MinMaxLength.Builder,14,0,0,0,5,0,2,0,2,0
openapi-codegen-maven-plugin-test,org.davidmoten.oa3.codegen.test.main.schema,EnumSubs,37,123,5,1,4,16,4,3,1,3
openapi-codegen-maven-plugin-test,org.davidmoten.oa3.codegen.test.main.schema,PetByAge,139,0,12,0,27,0,18,0,12,0
openapi-codegen-maven-plugin-test,org.davidmoten.oa3.codegen.test.main.schema,MetCoastalWarningArea,174,7,13,1,32,2,19,1,12,1
openapi-codegen-maven-plugin-test,org.davidmoten.oa3.codegen.test.main.schema,AnyOfThing._Deserializer,17,0,0,0,2,0,1,0,1,0
openapi-codegen-maven-plugin-test,org.davidmoten.oa3.codegen.test.main.schema,PetByAge.BuilderWithAge,31,0,0,0,8,0,4,0,4,0
openapi-codegen-maven-plugin-test,org.davidmoten.oa3.codegen.test.main.schema,AuthenticationResponse.BuilderWithToken,17,0,0,0,5,0,2,0,2,0
openapi-codegen-maven-plugin-test,org.davidmoten.oa3.codegen.test.main.schema,Geometry._Deserializer,0,16,0,0,0,2,0,1,0,1
openapi-codegen-maven-plugin-test,org.davidmoten.oa3.codegen.test.main.schema,NullableExample.BuilderWithA,0,17,0,0,0,5,0,2,0,2
openapi-codegen-maven-plugin-test,org.davidmoten.oa3.codegen.test.main.schema,NullableExample.BuilderWithB,24,29,0,0,6,6,3,3,3,3
openapi-codegen-maven-plugin-test,org.davidmoten.oa3.codegen.test.main.schema,NullableMapProperty,52,23,7,1,12,7,8,3,4,3
openapi-codegen-maven-plugin-test,org.davidmoten.oa3.codegen.test.main.schema,Nested.Builder,39,0,0,0,13,0,6,0,6,0
openapi-codegen-maven-plugin-test,org.davidmoten.oa3.codegen.test.main.schema,External,60,19,7,1,14,6,10,1,6,1
openapi-codegen-maven-plugin-test,org.davidmoten.oa3.codegen.test.main.schema,Oval,80,0,6,0,20,0,11,0,8,0
openapi-codegen-maven-plugin-test,org.davidmoten.oa3.codegen.test.main.schema,Circle.Builder,0,11,0,0,0,4,0,2,0,2
openapi-codegen-maven-plugin-test,org.davidmoten.oa3.codegen.test.main.schema,SimpleBinary,57,18,7,1,13,6,9,2,5,2
openapi-codegen-maven-plugin-test,org.davidmoten.oa3.codegen.test.main.schema,NavBroadcast.BuilderWithNavBroadcastArea,17,0,0,0,5,0,2,0,2,0
openapi-codegen-maven-plugin-test,org.davidmoten.oa3.codegen.test.main.schema,MetBroadcast.BuilderWithPriority,0,16,0,0,0,4,0,2,0,2
openapi-codegen-maven-plugin-test,org.davidmoten.oa3.codegen.test.main.schema,NestedNameCollision,142,0,12,0,28,0,18,0,12,0
openapi-codegen-maven-plugin-test,org.davidmoten.oa3.codegen.test.main.schema,ObjectNameClash.LineItems.Builder,14,0,0,0,5,0,2,0,2,0
openapi-codegen-maven-plugin-test,org.davidmoten.oa3.codegen.test.main.schema,String,79,0,8,0,20,0,11,0,7,0
openapi-codegen-maven-plugin-test,org.davidmoten.oa3.codegen.test.main.schema,Oval3.ShapeType,16,56,3,3,1,11,3,4,0,4
openapi-codegen-maven-plugin-test,org.davidmoten.oa3.codegen.test.main.schema,One.Option1,75,0,8,0,19,0,11,0,7,0
openapi-codegen-maven-plugin-test,org.davidmoten.oa3.codegen.test.main.schema,Dog3._Deserializer,16,0,0,0,2,0,1,0,1,0
openapi-codegen-maven-plugin-test,org.davidmoten.oa3.codegen.test.main.schema,One.Option2,66,0,6,0,17,0,10,0,7,0
openapi-codegen-maven-plugin-test,org.davidmoten.oa3.codegen.test.main.schema,SimpleInt,62,9,6,0,13,4,8,2,5,2
openapi-codegen-maven-plugin-test,org.davidmoten.oa3.codegen.test.main.schema,WriteOnly.Builder,0,20,0,0,0,7,0,2,0,2
openapi-codegen-maven-plugin-test,org.davidmoten.oa3.codegen.test.main.schema,DescriptionEscaping,75,0,8,0,19,0,11,0,7,0
openapi-codegen-maven-plugin-test,org.davidmoten.oa3.codegen.test.main.schema,AllOfAnyOfAdditionalProperties.BuilderWithAnyOfThing,16,0,0,0,4,0,2,0,2,0
openapi-codegen-maven-plugin-test,org.davidmoten.oa3.codegen.test.main.schema,SingletonEnum,16,56,3,3,1,11,3,4,0,4
openapi-codegen-maven-plugin-test,org.davidmoten.oa3.codegen.test.main.schema,AnyOfThing._Serializer,5,0,0,0,2,0,1,0,1,0
openapi-codegen-maven-plugin-test,org.davidmoten.oa3.codegen.test.main.schema,AdditionalProperties2.AdditionalData._Deserializer,12,0,0,0,2,0,1,0,1,0
openapi-codegen-maven-plugin-test,org.davidmoten.oa3.codegen.test.main.schema,PetSearch._Deserializer,17,0,0,0,2,0,1,0,1,0
openapi-codegen-maven-plugin-test,org.davidmoten.oa3.codegen.test.main.schema,AnonymousOneOf,97,0,6,0,21,0,12,0,9,0
openapi-codegen-maven-plugin-test,org.davidmoten.oa3.codegen.test.main.schema,AnyObjectProperty2,94,37,11,1,16,11,12,5,6,5
openapi-codegen-maven-plugin-test,org.davidmoten.oa3.codegen.test.main.schema,ListOfNullableConstraints,83,0,8,0,21,0,11,0,7,0
openapi-codegen-maven-plugin-test,org.davidmoten.oa3.codegen.test.main.schema,AnyOfConflictingTypes.Builder,38,0,0,0,13,0,6,0,6,0
openapi-codegen-maven-plugin-test,org.davidmoten.oa3.codegen.test.main.schema,AdditionalPropertiesTrue.Builder,28,55,0,0,7,12,5,6,5,6
openapi-codegen-maven-plugin-test,org.davidmoten.oa3.codegen.test.main.schema,Dog3.Detail.Breed,105,0,6,0,15,0,7,0,4,0
openapi-codegen-maven-plugin-test,org.davidmoten.oa3.codegen.test.main.schema,Table.TableItem,57,9,6,0,13,4,8,2,5,2
openapi-codegen-maven-plugin-test,org.davidmoten.oa3.codegen.test.main.schema,PropertyBytesNotRequired.Builder,39,0,0,0,13,0,6,0,6,0
openapi-codegen-maven-plugin-test,org.davidmoten.oa3.codegen.test.main.schema,NavBroadcast.BuilderWithPriority,16,0,0,0,4,0,2,0,2,0
openapi-codegen-maven-plugin-test,org.davidmoten.oa3.codegen.test.main.schema,Msi.BuilderWithEndTime,0,17,0,0,0,5,0,2,0,2
openapi-codegen-maven-plugin-test,org.davidmoten.oa3.codegen.test.main.schema,AnonymousOneOfDiscriminated.Option1,128,0,12,0,25,0,15,0,9,0
openapi-codegen-maven-plugin-test,org.davidmoten.oa3.codegen.test.main.schema,AnonymousOneOfDiscriminated.Option2,128,0,12,0,25,0,15,0,9,0
openapi-codegen-maven-plugin-test,org.davidmoten.oa3.codegen.test.main.schema,SimpleDate,57,18,7,1,13,6,9,2,5,2
openapi-codegen-maven-plugin-test,org.davidmoten.oa3.codegen.test.main.schema,AnyOfWithNullableMembers._Serializer,0,5,0,0,0,2,0,1,0,1
openapi-codegen-maven-plugin-test,org.davidmoten.oa3.codegen.test.main.schema,AnyOfObjectExtensions,48,65,6,6,6,17,10,4,4,4
openapi-codegen-maven-plugin-test,org.davidmoten.oa3.codegen.test.main.schema,NestedNameCollision.Builder,39,0,0,0,13,0,6,0,6,0
openapi-codegen-maven-plugin-test,org.davidmoten.oa3.codegen.test.main.schema,AdditionalProperties2.AdditionalData._Serializer,5,0,0,0,2,0,1,0,1,0
openapi-codegen-maven-plugin-test,org.davidmoten.oa3.codegen.test.main.schema,AllOfOneOf._Deserializer,16,0,0,0,2,0,1,0,1,0
openapi-codegen-maven-plugin-test,org.davidmoten.oa3.codegen.test.main.schema,SARBroadcast.Builder,14,0,0,0,5,0,2,0,2,0
openapi-codegen-maven-plugin-test,org.davidmoten.oa3.codegen.test.main.schema,ArrayInProperty,57,18,7,1,13,6,9,2,5,2
openapi-codegen-maven-plugin-test,org.davidmoten.oa3.codegen.test.main.schema,AllOfOneOf.Option1.Items,75,0,8,0,19,0,11,0,7,0
openapi-codegen-maven-plugin-test,org.davidmoten.oa3.codegen.test.main.schema,EnumProperty.Name,94,0,6,0,14,0,7,0,4,0
openapi-codegen-maven-plugin-test,org.davidmoten.oa3.codegen.test.main.schema,NamesWithSpaces,63,18,7,1,14,6,10,2,6,2
openapi-codegen-maven-plugin-test,org.davidmoten.oa3.codegen.test.main.schema,Geometry,73,24,6,0,13,8,8,4,5,4
openapi-codegen-maven-plugin-test,org.davidmoten.oa3.codegen.test.main.schema,EnumProperty,81,0,8,0,20,0,12,0,8,0
openapi-codegen-maven-plugin-test,org.davidmoten.oa3.codegen.test.main.schema,Dog3.BuilderWithDetail,16,0,0,0,4,0,2,0,2,0
openapi-codegen-maven-plugin-test,org.davidmoten.oa3.codegen.test.main.schema,NavOrPiracyBroadcastArea._Deserializer,0,20,0,0,0,2,0,1,0,1
openapi-codegen-maven-plugin-test,org.davidmoten.oa3.codegen.test.main.schema,ArrayNullableItems,75,0,8,0,19,0,11,0,7,0
openapi-codegen-maven-plugin-test,org.davidmoten.oa3.codegen.test.main.schema,AdditionalPropertiesOnly,82,0,6,0,22,0,12,0,9,0
openapi-codegen-maven-plugin-test,org.davidmoten.oa3.codegen.test.main.schema,AllOfRefs.Builder,11,0,0,0,4,0,2,0,2,0
openapi-codegen-maven-plugin-test,org.davidmoten.oa3.codegen.test.main.schema,AnyObjectProperty2.BuilderWithStuff,0,17,0,0,0,5,0,2,0,2
openapi-codegen-maven-plugin-test,org.davidmoten.oa3.codegen.test.main.schema,Exter,79,0,8,0,20,0,11,0,7,0
openapi-codegen-maven-plugin-test,org.davidmoten.oa3.codegen.test.main.schema,AllOfAnyOfAdditionalProperties.Option1,162,0,14,0,35,0,20,0,13,0
openapi-codegen-maven-plugin-test,org.davidmoten.oa3.codegen.test.main.schema,Ref,57,18,7,1,13,6,9,2,5,2
openapi-codegen-maven-plugin-test,org.davidmoten.oa3.codegen.test.main.schema,PropertyStartsWithUnderscore.Builder,39,0,0,0,13,0,6,0,6,0
openapi-codegen-maven-plugin-test,org.davidmoten.oa3.codegen.test.main.schema,Cat3.Builder,11,0,0,0,4,0,2,0,2,0
openapi-codegen-maven-plugin-test,org.davidmoten.oa3.codegen.test.main.schema,Msi.BuilderWithCreatedTime,0,17,0,0,0,5,0,2,0,2
openapi-codegen-maven-plugin-test,org.davidmoten.oa3.codegen.test.main.schema,Msi.BuilderWithPayload,0,17,0,0,0,5,0,2,0,2
openapi-codegen-maven-plugin-test,org.davidmoten.oa3.codegen.test.main.schema,ForeignLanguageEnum,83,0,6,0,13,0,7,0,4,0
openapi-codegen-maven-plugin-test,org.davidmoten.oa3.codegen.test.main.schema,AnyOfWithNullableMembers.Option4,91,0,8,0,24,0,13,0,9,0
openapi-codegen-maven-plugin-test,org.davidmoten.oa3.codegen.test.main.schema,AnyOfWithNullableMembers.Option5,75,0,8,0,19,0,11,0,7,0
openapi-codegen-maven-plugin-test,org.davidmoten.oa3.codegen.test.main.schema,AuthenticationRequestBody.BuilderWithUsername,17,0,0,0,5,0,2,0,2,0
openapi-codegen-maven-plugin-test,org.davidmoten.oa3.codegen.test.main.schema,AnyOfConflictingTypes2.Option2,55,20,7,1,13,6,9,2,5,2
openapi-codegen-maven-plugin-test,org.davidmoten.oa3.codegen.test.main.schema,NullableAdditionalProperties,75,0,8,0,19,0,11,0,7,0
openapi-codegen-maven-plugin-test,org.davidmoten.oa3.codegen.test.main.schema,AllOfRefs._Deserializer,16,0,0,0,2,0,1,0,1,0
openapi-codegen-maven-plugin-test,org.davidmoten.oa3.codegen.test.main.schema,MetCoastalWarningArea.BuilderWithCoastalWarningAreaCode,19,0,0,0,4,0,2,0,2,0
openapi-codegen-maven-plugin-test,org.davidmoten.oa3.codegen.test.main.schema,Cat3._Deserializer,16,0,0,0,2,0,1,0,1,0
openapi-codegen-maven-plugin-test,org.davidmoten.oa3.codegen.test.main.schema,NullableStringEnumObject,52,23,7,1,12,7,8,3,4,3
openapi-codegen-maven-plugin-test,org.davidmoten.oa3.codegen.test.main.schema,ArrayNullableItems.ArrayNullableItemsItem.Builder,11,0,0,0,4,0,2,0,2,0
openapi-codegen-maven-plugin-test,org.davidmoten.oa3.codegen.test.main.schema,TwoMaps.Builder,0,27,0,0,0,9,0,4,0,4
openapi-codegen-maven-plugin-test,org.davidmoten.oa3.codegen.test.main.schema,Oval2,80,0,6,0,20,0,11,0,8,0
openapi-codegen-maven-plugin-test,org.davidmoten.oa3.codegen.test.main.schema,Oval3,33,47,3,3,7,13,6,5,3,5
openapi-codegen-maven-plugin-test,org.davidmoten.oa3.codegen.test.main.schema,AdditionalPropertiesNested.Properties,36,55,4,4,8,16,8,5,4,5
openapi-codegen-maven-plugin-test,org.davidmoten.oa3.codegen.test.main.schema,Latitude,57,31,7,1,12,8,8,3,4,3
openapi-codegen-maven-plugin-test,org.davidmoten.oa3.codegen.test.main.schema,NavBroadcast.Builder,11,0,0,0,4,0,2,0,2,0
openapi-codegen-maven-plugin-test,org.davidmoten.oa3.codegen.test.main.schema,Rectangle.BuilderWithHeightDegrees,17,0,0,0,5,0,2,0,2,0
openapi-codegen-maven-plugin-test,org.davidmoten.oa3.codegen.test.main.schema,Pattern,146,0,12,0,30,0,18,0,12,0
openapi-codegen-maven-plugin-test,org.davidmoten.oa3.codegen.test.main.schema,Nested,142,0,12,0,28,0,18,0,12,0
openapi-codegen-maven-plugin-test,org.davidmoten.oa3.codegen.test.main.schema,NullableExample.Builder,0,17,0,0,0,6,0,2,0,2
openapi-codegen-maven-plugin-test,org.davidmoten.oa3.codegen.test.main.schema,AllOfAnyOf.BuilderWithAnyOfThing,16,0,0,0,4,0,2,0,2,0
openapi-codegen-maven-plugin-test,org.davidmoten.oa3.codegen.test.main.schema,MapPropertyNotReqNotAlone,134,0,12,0,27,0,17,0,11,0
openapi-codegen-maven-plugin-test,org.davidmoten.oa3.codegen.test.main.schema,ReadOnly,191,49,15,1,25,15,19,5,11,5
openapi-codegen-maven-plugin-test,org.davidmoten.oa3.codegen.test.library.client,Client,100,72,0,0,33,22,8,5,8,5
openapi-codegen-maven-plugin-test,org.davidmoten.oa3.codegen.test.library.client,Client.Server,26,0,0,0,6,0,3,0,3,0
openapi-codegen-maven-plugin-test,org.davidmoten.oa3.codegen.test.adhoc.schema,Dummy,75,0,8,0,19,0,11,0,7,0
openapi-codegen-maven-plugin-test,org.davidmoten.oa3.codegen.test.main.parameter,MsiIdParameterId,75,0,8,0,19,0,11,0,7,0
openapi-codegen-maven-plugin-test,org.davidmoten.oa3.codegen.test.paths.service,ServiceController,246,113,6,2,58,25,15,12,11,12
openapi-codegen-maven-plugin-test,org.davidmoten.oa3.codegen.test.paths.service,JacksonConfiguration,1,13,1,1,0,4,1,2,0,2
openapi-codegen-maven-plugin-test,org.davidmoten.oa3.codegen.test.paths.service,Service,66,5,0,0,22,1,22,1,22,1
openapi-codegen-maven-plugin-test,org.davidmoten.oa3.codegen.test.paths.service,Service.new Service() {...},0,3,0,0,0,1,0,1,0,1
openapi-codegen-maven-plugin-test,org.davidmoten.oa3.codegen.test.library,Globals,6,6,0,0,3,2,2,2,2,2
openapi-codegen-maven-plugin-test,org.davidmoten.oa3.codegen.test.library,Application,5,3,0,0,2,1,1,1,1,1
openapi-codegen-maven-plugin-test,org.davidmoten.oa3.codegen.test.small.client,Client,91,0,0,0,23,0,8,0,8,0
openapi-codegen-maven-plugin-test,org.davidmoten.oa3.codegen.test.small.client,Client.Server,37,0,0,0,7,0,3,0,3,0
openapi-codegen-maven-plugin-test,org.davidmoten.oa3.codegen.test.main.service,Service,26,0,0,0,8,0,8,0,8,0
openapi-codegen-maven-plugin-test,org.davidmoten.oa3.codegen.test.main.service,JacksonConfiguration,14,0,2,0,4,0,3,0,2,0
openapi-codegen-maven-plugin-test,org.davidmoten.oa3.codegen.test.main.service,ServiceController,189,0,10,0,42,0,13,0,8,0
openapi-codegen-maven-plugin-test,org.davidmoten.oa3.codegen.test.main.service,Service.new Service() {...},3,0,0,0,1,0,1,0,1,0
openapi-codegen-maven-plugin-test,org.davidmoten.oa3.codegen.test.small,Application,8,0,0,0,3,0,2,0,2,0
openapi-codegen-maven-plugin-test,org.davidmoten.oa3.codegen.test.small,Globals,12,0,0,0,5,0,4,0,4,0
openapi-codegen-maven-plugin-test,org.davidmoten.oa3.codegen.test.library.schema,Abstract,83,0,8,0,21,0,11,0,7,0
openapi-codegen-maven-plugin-test,org.davidmoten.oa3.codegen.test.library.schema,User,197,59,15,1,27,17,21,3,13,3
openapi-codegen-maven-plugin-test,org.davidmoten.oa3.codegen.test.library.schema,Serial.BuilderWithPublishedDate,17,0,0,0,5,0,2,0,2,0
openapi-codegen-maven-plugin-test,org.davidmoten.oa3.codegen.test.library.schema,Serial.BuilderWithLanguage,46,0,0,0,8,0,4,0,4,0
openapi-codegen-maven-plugin-test,org.davidmoten.oa3.codegen.test.library.schema,Book.BuilderWithIsbn,17,0,0,0,5,0,2,0,2,0
openapi-codegen-maven-plugin-test,org.davidmoten.oa3.codegen.test.library.schema,UserWithId.BuilderWithUser,17,0,0,0,5,0,2,0,2,0
openapi-codegen-maven-plugin-test,org.davidmoten.oa3.codegen.test.library.schema,UserIdWrapped,55,20,7,1,13,6,9,2,5,2
openapi-codegen-maven-plugin-test,org.davidmoten.oa3.codegen.test.library.schema,ItemId,83,0,8,0,21,0,11,0,7,0
openapi-codegen-maven-plugin-test,org.davidmoten.oa3.codegen.test.library.schema,Loan.BuilderWithDueDate,40,0,0,0,8,0,4,0,4,0
openapi-codegen-maven-plugin-test,org.davidmoten.oa3.codegen.test.library.schema,Loan.Builder,14,0,0,0,5,0,2,0,2,0
openapi-codegen-maven-plugin-test,org.davidmoten.oa3.codegen.test.library.schema,Serial.Builder,14,0,0,0,5,0,2,0,2,0
openapi-codegen-maven-plugin-test,org.davidmoten.oa3.codegen.test.library.schema,Audiobook.BuilderWithBook,17,0,0,0,5,0,2,0,2,0
openapi-codegen-maven-plugin-test,org.davidmoten.oa3.codegen.test.library.schema,Item,124,0,6,0,25,0,14,0,11,0
openapi-codegen-maven-plugin-test,org.davidmoten.oa3.codegen.test.library.schema,Serial.BuilderWithItemId,17,0,0,0,5,0,2,0,2,0
openapi-codegen-maven-plugin-test,org.davidmoten.oa3.codegen.test.library.schema,Book.BuilderWithLanguage,49,0,0,0,8,0,4,0,4,0
openapi-codegen-maven-plugin-test,org.davidmoten.oa3.codegen.test.library.schema,Audiobook.BuilderWithVoices,35,0,0,0,8,0,4,0,4,0
openapi-codegen-maven-plugin-test,org.davidmoten.oa3.codegen.test.library.schema,ISBN,79,0,8,0,20,0,11,0,7,0
openapi-codegen-maven-plugin-test,org.davidmoten.oa3.codegen.test.library.schema,UsersPage.Builder,14,0,0,0,5,0,2,0,2,0
openapi-codegen-maven-plugin-test,org.davidmoten.oa3.codegen.test.library.schema,User.BuilderWithLastName,0,17,0,0,0,5,0,2,0,2
openapi-codegen-maven-plugin-test,org.davidmoten.oa3.codegen.test.library.schema,Book,492,0,24,0,64,0,36,0,24,0
openapi-codegen-maven-plugin-test,org.davidmoten.oa3.codegen.test.library.schema,Book.BuilderWithPublishedYear,17,0,0,0,5,0,2,0,2,0
openapi-codegen-maven-plugin-test,org.davidmoten.oa3.codegen.test.library.schema,UsersPage.Users,57,18,7,1,13,6,9,2,5,2
openapi-codegen-maven-plugin-test,org.davidmoten.oa3.codegen.test.library.schema,Loan.BuilderWithItemId,17,0,0,0,5,0,2,0,2,0
openapi-codegen-maven-plugin-test,org.davidmoten.oa3.codegen.test.library.schema,User.BuilderWithEmail,15,22,0,0,4,4,2,2,2,2
openapi-codegen-maven-plugin-test,org.davidmoten.oa3.codegen.test.library.schema,Book.Builder,14,0,0,0,5,0,2,0,2,0
openapi-codegen-maven-plugin-test,org.davidmoten.oa3.codegen.test.library.schema,UsersPage,113,25,11,1,20,8,16,2,10,2
openapi-codegen-maven-plugin-test,org.davidmoten.oa3.codegen.test.library.schema,UserWithId.BuilderWithUserIdWrapped,16,0,0,0,4,0,2,0,2,0
openapi-codegen-maven-plugin-test,org.davidmoten.oa3.codegen.test.library.schema,Loan.BuilderWithStartDate,17,0,0,0,5,0,2,0,2,0
openapi-codegen-maven-plugin-test,org.davidmoten.oa3.codegen.test.library.schema,User.Builder,0,14,0,0,0,5,0,2,0,2
openapi-codegen-maven-plugin-test,org.davidmoten.oa3.codegen.test.library.schema,Serial.BuilderWithTitle,17,0,0,0,5,0,2,0,2,0
openapi-codegen-maven-plugin-test,org.davidmoten.oa3.codegen.test.library.schema,Audiobook.Builder,14,0,0,0,5,0,2,0,2,0
openapi-codegen-maven-plugin-test,org.davidmoten.oa3.codegen.test.library.schema,UserWithId._Deserializer,0,16,0,0,0,2,0,1,0,1
openapi-codegen-maven-plugin-test,org.davidmoten.oa3.codegen.test.library.schema,Audiobook.Voices,79,0,8,0,20,0,11,0,7,0
openapi-codegen-maven-plugin-test,org.davidmoten.oa3.codegen.test.library.schema,Serial.BuilderWithIssn,17,0,0,0,5,0,2,0,2,0
openapi-codegen-maven-plugin-test,org.davidmoten.oa3.codegen.test.library.schema,UserWithId.Builder,11,0,0,0,4,0,2,0,2,0
openapi-codegen-maven-plugin-test,org.davidmoten.oa3.codegen.test.library.schema,Book.BuilderWithAuthorId,17,0,0,0,5,0,2,0,2,0
openapi-codegen-maven-plugin-test,org.davidmoten.oa3.codegen.test.library.schema,Audiobook,193,0,14,0,35,0,21,0,14,0
openapi-codegen-maven-plugin-test,org.davidmoten.oa3.codegen.test.library.schema,Item._Deserializer,20,0,0,0,2,0,1,0,1,0
openapi-codegen-maven-plugin-test,org.davidmoten.oa3.codegen.test.library.schema,PersonName,83,0,8,0,21,0,11,0,7,0
openapi-codegen-maven-plugin-test,org.davidmoten.oa3.codegen.test.library.schema,Loan,297,0,18,0,46,0,27,0,18,0
openapi-codegen-maven-plugin-test,org.davidmoten.oa3.codegen.test.library.schema,Book.BuilderWithTitle,17,0,0,0,5,0,2,0,2,0
openapi-codegen-maven-plugin-test,org.davidmoten.oa3.codegen.test.library.schema,Loan.BuilderWithUserId,17,0,0,0,5,0,2,0,2,0
openapi-codegen-maven-plugin-test,org.davidmoten.oa3.codegen.test.library.schema,Serial.BuilderWithPublisherId,17,0,0,0,5,0,2,0,2,0
openapi-codegen-maven-plugin-test,org.davidmoten.oa3.codegen.test.library.schema,ISSN,79,0,8,0,20,0,11,0,7,0
openapi-codegen-maven-plugin-test,org.davidmoten.oa3.codegen.test.library.schema,UsersPage.BuilderWithUsers,31,0,0,0,8,0,4,0,4,0
openapi-codegen-maven-plugin-test,org.davidmoten.oa3.codegen.test.library.schema,ContinuationToken,83,0,8,0,21,0,11,0,7,0
openapi-codegen-maven-plugin-test,org.davidmoten.oa3.codegen.test.library.schema,Serial,423,0,22,0,58,0,33,0,22,0
openapi-codegen-maven-plugin-test,org.davidmoten.oa3.codegen.test.library.schema,Year,88,0,8,0,20,0,11,0,7,0
openapi-codegen-maven-plugin-test,org.davidmoten.oa3.codegen.test.library.schema,Id,83,0,8,0,21,0,11,0,7,0
openapi-codegen-maven-plugin-test,org.davidmoten.oa3.codegen.test.library.schema,UserWithId,100,26,11,1,18,8,17,2,11,2
openapi-codegen-maven-plugin-test,org.davidmoten.oa3.codegen.test.library.schema,Book.BuilderWithAuthor,17,0,0,0,5,0,2,0,2,0
openapi-codegen-maven-plugin-test,org.davidmoten.oa3.codegen.test.library.schema,Language,248,0,6,0,28,0,7,0,4,0
openapi-codegen-maven-plugin-test,org.davidmoten.oa3.codegen.test.library.schema,User.BuilderWithFirstName,0,17,0,0,0,5,0,2,0,2
openapi-codegen-maven-plugin-test,org.davidmoten.oa3.codegen.test.library.schema,Book.BuilderWithItemId,17,0,0,0,5,0,2,0,2,0
openapi-codegen-maven-plugin-test,org.davidmoten.oa3.codegen.test.library.schema,UserId,55,28,7,1,13,8,9,2,5,2
openapi-codegen-maven-plugin-test,org.davidmoten.oa3.codegen.test.small.schema,Dummy,75,0,8,0,19,0,11,0,7,0
openapi-codegen-maven-plugin-test,org.davidmoten.oa3.codegen.test.paths.response,Response4,52,27,7,1,12,8,8,3,4,3
