<?xml version="1.0" encoding="UTF-8" standalone="yes"?><!DOCTYPE report PUBLIC "-//JACOCO//DTD Report 1.1//EN" "report.dtd"><report name="openapi-codegen-generator"><sessioninfo id="dave-thinkpad-c2c136b5" start="1719440128320" dump="1719440134131"/><package name="org/davidmoten/oa3/codegen/generator"><class name="org/davidmoten/oa3/codegen/generator/ClientServerGenerator$StatusCodeApiResponse" sourcefilename="ClientServerGenerator.java"><method name="&lt;init&gt;" desc="(Ljava/lang/String;Lio/swagger/v3/oas/models/responses/ApiResponse;)V" line="348"><counter type="INSTRUCTION" missed="0" covered="9"/><counter type="LINE" missed="0" covered="4"/><counter type="COMPLEXITY" missed="0" covered="1"/><counter type="METHOD" missed="0" covered="1"/></method><counter type="INSTRUCTION" missed="0" covered="9"/><counter type="LINE" missed="0" covered="4"/><counter type="COMPLEXITY" missed="0" covered="1"/><counter type="METHOD" missed="0" covered="1"/><counter type="CLASS" missed="0" covered="1"/></class><class name="org/davidmoten/oa3/codegen/generator/Generator$EnumMember" sourcefilename="Generator.java"><method name="&lt;init&gt;" desc="(Ljava/lang/String;Ljava/lang/Object;Z)V" line="247"><counter type="INSTRUCTION" missed="0" covered="12"/><counter type="LINE" missed="0" covered="5"/><counter type="COMPLEXITY" missed="0" covered="1"/><counter type="METHOD" missed="0" covered="1"/></method><counter type="INSTRUCTION" missed="0" covered="12"/><counter type="LINE" missed="0" covered="5"/><counter type="COMPLEXITY" missed="0" covered="1"/><counter type="METHOD" missed="0" covered="1"/><counter type="CLASS" missed="0" covered="1"/></class><class name="org/davidmoten/oa3/codegen/generator/ProjectGeneratorMain" sourcefilename="ProjectGeneratorMain.java"><method name="&lt;init&gt;" desc="()V" line="7"><counter type="INSTRUCTION" missed="3" covered="0"/><counter type="LINE" missed="1" covered="0"/><counter type="COMPLEXITY" missed="1" covered="0"/><counter type="METHOD" missed="1" covered="0"/></method><method name="main" desc="([Ljava/lang/String;)V" line="10"><counter type="INSTRUCTION" missed="63" covered="0"/><counter type="BRANCH" missed="4" covered="0"/><counter type="LINE" missed="16" covered="0"/><counter type="COMPLEXITY" missed="3" covered="0"/><counter type="METHOD" missed="1" covered="0"/></method><method name="deleteContents" desc="(Ljava/io/File;)V" line="30"><counter type="INSTRUCTION" missed="33" covered="0"/><counter type="BRANCH" missed="8" covered="0"/><counter type="LINE" missed="9" covered="0"/><counter type="COMPLEXITY" missed="5" covered="0"/><counter type="METHOD" missed="1" covered="0"/></method><counter type="INSTRUCTION" missed="99" covered="0"/><counter type="BRANCH" missed="12" covered="0"/><counter type="LINE" missed="26" covered="0"/><counter type="COMPLEXITY" missed="9" covered="0"/><counter type="METHOD" missed="3" covered="0"/><counter type="CLASS" missed="1" covered="0"/></class><class name="org/davidmoten/oa3/codegen/generator/Generator$ClassType" sourcefilename="Generator.java"><method name="&lt;init&gt;" desc="(Ljava/lang/String;ILjava/lang/String;)V" line="265"><counter type="INSTRUCTION" missed="0" covered="8"/><counter type="LINE" missed="0" covered="3"/><counter type="COMPLEXITY" missed="0" covered="1"/><counter type="METHOD" missed="0" covered="1"/></method><method name="word" desc="()Ljava/lang/String;" line="270"><counter type="INSTRUCTION" missed="0" covered="3"/><counter type="LINE" missed="0" covered="1"/><counter type="COMPLEXITY" missed="0" covered="1"/><counter type="METHOD" missed="0" covered="1"/></method><method name="&lt;clinit&gt;" desc="()V" line="254"><counter type="INSTRUCTION" missed="0" covered="81"/><counter type="LINE" missed="0" covered="8"/><counter type="COMPLEXITY" missed="0" covered="1"/><counter type="METHOD" missed="0" covered="1"/></method><counter type="INSTRUCTION" missed="0" covered="92"/><counter type="LINE" missed="0" covered="12"/><counter type="COMPLEXITY" missed="0" covered="3"/><counter type="METHOD" missed="0" covered="3"/><counter type="CLASS" missed="0" covered="1"/></class><class name="org/davidmoten/oa3/codegen/generator/Definition" sourcefilename="Definition.java"><method name="&lt;init&gt;" desc="(Ljava/lang/String;Lorg/davidmoten/oa3/codegen/generator/Packages;Ljava/io/File;Ljava/util/function/Function;Ljava/util/Set;Ljava/util/Set;ZZZLjava/util/Optional;ZZZ)V" line="27"><counter type="INSTRUCTION" missed="0" covered="42"/><counter type="LINE" missed="0" covered="15"/><counter type="COMPLEXITY" missed="0" covered="1"/><counter type="METHOD" missed="0" covered="1"/></method><method name="definition" desc="()Ljava/lang/String;" line="44"><counter type="INSTRUCTION" missed="0" covered="3"/><counter type="LINE" missed="0" covered="1"/><counter type="COMPLEXITY" missed="0" covered="1"/><counter type="METHOD" missed="0" covered="1"/></method><method name="packages" desc="()Lorg/davidmoten/oa3/codegen/generator/Packages;" line="48"><counter type="INSTRUCTION" missed="0" covered="3"/><counter type="LINE" missed="0" covered="1"/><counter type="COMPLEXITY" missed="0" covered="1"/><counter type="METHOD" missed="0" covered="1"/></method><method name="generatedSourceDirectory" desc="()Ljava/io/File;" line="52"><counter type="INSTRUCTION" missed="0" covered="3"/><counter type="LINE" missed="0" covered="1"/><counter type="COMPLEXITY" missed="0" covered="1"/><counter type="METHOD" missed="0" covered="1"/></method><method name="externalRefClassName" desc="(Ljava/lang/String;)Ljava/lang/String;" line="56"><counter type="INSTRUCTION" missed="6" covered="0"/><counter type="LINE" missed="1" covered="0"/><counter type="COMPLEXITY" missed="1" covered="0"/><counter type="METHOD" missed="1" covered="0"/></method><method name="includeSchemas" desc="()Ljava/util/Set;" line="60"><counter type="INSTRUCTION" missed="0" covered="3"/><counter type="LINE" missed="0" covered="1"/><counter type="COMPLEXITY" missed="0" covered="1"/><counter type="METHOD" missed="0" covered="1"/></method><method name="excludeSchemas" desc="()Ljava/util/Set;" line="64"><counter type="INSTRUCTION" missed="0" covered="3"/><counter type="LINE" missed="0" covered="1"/><counter type="COMPLEXITY" missed="0" covered="1"/><counter type="METHOD" missed="0" covered="1"/></method><method name="mapIntegerToBigInteger" desc="()Z" line="68"><counter type="INSTRUCTION" missed="0" covered="3"/><counter type="LINE" missed="0" covered="1"/><counter type="COMPLEXITY" missed="0" covered="1"/><counter type="METHOD" missed="0" covered="1"/></method><method name="failOnParseErrors" desc="()Z" line="72"><counter type="INSTRUCTION" missed="3" covered="0"/><counter type="LINE" missed="1" covered="0"/><counter type="COMPLEXITY" missed="1" covered="0"/><counter type="METHOD" missed="1" covered="0"/></method><method name="generator" desc="()Ljava/util/Optional;" line="76"><counter type="INSTRUCTION" missed="0" covered="3"/><counter type="LINE" missed="0" covered="1"/><counter type="COMPLEXITY" missed="0" covered="1"/><counter type="METHOD" missed="0" covered="1"/></method><method name="mapNumberToBigDecimal" desc="()Z" line="80"><counter type="INSTRUCTION" missed="0" covered="3"/><counter type="LINE" missed="0" covered="1"/><counter type="COMPLEXITY" missed="0" covered="1"/><counter type="METHOD" missed="0" covered="1"/></method><method name="generateService" desc="()Z" line="84"><counter type="INSTRUCTION" missed="0" covered="3"/><counter type="LINE" missed="0" covered="1"/><counter type="COMPLEXITY" missed="0" covered="1"/><counter type="METHOD" missed="0" covered="1"/></method><method name="applyReadOnly" desc="()Z" line="88"><counter type="INSTRUCTION" missed="0" covered="3"/><counter type="LINE" missed="0" covered="1"/><counter type="COMPLEXITY" missed="0" covered="1"/><counter type="METHOD" missed="0" covered="1"/></method><method name="applyWriteOnly" desc="()Z" line="92"><counter type="INSTRUCTION" missed="0" covered="3"/><counter type="LINE" missed="0" covered="1"/><counter type="COMPLEXITY" missed="0" covered="1"/><counter type="METHOD" missed="0" covered="1"/></method><counter type="INSTRUCTION" missed="9" covered="75"/><counter type="LINE" missed="2" covered="26"/><counter type="COMPLEXITY" missed="2" covered="12"/><counter type="METHOD" missed="2" covered="12"/><counter type="CLASS" missed="0" covered="1"/></class><class name="org/davidmoten/oa3/codegen/generator/ClientServerGenerator$Param" sourcefilename="ClientServerGenerator.java"><method name="&lt;init&gt;" desc="(Ljava/lang/String;Ljava/lang/String;Ljava/util/Optional;ZLjava/lang/String;ZZLorg/davidmoten/oa3/codegen/generator/ClientServerGenerator$Constraints;Lorg/davidmoten/oa3/codegen/generator/ParamType;ZLjava/util/Optional;Ljava/util/Optional;Ljava/util/Optional;)V" line="533"><counter type="INSTRUCTION" missed="0" covered="42"/><counter type="LINE" missed="0" covered="15"/><counter type="COMPLEXITY" missed="0" covered="1"/><counter type="METHOD" missed="0" covered="1"/></method><method name="toString" desc="()Ljava/lang/String;" line="551"><counter type="INSTRUCTION" missed="63" covered="0"/><counter type="LINE" missed="2" covered="0"/><counter type="COMPLEXITY" missed="1" covered="0"/><counter type="METHOD" missed="1" covered="0"/></method><counter type="INSTRUCTION" missed="63" covered="42"/><counter type="LINE" missed="2" covered="15"/><counter type="COMPLEXITY" missed="1" covered="1"/><counter type="METHOD" missed="1" covered="1"/><counter type="CLASS" missed="0" covered="1"/></class><class name="org/davidmoten/oa3/codegen/generator/ProjectGenerator" sourcefilename="ProjectGenerator.java"><method name="generateZipped" desc="(Ljava/lang/String;Ljava/lang/String;Ljava/lang/String;Ljava/lang/String;Ljava/lang/String;ZZLjava/io/OutputStream;)V" line="32"><counter type="INSTRUCTION" missed="6" covered="20"/><counter type="LINE" missed="2" covered="5"/><counter type="COMPLEXITY" missed="0" covered="1"/><counter type="METHOD" missed="0" covered="1"/></method><method name="generate" desc="(Ljava/lang/String;Ljava/lang/String;Ljava/lang/String;Ljava/lang/String;Ljava/lang/String;ZZLjava/io/File;)V" line="43"><counter type="INSTRUCTION" missed="0" covered="57"/><counter type="BRANCH" missed="1" covered="3"/><counter type="LINE" missed="0" covered="13"/><counter type="COMPLEXITY" missed="1" covered="2"/><counter type="METHOD" missed="0" covered="1"/></method><method name="writePom" desc="(Ljava/lang/String;Ljava/lang/String;Ljava/lang/String;Ljava/lang/String;ZLjava/io/File;)V" line="62"><counter type="INSTRUCTION" missed="10" covered="105"/><counter type="BRANCH" missed="3" covered="9"/><counter type="LINE" missed="2" covered="25"/><counter type="COMPLEXITY" missed="3" covered="4"/><counter type="METHOD" missed="0" covered="1"/></method><method name="zipDirectory" desc="(Ljava/io/File;Ljava/io/OutputStream;)V" line="97"><counter type="INSTRUCTION" missed="0" covered="25"/><counter type="LINE" missed="0" covered="5"/><counter type="COMPLEXITY" missed="0" covered="1"/><counter type="METHOD" missed="0" covered="1"/></method><method name="lambda$zipDirectory$2" desc="(Ljava/nio/file/Path;Ljava/util/zip/ZipOutputStream;Ljava/nio/file/Path;)V" line="101"><counter type="INSTRUCTION" missed="4" covered="19"/><counter type="LINE" missed="2" covered="6"/><counter type="COMPLEXITY" missed="0" covered="1"/><counter type="METHOD" missed="0" covered="1"/></method><method name="lambda$zipDirectory$1" desc="(Ljava/nio/file/Path;)Z" line="100"><counter type="INSTRUCTION" missed="0" covered="9"/><counter type="BRANCH" missed="0" covered="2"/><counter type="LINE" missed="0" covered="1"/><counter type="COMPLEXITY" missed="0" covered="2"/><counter type="METHOD" missed="0" covered="1"/></method><method name="lambda$generate$0" desc="(Ljava/lang/String;)Ljava/lang/String;" line="46"><counter type="INSTRUCTION" missed="2" covered="0"/><counter type="LINE" missed="1" covered="0"/><counter type="COMPLEXITY" missed="1" covered="0"/><counter type="METHOD" missed="1" covered="0"/></method><counter type="INSTRUCTION" missed="22" covered="235"/><counter type="BRANCH" missed="4" covered="14"/><counter type="LINE" missed="6" covered="54"/><counter type="COMPLEXITY" missed="5" covered="11"/><counter type="METHOD" missed="1" covered="6"/><counter type="CLASS" missed="0" covered="1"/></class><class name="org/davidmoten/oa3/codegen/generator/Generator$MyVisitor$Result" sourcefilename="Generator.java"><method name="&lt;init&gt;" desc="(Lorg/davidmoten/oa3/codegen/generator/Generator$Cls;Ljava/lang/String;)V" line="657"><counter type="INSTRUCTION" missed="0" covered="9"/><counter type="LINE" missed="0" covered="4"/><counter type="COMPLEXITY" missed="0" covered="1"/><counter type="METHOD" missed="0" covered="1"/></method><counter type="INSTRUCTION" missed="0" covered="9"/><counter type="LINE" missed="0" covered="4"/><counter type="COMPLEXITY" missed="0" covered="1"/><counter type="METHOD" missed="0" covered="1"/><counter type="CLASS" missed="0" covered="1"/></class><class name="org/davidmoten/oa3/codegen/generator/SchemaCategory" sourcefilename="SchemaCategory.java"><method name="&lt;init&gt;" desc="(Ljava/lang/String;ILjava/lang/String;Ljava/lang/String;)V" line="16"><counter type="INSTRUCTION" missed="0" covered="11"/><counter type="LINE" missed="0" covered="4"/><counter type="COMPLEXITY" missed="0" covered="1"/><counter type="METHOD" missed="0" covered="1"/></method><method name="getPackageFragment" desc="()Ljava/lang/String;" line="22"><counter type="INSTRUCTION" missed="0" covered="3"/><counter type="LINE" missed="0" covered="1"/><counter type="COMPLEXITY" missed="0" covered="1"/><counter type="METHOD" missed="0" covered="1"/></method><method name="refPrefix" desc="()Ljava/lang/String;" line="26"><counter type="INSTRUCTION" missed="0" covered="3"/><counter type="LINE" missed="0" covered="1"/><counter type="COMPLEXITY" missed="0" covered="1"/><counter type="METHOD" missed="0" covered="1"/></method><method name="&lt;clinit&gt;" desc="()V" line="3"><counter type="INSTRUCTION" missed="0" covered="88"/><counter type="LINE" missed="0" covered="8"/><counter type="COMPLEXITY" missed="0" covered="1"/><counter type="METHOD" missed="0" covered="1"/></method><counter type="INSTRUCTION" missed="0" covered="105"/><counter type="LINE" missed="0" covered="14"/><counter type="COMPLEXITY" missed="0" covered="4"/><counter type="METHOD" missed="0" covered="4"/><counter type="CLASS" missed="0" covered="1"/></class><class name="org/davidmoten/oa3/codegen/generator/DownloadExtras" sourcefilename="DownloadExtras.java"><method name="&lt;init&gt;" desc="()V" line="13"><counter type="INSTRUCTION" missed="3" covered="0"/><counter type="LINE" missed="1" covered="0"/><counter type="COMPLEXITY" missed="1" covered="0"/><counter type="METHOD" missed="1" covered="0"/></method><method name="run" desc="(Ljava/io/File;Ljava/io/File;)V" line="17"><counter type="INSTRUCTION" missed="24" covered="0"/><counter type="LINE" missed="10" covered="0"/><counter type="COMPLEXITY" missed="1" covered="0"/><counter type="METHOD" missed="1" covered="0"/></method><method name="download" desc="(Ljava/lang/String;Ljava/lang/String;Ljava/io/File;)V" line="29"><counter type="INSTRUCTION" missed="107" covered="0"/><counter type="BRANCH" missed="2" covered="0"/><counter type="LINE" missed="18" covered="0"/><counter type="COMPLEXITY" missed="2" covered="0"/><counter type="METHOD" missed="1" covered="0"/></method><method name="copy" desc="(Ljava/io/InputStream;Ljava/io/OutputStream;)V" line="52"><counter type="INSTRUCTION" missed="17" covered="0"/><counter type="BRANCH" missed="2" covered="0"/><counter type="LINE" missed="4" covered="0"/><counter type="COMPLEXITY" missed="2" covered="0"/><counter type="METHOD" missed="1" covered="0"/></method><method name="lambda$run$3" desc="(Ljava/io/File;[Ljava/lang/String;)V" line="22"><counter type="INSTRUCTION" missed="9" covered="0"/><counter type="LINE" missed="1" covered="0"/><counter type="COMPLEXITY" missed="1" covered="0"/><counter type="METHOD" missed="1" covered="0"/></method><method name="lambda$run$2" desc="(Ljava/lang/String;)[Ljava/lang/String;" line="21"><counter type="INSTRUCTION" missed="4" covered="0"/><counter type="LINE" missed="1" covered="0"/><counter type="COMPLEXITY" missed="1" covered="0"/><counter type="METHOD" missed="1" covered="0"/></method><method name="lambda$run$1" desc="(Ljava/lang/String;)Z" line="20"><counter type="INSTRUCTION" missed="7" covered="0"/><counter type="BRANCH" missed="2" covered="0"/><counter type="LINE" missed="1" covered="0"/><counter type="COMPLEXITY" missed="2" covered="0"/><counter type="METHOD" missed="1" covered="0"/></method><method name="lambda$run$0" desc="(Ljava/lang/String;)Ljava/lang/String;" line="19"><counter type="INSTRUCTION" missed="3" covered="0"/><counter type="LINE" missed="1" covered="0"/><counter type="COMPLEXITY" missed="1" covered="0"/><counter type="METHOD" missed="1" covered="0"/></method><counter type="INSTRUCTION" missed="174" covered="0"/><counter type="BRANCH" missed="6" covered="0"/><counter type="LINE" missed="33" covered="0"/><counter type="COMPLEXITY" missed="11" covered="0"/><counter type="METHOD" missed="8" covered="0"/><counter type="CLASS" missed="1" covered="0"/></class><class name="org/davidmoten/oa3/codegen/generator/ParamType" sourcefilename="ParamType.java"><method name="&lt;clinit&gt;" desc="()V" line="3"><counter type="INSTRUCTION" missed="0" covered="74"/><counter type="LINE" missed="0" covered="2"/><counter type="COMPLEXITY" missed="0" covered="1"/><counter type="METHOD" missed="0" covered="1"/></method><counter type="INSTRUCTION" missed="0" covered="74"/><counter type="LINE" missed="0" covered="2"/><counter type="COMPLEXITY" missed="0" covered="1"/><counter type="METHOD" missed="0" covered="1"/><counter type="CLASS" missed="0" covered="1"/></class><class name="org/davidmoten/oa3/codegen/generator/ClientServerGenerator" sourcefilename="ClientServerGenerator.java"><method name="&lt;init&gt;" desc="(Lorg/davidmoten/oa3/codegen/generator/Definition;)V" line="45"><counter type="INSTRUCTION" missed="0" covered="80"/><counter type="BRANCH" missed="1" covered="3"/><counter type="LINE" missed="0" covered="17"/><counter type="COMPLEXITY" missed="1" covered="2"/><counter type="METHOD" missed="0" covered="1"/></method><method name="generateServer" desc="()V" line="66"><counter type="INSTRUCTION" missed="0" covered="8"/><counter type="LINE" missed="0" covered="3"/><counter type="COMPLEXITY" missed="0" covered="1"/><counter type="METHOD" missed="0" covered="1"/></method><method name="generateClient" desc="()V" line="71"><counter type="INSTRUCTION" missed="0" covered="8"/><counter type="LINE" missed="0" covered="3"/><counter type="COMPLEXITY" missed="0" covered="1"/><counter type="METHOD" missed="0" covered="1"/></method><method name="collectMethods" desc="()Ljava/util/List;" line="77"><counter type="INSTRUCTION" missed="0" covered="19"/><counter type="BRANCH" missed="1" covered="1"/><counter type="LINE" missed="0" covered="4"/><counter type="COMPLEXITY" missed="1" covered="1"/><counter type="METHOD" missed="0" covered="1"/></method><method name="gatherMethods" desc="(Ljava/lang/String;Lio/swagger/v3/oas/models/PathItem;Ljava/util/List;)V" line="87"><counter type="INSTRUCTION" missed="0" covered="14"/><counter type="LINE" missed="0" covered="4"/><counter type="COMPLEXITY" missed="0" covered="1"/><counter type="METHOD" missed="0" covered="1"/></method><method name="gatherMethods" desc="(Ljava/lang/String;Lio/swagger/v3/oas/models/PathItem$HttpMethod;Lio/swagger/v3/oas/models/Operation;Ljava/util/List;)V" line="94"><counter type="INSTRUCTION" missed="33" covered="361"/><counter type="BRANCH" missed="7" covered="39"/><counter type="LINE" missed="8" covered="80"/><counter type="COMPLEXITY" missed="6" covered="18"/><counter type="METHOD" missed="0" covered="1"/></method><method name="toParamType" desc="(Lio/swagger/v3/oas/models/parameters/Parameter;)Lorg/davidmoten/oa3/codegen/generator/ParamType;" line="268"><counter type="INSTRUCTION" missed="6" covered="20"/><counter type="BRANCH" missed="1" covered="7"/><counter type="LINE" missed="1" covered="8"/><counter type="COMPLEXITY" missed="1" covered="4"/><counter type="METHOD" missed="0" covered="1"/></method><method name="addRequestBodyOctetStreamParameter" desc="(Ljava/util/List;Lio/swagger/v3/oas/models/parameters/RequestBody;Ljava/util/Optional;)V" line="283"><counter type="INSTRUCTION" missed="29" covered="0"/><counter type="LINE" missed="6" covered="0"/><counter type="COMPLEXITY" missed="1" covered="0"/><counter type="METHOD" missed="1" covered="0"/></method><method name="mediaType" desc="(Lio/swagger/v3/oas/models/media/Content;Ljava/lang/String;)Ljava/util/Optional;" line="291"><counter type="INSTRUCTION" missed="0" covered="8"/><counter type="LINE" missed="0" covered="4"/><counter type="COMPLEXITY" missed="0" covered="1"/><counter type="METHOD" missed="0" covered="1"/></method><method name="responseDescriptors" desc="(Lio/swagger/v3/oas/models/Operation;)Ljava/util/List;" line="298"><counter type="INSTRUCTION" missed="0" covered="12"/><counter type="LINE" missed="0" covered="3"/><counter type="COMPLEXITY" missed="0" covered="1"/><counter type="METHOD" missed="0" covered="1"/></method><method name="resolveRefs" desc="(Lio/swagger/v3/oas/models/parameters/RequestBody;)Lio/swagger/v3/oas/models/parameters/RequestBody;" line="317"><counter type="INSTRUCTION" missed="0" covered="12"/><counter type="BRANCH" missed="0" covered="2"/><counter type="LINE" missed="0" covered="3"/><counter type="COMPLEXITY" missed="0" covered="2"/><counter type="METHOD" missed="0" covered="1"/></method><method name="constraints" desc="(Lio/swagger/v3/oas/models/media/Schema;)Lorg/davidmoten/oa3/codegen/generator/ClientServerGenerator$Constraints;" line="324"><counter type="INSTRUCTION" missed="0" covered="31"/><counter type="LINE" missed="0" covered="5"/><counter type="COMPLEXITY" missed="0" covered="1"/><counter type="METHOD" missed="0" covered="1"/></method><method name="primaryResponse" desc="(Lio/swagger/v3/oas/models/responses/ApiResponses;)Ljava/util/Optional;" line="332"><counter type="INSTRUCTION" missed="0" covered="44"/><counter type="BRANCH" missed="0" covered="6"/><counter type="LINE" missed="0" covered="7"/><counter type="COMPLEXITY" missed="0" covered="4"/><counter type="METHOD" missed="0" covered="1"/></method><method name="is2XX" desc="(Ljava/lang/String;)Z" line="356"><counter type="INSTRUCTION" missed="0" covered="12"/><counter type="BRANCH" missed="1" covered="3"/><counter type="LINE" missed="0" covered="1"/><counter type="COMPLEXITY" missed="1" covered="2"/><counter type="METHOD" missed="0" covered="1"/></method><method name="resolveParameterRefs" desc="(Lio/swagger/v3/oas/models/parameters/Parameter;)Lio/swagger/v3/oas/models/parameters/Parameter;" line="360"><counter type="INSTRUCTION" missed="7" covered="5"/><counter type="BRANCH" missed="1" covered="1"/><counter type="LINE" missed="1" covered="2"/><counter type="COMPLEXITY" missed="1" covered="1"/><counter type="METHOD" missed="0" covered="1"/></method><method name="resolveResponseRefs" desc="(Lio/swagger/v3/oas/models/responses/ApiResponse;)Lio/swagger/v3/oas/models/responses/ApiResponse;" line="367"><counter type="INSTRUCTION" missed="23" covered="5"/><counter type="BRANCH" missed="3" covered="1"/><counter type="LINE" missed="5" covered="2"/><counter type="COMPLEXITY" missed="2" covered="1"/><counter type="METHOD" missed="0" covered="1"/></method><method name="resolveRefsFullClassName" desc="(Lio/swagger/v3/oas/models/media/Schema;)Ljava/lang/String;" line="378"><counter type="INSTRUCTION" missed="0" covered="9"/><counter type="LINE" missed="0" covered="1"/><counter type="COMPLEXITY" missed="0" covered="1"/><counter type="METHOD" missed="0" covered="1"/></method><method name="resolveRefs" desc="(Lio/swagger/v3/oas/models/media/Schema;)Lio/swagger/v3/oas/models/media/Schema;" line="382"><counter type="INSTRUCTION" missed="30" covered="26"/><counter type="BRANCH" missed="2" covered="4"/><counter type="LINE" missed="2" covered="9"/><counter type="COMPLEXITY" missed="2" covered="2"/><counter type="METHOD" missed="0" covered="1"/></method><method name="lambda$responseDescriptors$8" desc="(Ljava/util/List;Ljava/lang/String;Lio/swagger/v3/oas/models/responses/ApiResponse;)V" line="300"><counter type="INSTRUCTION" missed="0" covered="15"/><counter type="BRANCH" missed="0" covered="2"/><counter type="LINE" missed="0" covered="4"/><counter type="COMPLEXITY" missed="0" covered="2"/><counter type="METHOD" missed="0" covered="1"/></method><method name="lambda$null$7" desc="(Ljava/util/List;Ljava/lang/String;Ljava/lang/String;Lio/swagger/v3/oas/models/media/MediaType;)V" line="304"><counter type="INSTRUCTION" missed="0" covered="22"/><counter type="BRANCH" missed="0" covered="2"/><counter type="LINE" missed="0" covered="5"/><counter type="COMPLEXITY" missed="0" covered="2"/><counter type="METHOD" missed="0" covered="1"/></method><method name="lambda$mediaType$6" desc="(Ljava/lang/String;Ljava/util/Map$Entry;)Z" line="293"><counter type="INSTRUCTION" missed="0" covered="9"/><counter type="LINE" missed="0" covered="1"/><counter type="COMPLEXITY" missed="0" covered="1"/><counter type="METHOD" missed="0" covered="1"/></method><method name="lambda$gatherMethods$5" desc="(Lorg/davidmoten/oa3/codegen/generator/internal/Mutable;Ljava/lang/String;Ljava/lang/String;)Ljava/lang/String;" line="227"><counter type="INSTRUCTION" missed="0" covered="12"/><counter type="BRANCH" missed="0" covered="2"/><counter type="LINE" missed="0" covered="4"/><counter type="COMPLEXITY" missed="0" covered="2"/><counter type="METHOD" missed="0" covered="1"/></method><method name="lambda$gatherMethods$4" desc="(Ljava/lang/String;)Z" line="225"><counter type="INSTRUCTION" missed="1" covered="7"/><counter type="BRANCH" missed="1" covered="1"/><counter type="LINE" missed="0" covered="1"/><counter type="COMPLEXITY" missed="1" covered="1"/><counter type="METHOD" missed="0" covered="1"/></method><method name="lambda$gatherMethods$3" desc="(Lorg/davidmoten/oa3/codegen/generator/ClientServerGenerator$StatusCodeApiResponse;)Ljava/lang/String;" line="199"><counter type="INSTRUCTION" missed="0" covered="3"/><counter type="LINE" missed="0" covered="1"/><counter type="COMPLEXITY" missed="0" covered="1"/><counter type="METHOD" missed="0" covered="1"/></method><method name="lambda$gatherMethods$2" desc="(Ljava/util/Set;Ljava/util/List;Lio/swagger/v3/oas/models/parameters/Parameter;)V" line="109"><counter type="INSTRUCTION" missed="11" covered="137"/><counter type="BRANCH" missed="1" covered="7"/><counter type="LINE" missed="2" covered="29"/><counter type="COMPLEXITY" missed="1" covered="4"/><counter type="METHOD" missed="0" covered="1"/></method><method name="lambda$gatherMethods$1" desc="(Ljava/lang/String;Ljava/util/List;Lio/swagger/v3/oas/models/PathItem$HttpMethod;Lio/swagger/v3/oas/models/Operation;)V" line="89"><counter type="INSTRUCTION" missed="0" covered="7"/><counter type="LINE" missed="0" covered="1"/><counter type="COMPLEXITY" missed="0" covered="1"/><counter type="METHOD" missed="0" covered="1"/></method><method name="lambda$collectMethods$0" desc="(Ljava/util/List;Ljava/lang/String;Lio/swagger/v3/oas/models/PathItem;)V" line="80"><counter type="INSTRUCTION" missed="0" covered="6"/><counter type="LINE" missed="0" covered="2"/><counter type="COMPLEXITY" missed="0" covered="1"/><counter type="METHOD" missed="0" covered="1"/></method><counter type="INSTRUCTION" missed="140" covered="892"/><counter type="BRANCH" missed="19" covered="81"/><counter type="LINE" missed="25" covered="200"/><counter type="COMPLEXITY" missed="18" covered="59"/><counter type="METHOD" missed="1" covered="26"/><counter type="CLASS" missed="0" covered="1"/></class><class name="org/davidmoten/oa3/codegen/generator/Apis" sourcefilename="Apis.java"><method name="&lt;init&gt;" desc="()V" line="33"><counter type="INSTRUCTION" missed="3" covered="0"/><counter type="LINE" missed="1" covered="0"/><counter type="COMPLEXITY" missed="1" covered="0"/><counter type="METHOD" missed="1" covered="0"/></method><method name="visitSchemas" desc="(Lio/swagger/v3/oas/models/OpenAPI;Lorg/davidmoten/oa3/codegen/generator/Visitor;)V" line="36"><counter type="INSTRUCTION" missed="14" covered="64"/><counter type="BRANCH" missed="5" covered="11"/><counter type="LINE" missed="2" covered="15"/><counter type="COMPLEXITY" missed="5" covered="4"/><counter type="METHOD" missed="0" covered="1"/></method><method name="visitSchemas" desc="(Lorg/davidmoten/oa3/codegen/generator/SchemaCategory;Lorg/davidmoten/oa3/codegen/util/ImmutableList;Lio/swagger/v3/oas/models/headers/Header;Lorg/davidmoten/oa3/codegen/generator/Visitor;Lio/swagger/v3/oas/models/OpenAPI;)V" line="66"><counter type="INSTRUCTION" missed="14" covered="0"/><counter type="BRANCH" missed="2" covered="0"/><counter type="LINE" missed="4" covered="0"/><counter type="COMPLEXITY" missed="2" covered="0"/><counter type="METHOD" missed="1" covered="0"/></method><method name="resolveRefs" desc="(Lio/swagger/v3/oas/models/OpenAPI;Lio/swagger/v3/oas/models/headers/Header;)Lio/swagger/v3/oas/models/headers/Header;" line="73"><counter type="INSTRUCTION" missed="15" covered="0"/><counter type="BRANCH" missed="2" covered="0"/><counter type="LINE" missed="3" covered="0"/><counter type="COMPLEXITY" missed="2" covered="0"/><counter type="METHOD" missed="1" covered="0"/></method><method name="visitSchemas" desc="(Ljava/lang/String;Lio/swagger/v3/oas/models/media/Schema;Lorg/davidmoten/oa3/codegen/generator/Visitor;)V" line="80"><counter type="INSTRUCTION" missed="1" covered="22"/><counter type="BRANCH" missed="1" covered="1"/><counter type="LINE" missed="0" covered="4"/><counter type="COMPLEXITY" missed="1" covered="1"/><counter type="METHOD" missed="0" covered="1"/></method><method name="stripLeadingSlash" desc="(Ljava/lang/String;)Ljava/lang/String;" line="86"><counter type="INSTRUCTION" missed="4" covered="6"/><counter type="BRANCH" missed="1" covered="1"/><counter type="LINE" missed="1" covered="2"/><counter type="COMPLEXITY" missed="1" covered="1"/><counter type="METHOD" missed="0" covered="1"/></method><method name="visitSchemas" desc="(Lorg/davidmoten/oa3/codegen/generator/SchemaCategory;Lorg/davidmoten/oa3/codegen/util/ImmutableList;Lio/swagger/v3/oas/models/PathItem;Lorg/davidmoten/oa3/codegen/generator/Visitor;Lio/swagger/v3/oas/models/OpenAPI;)V" line="95"><counter type="INSTRUCTION" missed="8" covered="19"/><counter type="BRANCH" missed="2" covered="2"/><counter type="LINE" missed="1" covered="5"/><counter type="COMPLEXITY" missed="2" covered="1"/><counter type="METHOD" missed="0" covered="1"/></method><method name="resolveRefs" desc="(Lio/swagger/v3/oas/models/OpenAPI;Lio/swagger/v3/oas/models/PathItem;)Lio/swagger/v3/oas/models/PathItem;" line="117"><counter type="INSTRUCTION" missed="10" covered="5"/><counter type="BRANCH" missed="1" covered="1"/><counter type="LINE" missed="1" covered="2"/><counter type="COMPLEXITY" missed="1" covered="1"/><counter type="METHOD" missed="0" covered="1"/></method><method name="visitSchemas" desc="(Lorg/davidmoten/oa3/codegen/generator/SchemaCategory;Lorg/davidmoten/oa3/codegen/util/ImmutableList;Lio/swagger/v3/oas/models/Operation;Lorg/davidmoten/oa3/codegen/generator/Visitor;Lio/swagger/v3/oas/models/OpenAPI;)V" line="125"><counter type="INSTRUCTION" missed="1" covered="32"/><counter type="BRANCH" missed="2" covered="4"/><counter type="LINE" missed="1" covered="7"/><counter type="COMPLEXITY" missed="2" covered="2"/><counter type="METHOD" missed="0" covered="1"/></method><method name="visitSchemas" desc="(Lorg/davidmoten/oa3/codegen/generator/SchemaCategory;Lorg/davidmoten/oa3/codegen/util/ImmutableList;Lio/swagger/v3/oas/models/responses/ApiResponse;Lorg/davidmoten/oa3/codegen/generator/Visitor;Lio/swagger/v3/oas/models/OpenAPI;)V" line="145"><counter type="INSTRUCTION" missed="0" covered="18"/><counter type="BRANCH" missed="0" covered="2"/><counter type="LINE" missed="0" covered="3"/><counter type="COMPLEXITY" missed="0" covered="2"/><counter type="METHOD" missed="0" covered="1"/></method><method name="resolveRefs" desc="(Lio/swagger/v3/oas/models/OpenAPI;Lio/swagger/v3/oas/models/responses/ApiResponse;)Lio/swagger/v3/oas/models/responses/ApiResponse;" line="151"><counter type="INSTRUCTION" missed="10" covered="5"/><counter type="BRANCH" missed="1" covered="1"/><counter type="LINE" missed="1" covered="2"/><counter type="COMPLEXITY" missed="1" covered="1"/><counter type="METHOD" missed="0" covered="1"/></method><method name="visitSchemas" desc="(Lorg/davidmoten/oa3/codegen/generator/SchemaCategory;Lorg/davidmoten/oa3/codegen/util/ImmutableList;Lio/swagger/v3/oas/models/parameters/RequestBody;Lorg/davidmoten/oa3/codegen/generator/Visitor;Lio/swagger/v3/oas/models/OpenAPI;)V" line="159"><counter type="INSTRUCTION" missed="0" covered="15"/><counter type="BRANCH" missed="0" covered="2"/><counter type="LINE" missed="0" covered="4"/><counter type="COMPLEXITY" missed="0" covered="2"/><counter type="METHOD" missed="0" covered="1"/></method><method name="resolveRefs" desc="(Lio/swagger/v3/oas/models/OpenAPI;Lio/swagger/v3/oas/models/parameters/RequestBody;)Lio/swagger/v3/oas/models/parameters/RequestBody;" line="166"><counter type="INSTRUCTION" missed="0" covered="15"/><counter type="BRANCH" missed="0" covered="2"/><counter type="LINE" missed="0" covered="3"/><counter type="COMPLEXITY" missed="0" covered="2"/><counter type="METHOD" missed="0" covered="1"/></method><method name="visitSchemas" desc="(Lorg/davidmoten/oa3/codegen/generator/SchemaCategory;Lorg/davidmoten/oa3/codegen/util/ImmutableList;Lio/swagger/v3/oas/models/media/Content;Lorg/davidmoten/oa3/codegen/generator/Visitor;)V" line="174"><counter type="INSTRUCTION" missed="0" covered="9"/><counter type="BRANCH" missed="0" covered="2"/><counter type="LINE" missed="0" covered="3"/><counter type="COMPLEXITY" missed="0" covered="2"/><counter type="METHOD" missed="0" covered="1"/></method><method name="visitSchemas" desc="(Lorg/davidmoten/oa3/codegen/generator/SchemaCategory;Lorg/davidmoten/oa3/codegen/util/ImmutableList;Lio/swagger/v3/oas/models/media/MediaType;Lorg/davidmoten/oa3/codegen/generator/Visitor;)V" line="187"><counter type="INSTRUCTION" missed="0" covered="9"/><counter type="LINE" missed="0" covered="2"/><counter type="COMPLEXITY" missed="0" covered="1"/><counter type="METHOD" missed="0" covered="1"/></method><method name="visitSchemas" desc="(Lorg/davidmoten/oa3/codegen/generator/SchemaCategory;Lorg/davidmoten/oa3/codegen/util/ImmutableList;Lio/swagger/v3/oas/models/parameters/Parameter;Lorg/davidmoten/oa3/codegen/generator/Visitor;Lio/swagger/v3/oas/models/OpenAPI;)V" line="192"><counter type="INSTRUCTION" missed="0" covered="37"/><counter type="BRANCH" missed="2" covered="4"/><counter type="LINE" missed="0" covered="6"/><counter type="COMPLEXITY" missed="2" covered="2"/><counter type="METHOD" missed="0" covered="1"/></method><method name="resolveRefs" desc="(Lio/swagger/v3/oas/models/OpenAPI;Lio/swagger/v3/oas/models/parameters/Parameter;)Lio/swagger/v3/oas/models/parameters/Parameter;" line="202"><counter type="INSTRUCTION" missed="10" covered="5"/><counter type="BRANCH" missed="1" covered="1"/><counter type="LINE" missed="1" covered="2"/><counter type="COMPLEXITY" missed="1" covered="1"/><counter type="METHOD" missed="0" covered="1"/></method><method name="visitSchemas" desc="(Lorg/davidmoten/oa3/codegen/generator/SchemaCategory;Lorg/davidmoten/oa3/codegen/util/ImmutableList;Lio/swagger/v3/oas/models/media/Schema;Ljava/util/Map;Lorg/davidmoten/oa3/codegen/generator/Visitor;)V" line="210"><counter type="INSTRUCTION" missed="0" covered="21"/><counter type="BRANCH" missed="0" covered="2"/><counter type="LINE" missed="0" covered="5"/><counter type="COMPLEXITY" missed="0" covered="2"/><counter type="METHOD" missed="0" covered="1"/></method><method name="visitSchemas" desc="(Lorg/davidmoten/oa3/codegen/generator/SchemaCategory;Lorg/davidmoten/oa3/codegen/util/ImmutableList;Ljava/util/Map;Lorg/davidmoten/oa3/codegen/generator/Visitor;)V" line="218"><counter type="INSTRUCTION" missed="12" covered="172"/><counter type="BRANCH" missed="5" covered="35"/><counter type="LINE" missed="1" covered="35"/><counter type="COMPLEXITY" missed="5" covered="16"/><counter type="METHOD" missed="0" covered="1"/></method><method name="enumSchema" desc="(Ljava/util/List;)Lio/swagger/v3/oas/models/media/Schema;" line="302"><counter type="INSTRUCTION" missed="0" covered="12"/><counter type="LINE" missed="0" covered="4"/><counter type="COMPLEXITY" missed="0" covered="1"/><counter type="METHOD" missed="0" covered="1"/></method><method name="isComplexSchema" desc="(Lio/swagger/v3/oas/models/media/Schema;)Z" line="309"><counter type="INSTRUCTION" missed="0" covered="25"/><counter type="BRANCH" missed="0" covered="6"/><counter type="LINE" missed="0" covered="5"/><counter type="COMPLEXITY" missed="0" covered="4"/><counter type="METHOD" missed="0" covered="1"/></method><method name="lambda$visitSchemas$16" desc="(Lorg/davidmoten/oa3/codegen/generator/SchemaCategory;Lorg/davidmoten/oa3/codegen/util/ImmutableList;Lorg/davidmoten/oa3/codegen/generator/Visitor;Lio/swagger/v3/oas/models/media/Schema;)V" line="293"><counter type="INSTRUCTION" missed="0" covered="12"/><counter type="LINE" missed="0" covered="1"/><counter type="COMPLEXITY" missed="0" covered="1"/><counter type="METHOD" missed="0" covered="1"/></method><method name="lambda$visitSchemas$15" desc="(Lorg/davidmoten/oa3/codegen/generator/SchemaCategory;Lorg/davidmoten/oa3/codegen/util/ImmutableList;Lorg/davidmoten/oa3/codegen/generator/Visitor;Lio/swagger/v3/oas/models/media/Schema;)V" line="290"><counter type="INSTRUCTION" missed="0" covered="12"/><counter type="LINE" missed="0" covered="1"/><counter type="COMPLEXITY" missed="0" covered="1"/><counter type="METHOD" missed="0" covered="1"/></method><method name="lambda$visitSchemas$14" desc="(Lorg/davidmoten/oa3/codegen/generator/SchemaCategory;Lorg/davidmoten/oa3/codegen/util/ImmutableList;Lorg/davidmoten/oa3/codegen/generator/Visitor;Lio/swagger/v3/oas/models/media/Schema;)V" line="287"><counter type="INSTRUCTION" missed="0" covered="12"/><counter type="LINE" missed="0" covered="1"/><counter type="COMPLEXITY" missed="0" covered="1"/><counter type="METHOD" missed="0" covered="1"/></method><method name="lambda$visitSchemas$13" desc="(Ljava/util/Map;Lorg/davidmoten/oa3/codegen/generator/SchemaCategory;Lorg/davidmoten/oa3/codegen/util/ImmutableList;Lorg/davidmoten/oa3/codegen/generator/Visitor;Ljava/util/Map$Entry;)V" line="248"><counter type="INSTRUCTION" missed="0" covered="114"/><counter type="BRANCH" missed="1" covered="7"/><counter type="LINE" missed="0" covered="25"/><counter type="COMPLEXITY" missed="1" covered="4"/><counter type="METHOD" missed="0" covered="1"/></method><method name="lambda$null$12" desc="(Ljava/lang/String;)Ljava/lang/String;" line="253"><counter type="INSTRUCTION" missed="0" covered="3"/><counter type="LINE" missed="0" covered="1"/><counter type="COMPLEXITY" missed="0" covered="1"/><counter type="METHOD" missed="0" covered="1"/></method><method name="lambda$visitSchemas$11" desc="(Lorg/davidmoten/oa3/codegen/generator/SchemaCategory;Lorg/davidmoten/oa3/codegen/util/ImmutableList;Lorg/davidmoten/oa3/codegen/generator/Visitor;Ljava/lang/String;Lio/swagger/v3/oas/models/media/MediaType;)V" line="176"><counter type="INSTRUCTION" missed="0" covered="18"/><counter type="BRANCH" missed="0" covered="2"/><counter type="LINE" missed="0" covered="4"/><counter type="COMPLEXITY" missed="0" covered="2"/><counter type="METHOD" missed="0" covered="1"/></method><method name="lambda$visitSchemas$10" desc="(Lio/swagger/v3/oas/models/OpenAPI;Lorg/davidmoten/oa3/codegen/generator/SchemaCategory;Lorg/davidmoten/oa3/codegen/util/ImmutableList;Lorg/davidmoten/oa3/codegen/generator/Visitor;Ljava/lang/String;Lio/swagger/v3/oas/models/responses/ApiResponse;)V" line="137"><counter type="INSTRUCTION" missed="0" covered="13"/><counter type="LINE" missed="0" covered="3"/><counter type="COMPLEXITY" missed="0" covered="1"/><counter type="METHOD" missed="0" covered="1"/></method><method name="lambda$visitSchemas$9" desc="(Lio/swagger/v3/oas/models/OpenAPI;Lorg/davidmoten/oa3/codegen/generator/SchemaCategory;Lorg/davidmoten/oa3/codegen/util/ImmutableList;Lorg/davidmoten/oa3/codegen/generator/Visitor;Lio/swagger/v3/oas/models/parameters/Parameter;)V" line="130"><counter type="INSTRUCTION" missed="0" covered="14"/><counter type="LINE" missed="0" covered="3"/><counter type="COMPLEXITY" missed="0" covered="1"/><counter type="METHOD" missed="0" covered="1"/></method><method name="lambda$visitSchemas$8" desc="(Lio/swagger/v3/oas/models/OpenAPI;Lorg/davidmoten/oa3/codegen/generator/SchemaCategory;Lorg/davidmoten/oa3/codegen/util/ImmutableList;Lorg/davidmoten/oa3/codegen/generator/Visitor;Lio/swagger/v3/oas/models/parameters/Parameter;)V" line="109"><counter type="INSTRUCTION" missed="14" covered="0"/><counter type="LINE" missed="3" covered="0"/><counter type="COMPLEXITY" missed="1" covered="0"/><counter type="METHOD" missed="1" covered="0"/></method><method name="lambda$visitSchemas$7" desc="(Lorg/davidmoten/oa3/codegen/util/ImmutableList;Lorg/davidmoten/oa3/codegen/generator/SchemaCategory;Lorg/davidmoten/oa3/codegen/generator/Visitor;Lio/swagger/v3/oas/models/OpenAPI;Lio/swagger/v3/oas/models/PathItem$HttpMethod;Lio/swagger/v3/oas/models/Operation;)V" line="99"><counter type="INSTRUCTION" missed="0" covered="28"/><counter type="BRANCH" missed="0" covered="2"/><counter type="LINE" missed="0" covered="5"/><counter type="COMPLEXITY" missed="0" covered="2"/><counter type="METHOD" missed="0" covered="1"/></method><method name="lambda$visitSchemas$6" desc="(Lorg/davidmoten/oa3/codegen/generator/Visitor;Ljava/lang/String;Lio/swagger/v3/oas/models/media/Schema;)V" line="60"><counter type="INSTRUCTION" missed="0" covered="5"/><counter type="LINE" missed="0" covered="1"/><counter type="COMPLEXITY" missed="0" covered="1"/><counter type="METHOD" missed="0" covered="1"/></method><method name="lambda$visitSchemas$5" desc="(Lorg/davidmoten/oa3/codegen/generator/Visitor;Lio/swagger/v3/oas/models/OpenAPI;Ljava/lang/String;Lio/swagger/v3/oas/models/headers/Header;)V" line="56"><counter type="INSTRUCTION" missed="13" covered="0"/><counter type="LINE" missed="2" covered="0"/><counter type="COMPLEXITY" missed="1" covered="0"/><counter type="METHOD" missed="1" covered="0"/></method><method name="lambda$visitSchemas$4" desc="(Lorg/davidmoten/oa3/codegen/generator/Visitor;Lio/swagger/v3/oas/models/OpenAPI;Ljava/lang/String;Lio/swagger/v3/oas/models/responses/ApiResponse;)V" line="53"><counter type="INSTRUCTION" missed="0" covered="13"/><counter type="LINE" missed="0" covered="2"/><counter type="COMPLEXITY" missed="0" covered="1"/><counter type="METHOD" missed="0" covered="1"/></method><method name="lambda$visitSchemas$3" desc="(Lorg/davidmoten/oa3/codegen/generator/Visitor;Lio/swagger/v3/oas/models/OpenAPI;Ljava/lang/String;Lio/swagger/v3/oas/models/parameters/RequestBody;)V" line="50"><counter type="INSTRUCTION" missed="0" covered="13"/><counter type="LINE" missed="0" covered="2"/><counter type="COMPLEXITY" missed="0" covered="1"/><counter type="METHOD" missed="0" covered="1"/></method><method name="lambda$visitSchemas$2" desc="(Lorg/davidmoten/oa3/codegen/generator/Visitor;Lio/swagger/v3/oas/models/OpenAPI;Ljava/lang/String;Lio/swagger/v3/oas/models/PathItem;)V" line="46"><counter type="INSTRUCTION" missed="13" covered="0"/><counter type="LINE" missed="2" covered="0"/><counter type="COMPLEXITY" missed="1" covered="0"/><counter type="METHOD" missed="1" covered="0"/></method><method name="lambda$visitSchemas$1" desc="(Lorg/davidmoten/oa3/codegen/generator/Visitor;Lio/swagger/v3/oas/models/OpenAPI;Ljava/lang/String;Lio/swagger/v3/oas/models/parameters/Parameter;)V" line="42"><counter type="INSTRUCTION" missed="0" covered="13"/><counter type="LINE" missed="0" covered="2"/><counter type="COMPLEXITY" missed="0" covered="1"/><counter type="METHOD" missed="0" covered="1"/></method><method name="lambda$visitSchemas$0" desc="(Lorg/davidmoten/oa3/codegen/generator/Visitor;Lio/swagger/v3/oas/models/OpenAPI;Ljava/lang/String;Lio/swagger/v3/oas/models/PathItem;)V" line="37"><counter type="INSTRUCTION" missed="0" covered="13"/><counter type="LINE" missed="0" covered="1"/><counter type="COMPLEXITY" missed="0" covered="1"/><counter type="METHOD" missed="0" covered="1"/></method><method name="&lt;clinit&gt;" desc="()V" line="318"><counter type="INSTRUCTION" missed="0" covered="21"/><counter type="LINE" missed="0" covered="1"/><counter type="COMPLEXITY" missed="0" covered="1"/><counter type="METHOD" missed="0" covered="1"/></method><counter type="INSTRUCTION" missed="142" covered="795"/><counter type="BRANCH" missed="26" covered="88"/><counter type="LINE" missed="22" covered="153"/><counter type="COMPLEXITY" missed="30" covered="66"/><counter type="METHOD" missed="6" covered="33"/><counter type="CLASS" missed="0" covered="1"/></class><class name="org/davidmoten/oa3/codegen/generator/ExtensionKeys" sourcefilename="ExtensionKeys.java"><method name="&lt;clinit&gt;" desc="()V" line="3"><counter type="INSTRUCTION" missed="4" covered="0"/><counter type="LINE" missed="1" covered="0"/><counter type="COMPLEXITY" missed="1" covered="0"/><counter type="METHOD" missed="1" covered="0"/></method><counter type="INSTRUCTION" missed="4" covered="0"/><counter type="LINE" missed="1" covered="0"/><counter type="COMPLEXITY" missed="1" covered="0"/><counter type="METHOD" missed="1" covered="0"/><counter type="CLASS" missed="1" covered="0"/></class><class name="org/davidmoten/oa3/codegen/generator/Generator$Field" sourcefilename="Generator.java"><method name="&lt;init&gt;" desc="(Ljava/lang/String;Ljava/lang/String;Ljava/lang/String;ZZLjava/util/Optional;Ljava/util/Optional;Ljava/util/Optional;Ljava/util/Optional;Ljava/util/Optional;Ljava/util/Optional;Ljava/util/Optional;ZZLorg/davidmoten/oa3/codegen/generator/Generator$Encoding;Ljava/util/Optional;ZZZ)V" line="322"><counter type="INSTRUCTION" missed="0" covered="60"/><counter type="LINE" missed="0" covered="21"/><counter type="COMPLEXITY" missed="0" covered="1"/><counter type="METHOD" missed="0" covered="1"/></method><method name="fieldName" desc="(Lorg/davidmoten/oa3/codegen/generator/Generator$Cls;)Ljava/lang/String;" line="345"><counter type="INSTRUCTION" missed="0" covered="4"/><counter type="LINE" missed="0" covered="1"/><counter type="COMPLEXITY" missed="0" covered="1"/><counter type="METHOD" missed="0" covered="1"/></method><method name="resolvedTypePublicConstructorNonOptional" desc="(Lorg/davidmoten/oa3/codegen/generator/internal/Imports;)Ljava/util/Optional;" line="349"><counter type="INSTRUCTION" missed="2" covered="35"/><counter type="BRANCH" missed="1" covered="9"/><counter type="LINE" missed="1" covered="10"/><counter type="COMPLEXITY" missed="1" covered="5"/><counter type="METHOD" missed="0" covered="1"/></method><method name="resolvedType" desc="(Lorg/davidmoten/oa3/codegen/generator/internal/Imports;)Ljava/lang/String;" line="367"><counter type="INSTRUCTION" missed="0" covered="12"/><counter type="BRANCH" missed="0" covered="2"/><counter type="LINE" missed="0" covered="3"/><counter type="COMPLEXITY" missed="0" covered="2"/><counter type="METHOD" missed="0" covered="1"/></method><method name="resolvedTypePublicConstructor" desc="(Lorg/davidmoten/oa3/codegen/generator/internal/Imports;)Ljava/lang/String;" line="375"><counter type="INSTRUCTION" missed="34" covered="181"/><counter type="BRANCH" missed="8" covered="34"/><counter type="LINE" missed="2" covered="20"/><counter type="COMPLEXITY" missed="8" covered="14"/><counter type="METHOD" missed="0" covered="1"/></method><method name="resolvedTypeMapIsArray" desc="(Lorg/davidmoten/oa3/codegen/generator/internal/Imports;Ljava/lang/String;)Ljava/lang/String;" line="410"><counter type="INSTRUCTION" missed="0" covered="63"/><counter type="BRANCH" missed="0" covered="2"/><counter type="LINE" missed="0" covered="5"/><counter type="COMPLEXITY" missed="0" covered="2"/><counter type="METHOD" missed="0" covered="1"/></method><method name="resolvedTypeMapPublic" desc="(Lorg/davidmoten/oa3/codegen/generator/internal/Imports;)Ljava/lang/String;" line="421"><counter type="INSTRUCTION" missed="3" covered="157"/><counter type="BRANCH" missed="1" covered="15"/><counter type="LINE" missed="1" covered="16"/><counter type="COMPLEXITY" missed="1" covered="8"/><counter type="METHOD" missed="0" covered="1"/></method><method name="isPrimitive" desc="()Z" line="451"><counter type="INSTRUCTION" missed="0" covered="13"/><counter type="BRANCH" missed="0" covered="4"/><counter type="LINE" missed="0" covered="1"/><counter type="COMPLEXITY" missed="0" covered="3"/><counter type="METHOD" missed="0" covered="1"/></method><method name="isOctets" desc="()Z" line="455"><counter type="INSTRUCTION" missed="0" covered="8"/><counter type="BRANCH" missed="0" covered="2"/><counter type="LINE" missed="0" covered="1"/><counter type="COMPLEXITY" missed="0" covered="2"/><counter type="METHOD" missed="0" covered="1"/></method><method name="isByteArray" desc="()Z" line="459"><counter type="INSTRUCTION" missed="0" covered="5"/><counter type="LINE" missed="0" covered="1"/><counter type="COMPLEXITY" missed="0" covered="1"/><counter type="METHOD" missed="0" covered="1"/></method><method name="isAdditionalProperties" desc="()Z" line="463"><counter type="INSTRUCTION" missed="0" covered="6"/><counter type="LINE" missed="0" covered="1"/><counter type="COMPLEXITY" missed="0" covered="1"/><counter type="METHOD" missed="0" covered="1"/></method><method name="isMapType" desc="(Lorg/davidmoten/oa3/codegen/generator/Generator$MapType;)Z" line="467"><counter type="INSTRUCTION" missed="0" covered="9"/><counter type="LINE" missed="0" covered="2"/><counter type="COMPLEXITY" missed="0" covered="1"/><counter type="METHOD" missed="0" covered="1"/></method><method name="toString" desc="()Ljava/lang/String;" line="473"><counter type="INSTRUCTION" missed="92" covered="0"/><counter type="LINE" missed="21" covered="0"/><counter type="COMPLEXITY" missed="1" covered="0"/><counter type="METHOD" missed="1" covered="0"/></method><method name="isDateOrTime" desc="()Z" line="497"><counter type="INSTRUCTION" missed="2" covered="14"/><counter type="BRANCH" missed="2" covered="2"/><counter type="LINE" missed="0" covered="2"/><counter type="COMPLEXITY" missed="2" covered="1"/><counter type="METHOD" missed="0" covered="1"/></method><method name="isNumber" desc="()Z" line="502"><counter type="INSTRUCTION" missed="0" covered="5"/><counter type="LINE" missed="0" covered="1"/><counter type="COMPLEXITY" missed="0" covered="1"/><counter type="METHOD" missed="0" covered="1"/></method><method name="&lt;clinit&gt;" desc="()V" line="288"><counter type="INSTRUCTION" missed="0" covered="60"/><counter type="LINE" missed="0" covered="8"/><counter type="COMPLEXITY" missed="0" covered="1"/><counter type="METHOD" missed="0" covered="1"/></method><counter type="INSTRUCTION" missed="133" covered="632"/><counter type="BRANCH" missed="12" covered="70"/><counter type="LINE" missed="25" covered="93"/><counter type="COMPLEXITY" missed="13" covered="44"/><counter type="METHOD" missed="1" covered="15"/><counter type="CLASS" missed="0" covered="1"/></class><class name="org/davidmoten/oa3/codegen/generator/ClientServerGenerator$Method" sourcefilename="ClientServerGenerator.java"><method name="&lt;init&gt;" desc="(Ljava/lang/String;Ljava/util/Optional;Ljava/util/List;Ljava/util/Optional;Ljava/lang/String;Lio/swagger/v3/oas/models/PathItem$HttpMethod;Ljava/util/List;Ljava/util/List;Ljava/util/Optional;Ljava/util/Optional;Ljava/util/Optional;Ljava/util/List;Z)V" line="415"><counter type="INSTRUCTION" missed="0" covered="42"/><counter type="LINE" missed="0" covered="15"/><counter type="COMPLEXITY" missed="0" covered="1"/><counter type="METHOD" missed="0" covered="1"/></method><method name="statusCodeFirstInRange" desc="()Ljava/util/Optional;" line="432"><counter type="INSTRUCTION" missed="0" covered="7"/><counter type="LINE" missed="0" covered="3"/><counter type="COMPLEXITY" missed="0" covered="1"/><counter type="METHOD" missed="0" covered="1"/></method><method name="toString" desc="()Ljava/lang/String;" line="445"><counter type="INSTRUCTION" missed="46" covered="0"/><counter type="LINE" missed="3" covered="0"/><counter type="COMPLEXITY" missed="1" covered="0"/><counter type="METHOD" missed="1" covered="0"/></method><method name="lambda$toString$2" desc="(Ljava/lang/String;)Ljava/lang/String;" line="447"><counter type="INSTRUCTION" missed="9" covered="0"/><counter type="LINE" missed="1" covered="0"/><counter type="COMPLEXITY" missed="1" covered="0"/><counter type="METHOD" missed="1" covered="0"/></method><method name="lambda$statusCodeFirstInRange$1" desc="(Ljava/lang/String;)Ljava/lang/Integer;" line="435"><counter type="INSTRUCTION" missed="0" covered="17"/><counter type="BRANCH" missed="0" covered="2"/><counter type="LINE" missed="0" covered="3"/><counter type="COMPLEXITY" missed="0" covered="2"/><counter type="METHOD" missed="0" covered="1"/></method><method name="lambda$statusCodeFirstInRange$0" desc="(Ljava/lang/String;)Ljava/lang/String;" line="433"><counter type="INSTRUCTION" missed="0" covered="4"/><counter type="LINE" missed="0" covered="1"/><counter type="COMPLEXITY" missed="0" covered="1"/><counter type="METHOD" missed="0" covered="1"/></method><counter type="INSTRUCTION" missed="55" covered="70"/><counter type="BRANCH" missed="0" covered="2"/><counter type="LINE" missed="3" covered="21"/><counter type="COMPLEXITY" missed="2" covered="5"/><counter type="METHOD" missed="2" covered="4"/><counter type="CLASS" missed="0" covered="1"/></class><class name="org/davidmoten/oa3/codegen/generator/ClientServerGenerator$Constraints" sourcefilename="ClientServerGenerator.java"><method name="&lt;init&gt;" desc="(Ljava/util/Optional;Ljava/util/Optional;Ljava/util/Optional;Ljava/util/Optional;Ljava/util/Optional;Ljava/util/Optional;Ljava/util/Optional;Ljava/util/Optional;Ljava/util/Optional;)V" line="491"><counter type="INSTRUCTION" missed="0" covered="30"/><counter type="LINE" missed="0" covered="11"/><counter type="COMPLEXITY" missed="0" covered="1"/><counter type="METHOD" missed="0" covered="1"/></method><method name="empty" desc="()Lorg/davidmoten/oa3/codegen/generator/ClientServerGenerator$Constraints;" line="504"><counter type="INSTRUCTION" missed="13" covered="0"/><counter type="LINE" missed="2" covered="0"/><counter type="COMPLEXITY" missed="1" covered="0"/><counter type="METHOD" missed="1" covered="0"/></method><method name="atLeastOnePresent" desc="()Z" line="509"><counter type="INSTRUCTION" missed="0" covered="40"/><counter type="BRANCH" missed="6" covered="12"/><counter type="LINE" missed="0" covered="3"/><counter type="COMPLEXITY" missed="6" covered="4"/><counter type="METHOD" missed="0" covered="1"/></method><counter type="INSTRUCTION" missed="13" covered="70"/><counter type="BRANCH" missed="6" covered="12"/><counter type="LINE" missed="2" covered="14"/><counter type="COMPLEXITY" missed="7" covered="5"/><counter type="METHOD" missed="1" covered="2"/><counter type="CLASS" missed="0" covered="1"/></class><class name="org/davidmoten/oa3/codegen/generator/Packages" sourcefilename="Packages.java"><method name="&lt;init&gt;" desc="(Ljava/lang/String;)V" line="7"><counter type="INSTRUCTION" missed="0" covered="6"/><counter type="LINE" missed="0" covered="3"/><counter type="COMPLEXITY" missed="0" covered="1"/><counter type="METHOD" missed="0" covered="1"/></method><method name="basePackage" desc="()Ljava/lang/String;" line="12"><counter type="INSTRUCTION" missed="0" covered="3"/><counter type="LINE" missed="0" covered="1"/><counter type="COMPLEXITY" missed="0" covered="1"/><counter type="METHOD" missed="0" covered="1"/></method><counter type="INSTRUCTION" missed="0" covered="9"/><counter type="LINE" missed="0" covered="4"/><counter type="COMPLEXITY" missed="0" covered="2"/><counter type="METHOD" missed="0" covered="2"/><counter type="CLASS" missed="0" covered="1"/></class><class name="org/davidmoten/oa3/codegen/generator/Generator$MyVisitor" sourcefilename="Generator.java"><method name="&lt;init&gt;" desc="(Lorg/davidmoten/oa3/codegen/generator/Names;)V" line="508"><counter type="INSTRUCTION" missed="0" covered="16"/><counter type="LINE" missed="0" covered="5"/><counter type="COMPLEXITY" missed="0" covered="1"/><counter type="METHOD" missed="0" covered="1"/></method><method name="startSchema" desc="(Lorg/davidmoten/oa3/codegen/generator/SchemaCategory;Lorg/davidmoten/oa3/codegen/util/ImmutableList;)V" line="517"><counter type="INSTRUCTION" missed="13" covered="508"/><counter type="BRANCH" missed="4" covered="52"/><counter type="LINE" missed="2" covered="92"/><counter type="COMPLEXITY" missed="4" covered="25"/><counter type="METHOD" missed="0" covered="1"/></method><method name="finishSchema" desc="(Lorg/davidmoten/oa3/codegen/generator/SchemaCategory;Lorg/davidmoten/oa3/codegen/util/ImmutableList;)V" line="639"><counter type="INSTRUCTION" missed="0" covered="42"/><counter type="BRANCH" missed="0" covered="8"/><counter type="LINE" missed="0" covered="7"/><counter type="COMPLEXITY" missed="0" covered="5"/><counter type="METHOD" missed="0" covered="1"/></method><method name="results" desc="()Ljava/util/List;" line="650"><counter type="INSTRUCTION" missed="0" covered="3"/><counter type="LINE" missed="0" covered="1"/><counter type="COMPLEXITY" missed="0" covered="1"/><counter type="METHOD" missed="0" covered="1"/></method><method name="lambda$startSchema$0" desc="(Lorg/davidmoten/oa3/codegen/generator/Generator$Cls;Lorg/davidmoten/oa3/codegen/generator/SchemaWithName;Ljava/util/Optional;ZLjava/util/Optional;Lorg/davidmoten/oa3/codegen/util/ImmutableList;Lio/swagger/v3/oas/models/media/Schema;Lorg/davidmoten/oa3/codegen/generator/Generator$Cls;)V" line="539"><counter type="INSTRUCTION" missed="0" covered="24"/><counter type="BRANCH" missed="0" covered="2"/><counter type="LINE" missed="0" covered="3"/><counter type="COMPLEXITY" missed="0" covered="2"/><counter type="METHOD" missed="0" covered="1"/></method><counter type="INSTRUCTION" missed="13" covered="593"/><counter type="BRANCH" missed="4" covered="62"/><counter type="LINE" missed="2" covered="107"/><counter type="COMPLEXITY" missed="4" covered="34"/><counter type="METHOD" missed="0" covered="5"/><counter type="CLASS" missed="0" covered="1"/></class><class name="org/davidmoten/oa3/codegen/generator/Names$Server" sourcefilename="Names.java"><method name="&lt;init&gt;" desc="(Ljava/lang/String;Ljava/util/Optional;)V" line="117"><counter type="INSTRUCTION" missed="0" covered="9"/><counter type="LINE" missed="0" covered="4"/><counter type="COMPLEXITY" missed="0" covered="1"/><counter type="METHOD" missed="0" covered="1"/></method><counter type="INSTRUCTION" missed="0" covered="9"/><counter type="LINE" missed="0" covered="4"/><counter type="COMPLEXITY" missed="0" covered="1"/><counter type="METHOD" missed="0" covered="1"/><counter type="CLASS" missed="0" covered="1"/></class><class name="org/davidmoten/oa3/codegen/generator/Visitor" sourcefilename="Visitor.java"><method name="finishSchema" desc="(Lorg/davidmoten/oa3/codegen/generator/SchemaCategory;Lorg/davidmoten/oa3/codegen/util/ImmutableList;)V" line="11"><counter type="INSTRUCTION" missed="0" covered="1"/><counter type="LINE" missed="0" covered="1"/><counter type="COMPLEXITY" missed="0" covered="1"/><counter type="METHOD" missed="0" covered="1"/></method><counter type="INSTRUCTION" missed="0" covered="1"/><counter type="LINE" missed="0" covered="1"/><counter type="COMPLEXITY" missed="0" covered="1"/><counter type="METHOD" missed="0" covered="1"/><counter type="CLASS" missed="0" covered="1"/></class><class name="org/davidmoten/oa3/codegen/generator/SchemaWithName" sourcefilename="SchemaWithName.java"><method name="&lt;init&gt;" desc="(Ljava/lang/String;Lio/swagger/v3/oas/models/media/Schema;)V" line="9"><counter type="INSTRUCTION" missed="0" covered="9"/><counter type="LINE" missed="0" covered="4"/><counter type="COMPLEXITY" missed="0" covered="1"/><counter type="METHOD" missed="0" covered="1"/></method><method name="toString" desc="()Ljava/lang/String;" line="17"><counter type="INSTRUCTION" missed="30" covered="0"/><counter type="BRANCH" missed="2" covered="0"/><counter type="LINE" missed="4" covered="0"/><counter type="COMPLEXITY" missed="2" covered="0"/><counter type="METHOD" missed="1" covered="0"/></method><counter type="INSTRUCTION" missed="30" covered="9"/><counter type="BRANCH" missed="2" covered="0"/><counter type="LINE" missed="4" covered="4"/><counter type="COMPLEXITY" missed="2" covered="1"/><counter type="METHOD" missed="1" covered="1"/><counter type="CLASS" missed="0" covered="1"/></class><class name="org/davidmoten/oa3/codegen/generator/ServerGeneratorType" sourcefilename="ServerGeneratorType.java"><method name="&lt;clinit&gt;" desc="()V" line="3"><counter type="INSTRUCTION" missed="0" covered="24"/><counter type="LINE" missed="0" covered="2"/><counter type="COMPLEXITY" missed="0" covered="1"/><counter type="METHOD" missed="0" covered="1"/></method><counter type="INSTRUCTION" missed="0" covered="24"/><counter type="LINE" missed="0" covered="2"/><counter type="COMPLEXITY" missed="0" covered="1"/><counter type="METHOD" missed="0" covered="1"/><counter type="CLASS" missed="0" covered="1"/></class><class name="org/davidmoten/oa3/codegen/generator/ClientServerGenerator$ResponseDescriptor" sourcefilename="ClientServerGenerator.java"><method name="&lt;init&gt;" desc="(Ljava/lang/String;Ljava/lang/String;Ljava/lang/String;)V" line="458"><counter type="INSTRUCTION" missed="0" covered="12"/><counter type="LINE" missed="0" covered="5"/><counter type="COMPLEXITY" missed="0" covered="1"/><counter type="METHOD" missed="0" covered="1"/></method><method name="statusCode" desc="()Ljava/lang/String;" line="465"><counter type="INSTRUCTION" missed="0" covered="3"/><counter type="LINE" missed="0" covered="1"/><counter type="COMPLEXITY" missed="0" covered="1"/><counter type="METHOD" missed="0" covered="1"/></method><method name="mediaType" desc="()Ljava/lang/String;" line="469"><counter type="INSTRUCTION" missed="0" covered="3"/><counter type="LINE" missed="0" covered="1"/><counter type="COMPLEXITY" missed="0" covered="1"/><counter type="METHOD" missed="0" covered="1"/></method><method name="fullClassName" desc="()Ljava/lang/String;" line="473"><counter type="INSTRUCTION" missed="0" covered="3"/><counter type="LINE" missed="0" covered="1"/><counter type="COMPLEXITY" missed="0" covered="1"/><counter type="METHOD" missed="0" covered="1"/></method><counter type="INSTRUCTION" missed="0" covered="21"/><counter type="LINE" missed="0" covered="8"/><counter type="COMPLEXITY" missed="0" covered="4"/><counter type="METHOD" missed="0" covered="4"/><counter type="CLASS" missed="0" covered="1"/></class><class name="org/davidmoten/oa3/codegen/generator/Generator" sourcefilename="Generator.java"><method name="&lt;init&gt;" desc="(Lorg/davidmoten/oa3/codegen/generator/Definition;)V" line="38"><counter type="INSTRUCTION" missed="0" covered="6"/><counter type="LINE" missed="0" covered="3"/><counter type="COMPLEXITY" missed="0" covered="1"/><counter type="METHOD" missed="0" covered="1"/></method><method name="generate" desc="()V" line="45"><counter type="INSTRUCTION" missed="0" covered="13"/><counter type="LINE" missed="0" covered="4"/><counter type="COMPLEXITY" missed="0" covered="1"/><counter type="METHOD" missed="0" covered="1"/></method><method name="writeSchemaClasses" desc="(Lorg/davidmoten/oa3/codegen/generator/Definition;Lorg/davidmoten/oa3/codegen/generator/Names;)V" line="55"><counter type="INSTRUCTION" missed="10" covered="92"/><counter type="BRANCH" missed="8" covered="10"/><counter type="LINE" missed="0" covered="21"/><counter type="COMPLEXITY" missed="6" covered="4"/><counter type="METHOD" missed="0" covered="1"/></method><method name="findFullClassNameInterfaces" desc="(Lorg/davidmoten/oa3/codegen/generator/Generator$Cls;Ljava/util/Map;)V" line="82"><counter type="INSTRUCTION" missed="0" covered="11"/><counter type="BRANCH" missed="0" covered="2"/><counter type="LINE" missed="0" covered="3"/><counter type="COMPLEXITY" missed="0" covered="2"/><counter type="METHOD" missed="0" covered="1"/></method><method name="extension" desc="(Lio/swagger/v3/oas/models/media/Schema;Ljava/lang/String;)Ljava/util/Optional;" line="228"><counter type="INSTRUCTION" missed="0" covered="15"/><counter type="BRANCH" missed="0" covered="2"/><counter type="LINE" missed="0" covered="5"/><counter type="COMPLEXITY" missed="0" covered="2"/><counter type="METHOD" missed="0" covered="1"/></method><method name="extensionString" desc="(Lio/swagger/v3/oas/models/media/Schema;Ljava/lang/String;)Ljava/util/Optional;" line="239"><counter type="INSTRUCTION" missed="0" covered="4"/><counter type="LINE" missed="0" covered="1"/><counter type="COMPLEXITY" missed="0" covered="1"/><counter type="METHOD" missed="0" covered="1"/></method><method name="isNullable" desc="(Lio/swagger/v3/oas/models/media/Schema;)Z" line="665"><counter type="INSTRUCTION" missed="0" covered="17"/><counter type="BRANCH" missed="1" covered="5"/><counter type="LINE" missed="0" covered="2"/><counter type="COMPLEXITY" missed="1" covered="3"/><counter type="METHOD" missed="0" covered="1"/></method><method name="encoding" desc="(Lio/swagger/v3/oas/models/media/Schema;)Lorg/davidmoten/oa3/codegen/generator/Generator$Encoding;" line="670"><counter type="INSTRUCTION" missed="0" covered="9"/><counter type="BRANCH" missed="0" covered="2"/><counter type="LINE" missed="0" covered="3"/><counter type="COMPLEXITY" missed="0" covered="2"/><counter type="METHOD" missed="0" covered="1"/></method><method name="updateLinks" desc="(Lorg/davidmoten/oa3/codegen/generator/Generator$Cls;Ljava/util/Optional;)V" line="678"><counter type="INSTRUCTION" missed="0" covered="5"/><counter type="LINE" missed="0" covered="2"/><counter type="COMPLEXITY" missed="0" covered="1"/><counter type="METHOD" missed="0" covered="1"/></method><method name="handleObject" desc="(Lorg/davidmoten/oa3/codegen/util/ImmutableList;Lorg/davidmoten/oa3/codegen/generator/SchemaWithName;Lio/swagger/v3/oas/models/media/Schema;Lorg/davidmoten/oa3/codegen/generator/Generator$Cls;ZLjava/util/Optional;Ljava/util/Optional;)V" line="686"><counter type="INSTRUCTION" missed="0" covered="43"/><counter type="BRANCH" missed="0" covered="6"/><counter type="LINE" missed="0" covered="11"/><counter type="COMPLEXITY" missed="0" covered="4"/><counter type="METHOD" missed="0" covered="1"/></method><method name="isString" desc="(Lio/swagger/v3/oas/models/media/Schema;)Z" line="707"><counter type="INSTRUCTION" missed="0" covered="7"/><counter type="LINE" missed="0" covered="1"/><counter type="COMPLEXITY" missed="0" covered="1"/><counter type="METHOD" missed="0" covered="1"/></method><method name="fieldIsRequired" desc="(Lorg/davidmoten/oa3/codegen/util/ImmutableList;)Z" line="711"><counter type="INSTRUCTION" missed="0" covered="55"/><counter type="BRANCH" missed="1" covered="15"/><counter type="LINE" missed="0" covered="6"/><counter type="COMPLEXITY" missed="1" covered="8"/><counter type="METHOD" missed="0" covered="1"/></method><method name="mapType" desc="(Lorg/davidmoten/oa3/codegen/util/ImmutableList;)Ljava/util/Optional;" line="723"><counter type="INSTRUCTION" missed="0" covered="33"/><counter type="BRANCH" missed="0" covered="8"/><counter type="LINE" missed="0" covered="7"/><counter type="COMPLEXITY" missed="0" covered="5"/><counter type="METHOD" missed="0" covered="1"/></method><method name="allNulls" desc="(Lio/swagger/v3/oas/models/media/Schema;)Z" line="735"><counter type="INSTRUCTION" missed="0" covered="25"/><counter type="BRANCH" missed="2" covered="10"/><counter type="LINE" missed="0" covered="2"/><counter type="COMPLEXITY" missed="2" covered="5"/><counter type="METHOD" missed="0" covered="1"/></method><method name="handlePolymorphism" desc="(Lorg/davidmoten/oa3/codegen/util/ImmutableList;Lorg/davidmoten/oa3/codegen/generator/Generator$Cls;Lorg/davidmoten/oa3/codegen/generator/Names;Ljava/util/Optional;Ljava/util/Optional;Z)V" line="741"><counter type="INSTRUCTION" missed="0" covered="86"/><counter type="BRANCH" missed="0" covered="12"/><counter type="LINE" missed="0" covered="20"/><counter type="COMPLEXITY" missed="0" covered="7"/><counter type="METHOD" missed="0" covered="1"/></method><method name="polymorphicType" desc="(Lio/swagger/v3/oas/models/media/Schema;)Lorg/davidmoten/oa3/codegen/runtime/PolymorphicType;" line="775"><counter type="INSTRUCTION" missed="0" covered="16"/><counter type="BRANCH" missed="0" covered="4"/><counter type="LINE" missed="0" covered="6"/><counter type="COMPLEXITY" missed="0" covered="3"/><counter type="METHOD" missed="0" covered="1"/></method><method name="handleEnum" desc="(Lorg/davidmoten/oa3/codegen/util/ImmutableList;Lorg/davidmoten/oa3/codegen/generator/Generator$Cls;Ljava/util/Optional;ZLjava/util/Optional;Lorg/davidmoten/oa3/codegen/generator/Names;)V" line="810"><counter type="INSTRUCTION" missed="3" covered="125"/><counter type="BRANCH" missed="1" covered="11"/><counter type="LINE" missed="1" covered="22"/><counter type="COMPLEXITY" missed="1" covered="6"/><counter type="METHOD" missed="0" covered="1"/></method><method name="contains" desc="(Ljava/util/Collection;Ljava/lang/Object;)Z" line="844"><counter type="INSTRUCTION" missed="0" covered="12"/><counter type="BRANCH" missed="1" covered="5"/><counter type="LINE" missed="0" covered="1"/><counter type="COMPLEXITY" missed="1" covered="3"/><counter type="METHOD" missed="0" covered="1"/></method><method name="toList" desc="(Ljava/lang/String;Lorg/davidmoten/oa3/codegen/generator/internal/Imports;Z)Ljava/lang/String;" line="848"><counter type="INSTRUCTION" missed="23" covered="19"/><counter type="BRANCH" missed="1" covered="1"/><counter type="LINE" missed="2" covered="2"/><counter type="COMPLEXITY" missed="1" covered="1"/><counter type="METHOD" missed="0" covered="1"/></method><method name="resolveCandidateFullClassName" desc="(Lorg/davidmoten/oa3/codegen/generator/Generator$Cls;Ljava/lang/String;)Ljava/lang/String;" line="857"><counter type="INSTRUCTION" missed="2" covered="40"/><counter type="BRANCH" missed="2" covered="4"/><counter type="LINE" missed="1" covered="7"/><counter type="COMPLEXITY" missed="2" covered="2"/><counter type="METHOD" missed="0" covered="1"/></method><method name="classType" desc="(Lio/swagger/v3/oas/models/media/Schema;)Lorg/davidmoten/oa3/codegen/generator/Generator$ClassType;" line="870"><counter type="INSTRUCTION" missed="0" covered="22"/><counter type="BRANCH" missed="0" covered="8"/><counter type="LINE" missed="0" covered="9"/><counter type="COMPLEXITY" missed="0" covered="5"/><counter type="METHOD" missed="0" covered="1"/></method><method name="lambda$handleEnum$6" desc="(Lorg/davidmoten/oa3/codegen/generator/Generator$Cls;Lorg/davidmoten/oa3/codegen/util/ImmutableList;Ljava/util/Optional;ZZLio/swagger/v3/oas/models/media/Schema;Lorg/davidmoten/oa3/codegen/generator/Generator$Cls;)V" line="839"><counter type="INSTRUCTION" missed="0" covered="18"/><counter type="LINE" missed="0" covered="2"/><counter type="COMPLEXITY" missed="0" covered="1"/><counter type="METHOD" missed="0" covered="1"/></method><method name="lambda$handlePolymorphism$5" desc="(Lorg/davidmoten/oa3/codegen/generator/Generator$Cls;Lorg/davidmoten/oa3/codegen/generator/SchemaWithName;Ljava/util/Optional;ZZLorg/davidmoten/oa3/codegen/util/ImmutableList;Lorg/davidmoten/oa3/codegen/generator/Generator$Cls;)V" line="769"><counter type="INSTRUCTION" missed="0" covered="19"/><counter type="LINE" missed="0" covered="2"/><counter type="COMPLEXITY" missed="0" covered="1"/><counter type="METHOD" missed="0" covered="1"/></method><method name="lambda$handlePolymorphism$4" desc="(Ljava/util/Map$Entry;)Ljava/lang/String;" line="749"><counter type="INSTRUCTION" missed="0" covered="4"/><counter type="LINE" missed="0" covered="1"/><counter type="COMPLEXITY" missed="0" covered="1"/><counter type="METHOD" missed="0" covered="1"/></method><method name="lambda$handlePolymorphism$3" desc="(Lorg/davidmoten/oa3/codegen/generator/Names;Ljava/util/Map$Entry;)Ljava/lang/String;" line="749"><counter type="INSTRUCTION" missed="0" covered="6"/><counter type="LINE" missed="0" covered="1"/><counter type="COMPLEXITY" missed="0" covered="1"/><counter type="METHOD" missed="0" covered="1"/></method><method name="lambda$handleObject$2" desc="(Lorg/davidmoten/oa3/codegen/generator/Generator$Cls;Lorg/davidmoten/oa3/codegen/generator/SchemaWithName;Ljava/util/Optional;ZZLjava/util/Optional;Lio/swagger/v3/oas/models/media/Schema;Lorg/davidmoten/oa3/codegen/generator/Generator$Cls;)V" line="698"><counter type="INSTRUCTION" missed="0" covered="15"/><counter type="LINE" missed="0" covered="2"/><counter type="COMPLEXITY" missed="0" covered="1"/><counter type="METHOD" missed="0" covered="1"/></method><method name="lambda$updateLinks$1" desc="(Lorg/davidmoten/oa3/codegen/generator/Generator$Cls;Lorg/davidmoten/oa3/codegen/generator/Generator$Cls;)V" line="679"><counter type="INSTRUCTION" missed="0" covered="10"/><counter type="LINE" missed="0" covered="3"/><counter type="COMPLEXITY" missed="0" covered="1"/><counter type="METHOD" missed="0" covered="1"/></method><method name="lambda$findFullClassNameInterfaces$0" desc="(Ljava/util/Map;Lorg/davidmoten/oa3/codegen/generator/Generator$Cls;Lorg/davidmoten/oa3/codegen/generator/Generator$Field;)V" line="84"><counter type="INSTRUCTION" missed="0" covered="23"/><counter type="BRANCH" missed="0" covered="2"/><counter type="LINE" missed="0" covered="6"/><counter type="COMPLEXITY" missed="0" covered="2"/><counter type="METHOD" missed="0" covered="1"/></method><method name="&lt;clinit&gt;" desc="()V" line="274"><counter type="INSTRUCTION" missed="0" covered="33"/><counter type="LINE" missed="0" covered="1"/><counter type="COMPLEXITY" missed="0" covered="1"/><counter type="METHOD" missed="0" covered="1"/></method><counter type="INSTRUCTION" missed="38" covered="783"/><counter type="BRANCH" missed="17" covered="107"/><counter type="LINE" missed="4" covered="151"/><counter type="COMPLEXITY" missed="15" covered="76"/><counter type="METHOD" missed="0" covered="29"/><counter type="CLASS" missed="0" covered="1"/></class><class name="org/davidmoten/oa3/codegen/generator/Generator$Encoding" sourcefilename="Generator.java"><method name="&lt;clinit&gt;" desc="()V" line="702"><counter type="INSTRUCTION" missed="0" covered="24"/><counter type="LINE" missed="0" covered="2"/><counter type="COMPLEXITY" missed="0" covered="1"/><counter type="METHOD" missed="0" covered="1"/></method><counter type="INSTRUCTION" missed="0" covered="24"/><counter type="LINE" missed="0" covered="2"/><counter type="COMPLEXITY" missed="0" covered="1"/><counter type="METHOD" missed="0" covered="1"/><counter type="CLASS" missed="0" covered="1"/></class><class name="org/davidmoten/oa3/codegen/generator/Generator$MapType" sourcefilename="Generator.java"><method name="&lt;clinit&gt;" desc="()V" line="277"><counter type="INSTRUCTION" missed="0" covered="24"/><counter type="LINE" missed="0" covered="2"/><counter type="COMPLEXITY" missed="0" covered="1"/><counter type="METHOD" missed="0" covered="1"/></method><counter type="INSTRUCTION" missed="0" covered="24"/><counter type="LINE" missed="0" covered="2"/><counter type="COMPLEXITY" missed="0" covered="1"/><counter type="METHOD" missed="0" covered="1"/><counter type="CLASS" missed="0" covered="1"/></class><class name="org/davidmoten/oa3/codegen/generator/Generator$Cls" sourcefilename="Generator.java"><method name="&lt;init&gt;" desc="()V" line="94"><counter type="INSTRUCTION" missed="0" covered="50"/><counter type="LINE" missed="0" covered="14"/><counter type="COMPLEXITY" missed="0" covered="1"/><counter type="METHOD" missed="0" covered="1"/></method><method name="nextAnonymousFieldName" desc="()Ljava/lang/String;" line="114"><counter type="INSTRUCTION" missed="0" covered="16"/><counter type="LINE" missed="0" covered="2"/><counter type="COMPLEXITY" missed="0" covered="1"/><counter type="METHOD" missed="0" covered="1"/></method><method name="nextFieldName" desc="(Ljava/lang/String;Lio/swagger/v3/oas/models/media/Schema;)Ljava/lang/String;" line="122"><counter type="INSTRUCTION" missed="12" covered="41"/><counter type="BRANCH" missed="2" covered="6"/><counter type="LINE" missed="2" covered="14"/><counter type="COMPLEXITY" missed="2" covered="3"/><counter type="METHOD" missed="0" covered="1"/></method><method name="fieldName" desc="(Lorg/davidmoten/oa3/codegen/generator/Generator$Field;)Ljava/lang/String;" line="151"><counter type="INSTRUCTION" missed="0" covered="8"/><counter type="BRANCH" missed="0" covered="2"/><counter type="LINE" missed="0" covered="3"/><counter type="COMPLEXITY" missed="0" covered="2"/><counter type="METHOD" missed="0" covered="1"/></method><method name="addField" desc="(Ljava/lang/String;Ljava/lang/String;Ljava/lang/String;ZZLjava/util/Optional;ZZZ)V" line="160"><counter type="INSTRUCTION" missed="22" covered="0"/><counter type="LINE" missed="3" covered="0"/><counter type="COMPLEXITY" missed="1" covered="0"/><counter type="METHOD" missed="1" covered="0"/></method><method name="addField" desc="(Ljava/lang/String;Ljava/lang/String;Ljava/lang/String;ZZLjava/util/Optional;Z)V" line="167"><counter type="INSTRUCTION" missed="0" covered="22"/><counter type="LINE" missed="0" covered="3"/><counter type="COMPLEXITY" missed="0" covered="1"/><counter type="METHOD" missed="0" covered="1"/></method><method name="addField" desc="(Ljava/lang/String;Ljava/lang/String;Ljava/lang/String;ZZLjava/util/Optional;Ljava/util/Optional;Ljava/util/Optional;Ljava/util/Optional;Ljava/util/Optional;Ljava/util/Optional;Ljava/util/Optional;ZZLorg/davidmoten/oa3/codegen/generator/Generator$Encoding;Ljava/util/Optional;ZZZ)V" line="177"><counter type="INSTRUCTION" missed="0" covered="27"/><counter type="LINE" missed="0" covered="2"/><counter type="COMPLEXITY" missed="0" covered="1"/><counter type="METHOD" missed="0" covered="1"/></method><method name="pkg" desc="()Ljava/lang/String;" line="187"><counter type="INSTRUCTION" missed="0" covered="4"/><counter type="LINE" missed="0" covered="1"/><counter type="COMPLEXITY" missed="0" covered="1"/><counter type="METHOD" missed="0" covered="1"/></method><method name="simpleName" desc="()Ljava/lang/String;" line="191"><counter type="INSTRUCTION" missed="0" covered="4"/><counter type="LINE" missed="0" covered="1"/><counter type="COMPLEXITY" missed="0" covered="1"/><counter type="METHOD" missed="0" covered="1"/></method><method name="unwrapSingleField" desc="()Z" line="195"><counter type="INSTRUCTION" missed="0" covered="27"/><counter type="BRANCH" missed="0" covered="12"/><counter type="LINE" missed="0" covered="2"/><counter type="COMPLEXITY" missed="0" covered="7"/><counter type="METHOD" missed="0" covered="1"/></method><method name="ownersAndSiblingsSimpleNames" desc="()Ljava/util/Set;" line="202"><counter type="INSTRUCTION" missed="0" covered="34"/><counter type="BRANCH" missed="0" covered="2"/><counter type="LINE" missed="0" covered="7"/><counter type="COMPLEXITY" missed="0" covered="2"/><counter type="METHOD" missed="0" covered="1"/></method><method name="isNullableEnum" desc="()Z" line="213"><counter type="INSTRUCTION" missed="0" covered="15"/><counter type="BRANCH" missed="1" covered="3"/><counter type="LINE" missed="0" covered="1"/><counter type="COMPLEXITY" missed="1" covered="2"/><counter type="METHOD" missed="0" covered="1"/></method><method name="hasEnumNullValue" de
[...]
r="1076" mi="0" ci="2" mb="0" cb="0"/><line nr="1077" mi="0" ci="20" mb="0" cb="0"/><line nr="1078" mi="0" ci="8" mb="0" cb="0"/><line nr="1079" mi="0" ci="6" mb="0" cb="0"/><line nr="1080" mi="0" ci="2" mb="0" cb="0"/><line nr="1081" mi="0" ci="8" mb="0" cb="2"/><line nr="1082" mi="0" ci="6" mb="0" cb="4"/><line nr="1083" mi="0" ci="15" mb="0" cb="0"/><line nr="1084" mi="0" ci="2" mb="0" cb="0"/><line nr="1086" mi="0" ci="15" mb="0" cb="0"/><line nr="1087" mi="0" ci="2" mb="0" cb="0"/><line nr="1090" mi="0" ci="4" mb="0" cb="0"/><line nr="1092" mi="0" ci="4" mb="0" cb="0"/><line nr="1093" mi="0" ci="14" mb="0" cb="0"/><line nr="1094" mi="0" ci="2" mb="0" cb="0"/><line nr="1097" mi="0" ci="1" mb="0" cb="0"/><line nr="1098" mi="0" ci="1" mb="0" cb="0"/><line nr="1101" mi="0" ci="2" mb="0" cb="0"/><line nr="1102" mi="0" ci="9" mb="0" cb="0"/><line nr="1103" mi="0" ci="3" mb="0" cb="2"/><line nr="1104" mi="0" ci="19" mb="0" cb="0"/><line nr="1105" mi="0" ci="2" mb="0" cb="0"/><line nr="1107" mi="0" ci="16" mb="0" cb="0"/><line nr="1109" mi="0" ci="11" mb="0" cb="0"/><line nr="1110" mi="0" ci="2" mb="0" cb="0"/><line nr="1111" mi="0" ci="1" mb="0" cb="0"/><line nr="1114" mi="0" ci="13" mb="0" cb="0"/><line nr="1115" mi="0" ci="9" mb="0" cb="0"/><line nr="1116" mi="0" ci="2" mb="0" cb="0"/><line nr="1117" mi="0" ci="1" mb="0" cb="0"/><line nr="1121" mi="0" ci="13" mb="0" cb="0"/><line nr="1122" mi="0" ci="1" mb="0" cb="0"/><counter type="INSTRUCTION" missed="86" covered="4492"/><counter type="BRANCH" missed="27" covered="333"/><counter type="LINE" missed="11" covered="694"/><counter type="COMPLEXITY" missed="27" covered="258"/><counter type="METHOD" missed="0" covered="105"/><counter type="CLASS" missed="0" covered="1"/></sourcefile><sourcefile name="ServerCodeWriterSpringBoot.java"><line nr="47" mi="3" ci="0" mb="0" cb="0"/><line nr="50" mi="0" ci="2" mb="0" cb="0"/><line nr="51" mi="0" ci="2" mb="0" cb="0"/><line nr="52" mi="0" ci="1" mb="0" cb="0"/><line nr="53" mi="0" ci="2" mb="0" cb="0"/><line nr="54" mi="0" ci="4" mb="0" cb="0"/><line nr="55" mi="0" ci="4" mb="0" cb="0"/><line nr="56" mi="0" ci="3" mb="0" cb="0"/><line nr="57" mi="0" ci="3" mb="0" cb="0"/><line nr="58" mi="0" ci="1" mb="0" cb="0"/><line nr="61" mi="0" ci="8" mb="0" cb="0"/><line nr="62" mi="0" ci="2" mb="0" cb="0"/><line nr="63" mi="0" ci="3" mb="0" cb="0"/><line nr="64" mi="0" ci="1" mb="0" cb="0"/><line nr="67" mi="0" ci="10" mb="0" cb="0"/><line nr="68" mi="0" ci="2" mb="0" cb="0"/><line nr="69" mi="0" ci="10" mb="0" cb="0"/><line nr="70" mi="0" ci="2" mb="0" cb="0"/><line nr="71" mi="0" ci="9" mb="0" cb="0"/><line nr="72" mi="0" ci="2" mb="0" cb="0"/><line nr="73" mi="0" ci="10" mb="0" cb="0"/><line nr="74" mi="0" ci="2" mb="0" cb="0"/><line nr="75" mi="0" ci="9" mb="0" cb="0"/><line nr="76" mi="0" ci="14" mb="0" cb="0"/><line nr="77" mi="0" ci="2" mb="0" cb="0"/><line nr="78" mi="0" ci="3" mb="0" cb="0"/><line nr="79" mi="0" ci="2" mb="0" cb="0"/><line nr="80" mi="0" ci="5" mb="0" cb="0"/><line nr="81" mi="0" ci="1" mb="0" cb="0"/><line nr="84" mi="0" ci="3" mb="0" cb="0"/><line nr="85" mi="0" ci="6" mb="0" cb="0"/><line nr="86" mi="0" ci="3" mb="0" cb="0"/><line nr="87" mi="0" ci="3" mb="0" cb="0"/><line nr="88" mi="0" ci="1" mb="0" cb="0"/><line nr="91" mi="0" ci="10" mb="0" cb="0"/><line nr="92" mi="0" ci="2" mb="0" cb="0"/><line nr="93" mi="0" ci="10" mb="0" cb="0"/><line nr="94" mi="0" ci="2" mb="0" cb="0"/><line nr="95" mi="0" ci="9" mb="0" cb="0"/><line nr="96" mi="0" ci="2" mb="0" cb="0"/><line nr="97" mi="0" ci="10" mb="0" cb="0"/><line nr="98" mi="0" ci="2" mb="0" cb="0"/><line nr="99" mi="0" ci="9" mb="0" cb="0"/><line nr="100" mi="0" ci="2" mb="0" cb="0"/><line nr="101" mi="0" ci="18" mb="0" cb="0"/><line nr="102" mi="0" ci="12" mb="0" cb="0"/><line nr="103" mi="0" ci="2" mb="0" cb="0"/><line nr="104" mi="0" ci="2" mb="0" cb="0"/><line nr="105" mi="0" ci="9" mb="0" cb="0"/><line nr="106" mi="0" ci="9" mb="0" cb="0"/><line nr="107" mi="0" ci="9" mb="0" cb="0"/><line nr="108" mi="0" ci="5" mb="0" cb="0"/><line nr="109" mi="0" ci="2" mb="0" cb="0"/><line nr="110" mi="0" ci="3" mb="0" cb="0"/><line nr="111" mi="0" ci="2" mb="0" cb="0"/><line nr="112" mi="0" ci="5" mb="0" cb="0"/><line nr="113" mi="0" ci="1" mb="0" cb="0"/><line nr="116" mi="0" ci="3" mb="0" cb="0"/><line nr="117" mi="0" ci="6" mb="0" cb="0"/><line nr="118" mi="0" ci="4" mb="0" cb="0"/><line nr="119" mi="0" ci="3" mb="0" cb="0"/><line nr="120" mi="0" ci="1" mb="0" cb="0"/><line nr="123" mi="0" ci="3" mb="0" cb="0"/><line nr="124" mi="0" ci="6" mb="0" cb="0"/><line nr="125" mi="0" ci="4" mb="0" cb="0"/><line nr="126" mi="0" ci="3" mb="0" cb="0"/><line nr="127" mi="0" ci="1" mb="0" cb="0"/><line nr="130" mi="0" ci="10" mb="0" cb="0"/><line nr="131" mi="0" ci="2" mb="0" cb="0"/><line nr="132" mi="0" ci="10" mb="0" cb="0"/><line nr="133" mi="0" ci="3" mb="0" cb="0"/><line nr="134" mi="0" ci="2" mb="0" cb="0"/><line nr="135" mi="0" ci="14" mb="0" cb="0"/><line nr="136" mi="0" ci="2" mb="0" cb="0"/><line nr="137" mi="0" ci="5" mb="0" cb="0"/><line nr="138" mi="0" ci="5" mb="0" cb="0"/><line nr="139" mi="0" ci="2" mb="0" cb="0"/><line nr="140" mi="0" ci="1" mb="0" cb="0"/><line nr="143" mi="0" ci="10" mb="0" cb="0"/><line nr="144" mi="0" ci="2" mb="0" cb="0"/><line nr="145" mi="0" ci="10" mb="0" cb="0"/><line nr="146" mi="0" ci="2" mb="0" cb="0"/><line nr="147" mi="0" ci="9" mb="0" cb="0"/><line nr="148" mi="0" ci="2" mb="0" cb="0"/><line nr="149" mi="0" ci="14" mb="0" cb="0"/><line nr="150" mi="0" ci="2" mb="0" cb="0"/><line nr="151" mi="0" ci="12" mb="0" cb="0"/><line nr="152" mi="0" ci="2" mb="0" cb="0"/><line nr="153" mi="0" ci="18" mb="0" cb="0"/><line nr="154" mi="0" ci="3" mb="0" cb="0"/><line nr="155" mi="0" ci="13" mb="0" cb="0"/><line nr="156" mi="0" ci="3" mb="0" cb="0"/><line nr="157" mi="0" ci="2" mb="0" cb="0"/><line nr="158" mi="0" ci="5" mb="0" cb="0"/><line nr="159" mi="0" ci="2" mb="0" cb="0"/><line nr="160" mi="0" ci="1" mb="0" cb="0"/><line nr="164" mi="0" ci="6" mb="0" cb="0"/><line nr="166" mi="0" ci="4" mb="0" cb="2"/><line nr="167" mi="0" ci="15" mb="0" cb="0"/><line nr="169" mi="0" ci="2" mb="0" cb="0"/><line nr="171" mi="0" ci="5" mb="0" cb="0"/><line nr="172" mi="0" ci="4" mb="0" cb="0"/><line nr="173" mi="0" ci="8" mb="0" cb="0"/><line nr="174" mi="0" ci="3" mb="0" cb="2"/><line nr="176" mi="0" ci="2" mb="0" cb="2"/><line nr="177" mi="0" ci="12" mb="0" cb="0"/><line nr="179" mi="0" ci="2" mb="0" cb="0"/><line nr="181" mi="0" ci="25" mb="0" cb="0"/><line nr="185" mi="0" ci="2" mb="0" cb="2"/><line nr="186" mi="0" ci="19" mb="0" cb="0"/><line nr="187" mi="0" ci="10" mb="0" cb="0"/><line nr="188" mi="0" ci="4" mb="0" cb="0"/><line nr="189" mi="0" ci="7" mb="0" cb="4"/><line nr="190" mi="0" ci="2" mb="0" cb="0"/><line nr="191" mi="0" ci="2" mb="0" cb="0"/><line nr="192" mi="0" ci="2" mb="0" cb="0"/><line nr="194" mi="0" ci="24" mb="0" cb="0"/><line nr="196" mi="0" ci="1" mb="0" cb="0"/><line nr="197" mi="0" ci="2" mb="0" cb="0"/><line nr="199" mi="0" ci="26" mb="0" cb="0"/><line nr="202" mi="0" ci="4" mb="0" cb="0"/><line nr="203" mi="0" ci="4" mb="0" cb="0"/><line nr="205" mi="0" ci="2" mb="0" cb="2"/><line nr="206" mi="0" ci="12" mb="0" cb="0"/><line nr="207" mi="0" ci="4" mb="0" cb="2"/><line nr="208" mi="0" ci="3" mb="0" cb="0"/><line nr="211" mi="0" ci="9" mb="0" cb="2"/><line nr="212" mi="0" ci="4" mb="0" cb="0"/><line nr="214" mi="0" ci="5" mb="0" cb="0"/><line nr="216" mi="0" ci="4" mb="0" cb="0"/><line nr="224" mi="0" ci="2" mb="0" cb="2"/><line nr="225" mi="0" ci="9" mb="0" cb="0"/><line nr="226" mi="0" ci="3" mb="0" cb="0"/><line nr="227" mi="0" ci="21" mb="0" cb="0"/><line nr="228" mi="0" ci="3" mb="0" cb="2"/><line nr="229" mi="0" ci="14" mb="0" cb="0"/><line nr="231" mi="0" ci="21" mb="0" cb="0"/><line nr="232" mi="0" ci="3" mb="0" cb="2"/><line nr="233" mi="0" ci="14" mb="0" cb="0"/><line nr="235" mi="0" ci="14" mb="0" cb="0"/><line nr="236" mi="0" ci="18" mb="0" cb="0"/><line nr="237" mi="0" ci="3" mb="0" cb="0"/><line nr="238" mi="0" ci="18" mb="0" cb="0"/><line nr="239" mi="0" ci="5" mb="0" cb="0"/><line nr="240" mi="0" ci="4" mb="0" cb="0"/><line nr="241" mi="0" ci="4" mb="0" cb="2"/><line nr="242" mi="0" ci="13" mb="0" cb="0"/><line nr="243" mi="0" ci="14" mb="0" cb="0"/><line nr="245" mi="0" ci="10" mb="0" cb="0"/><line nr="247" mi="0" ci="14" mb="0" cb="0"/><line nr="248" mi="0" ci="10" mb="0" cb="0"/><line nr="249" mi="0" ci="17" mb="0" cb="0"/><line nr="251" mi="0" ci="3" mb="0" cb="0"/><line nr="252" mi="0" ci="9" mb="0" cb="0"/><line nr="253" mi="0" ci="5" mb="0" cb="0"/><line nr="254" mi="0" ci="2" mb="0" cb="0"/><line nr="255" mi="0" ci="2" mb="0" cb="0"/><line nr="256" mi="0" ci="1" mb="0" cb="0"/><line nr="257" mi="0" ci="22" mb="0" cb="0"/><line nr="259" mi="0" ci="5" mb="0" cb="0"/><line nr="260" mi="0" ci="2" mb="0" cb="0"/><line nr="262" mi="0" ci="1" mb="0" cb="0"/><line nr="263" mi="0" ci="1" mb="0" cb="0"/><line nr="266" mi="0" ci="2" mb="0" cb="0"/><line nr="267" mi="0" ci="3" mb="0" cb="0"/><line nr="268" mi="0" ci="7" mb="0" cb="0"/><line nr="269" mi="0" ci="8" mb="0" cb="0"/><line nr="270" mi="0" ci="8" mb="0" cb="0"/><line nr="271" mi="0" ci="3" mb="0" cb="0"/><line nr="272" mi="0" ci="5" mb="0" cb="0"/><line nr="273" mi="0" ci="1" mb="0" cb="0"/><line nr="274" mi="0" ci="3" mb="0" cb="0"/><line nr="275" mi="0" ci="16" mb="1" cb="3"/><line nr="276" mi="0" ci="4" mb="0" cb="0"/><line nr="277" mi="0" ci="19" mb="0" cb="0"/><line nr="278" mi="0" ci="4" mb="0" cb="0"/><line nr="279" mi="0" ci="18" mb="1" cb="1"/><line nr="281" mi="2" ci="0" mb="0" cb="0"/><line nr="283" mi="0" ci="1" mb="0" cb="0"/><line nr="286" mi="0" ci="3" mb="1" cb="1"/><line nr="287" mi="2" ci="0" mb="0" cb="0"/><line nr="288" mi="0" ci="3" mb="0" cb="2"/><line nr="289" mi="0" ci="2" mb="0" cb="0"/><line nr="290" mi="0" ci="3" mb="0" cb="2"/><line nr="291" mi="0" ci="2" mb="0" cb="0"/><line nr="292" mi="0" ci="3" mb="0" cb="2"/><line nr="293" mi="0" ci="2" mb="0" cb="0"/><line nr="294" mi="0" ci="3" mb="1" cb="1"/><line nr="295" mi="0" ci="2" mb="0" cb="0"/><line nr="297" mi="12" ci="0" mb="0" cb="0"/><line nr="302" mi="0" ci="10" mb="0" cb="0"/><line nr="303" mi="0" ci="2" mb="0" cb="2"/><line nr="304" mi="0" ci="9" mb="0" cb="0"/><line nr="305" mi="0" ci="8" mb="0" cb="0"/><line nr="306" mi="0" ci="5" mb="0" cb="0"/><line nr="307" mi="0" ci="3" mb="0" cb="0"/><line nr="308" mi="0" ci="3" mb="0" cb="2"/><line nr="309" mi="0" ci="4" mb="0" cb="2"/><line nr="310" mi="0" ci="18" mb="0" cb="0"/><line nr="311" mi="0" ci="7" mb="0" cb="0"/><line nr="313" mi="0" ci="4" mb="0" cb="2"/><line nr="314" mi="0" ci="18" mb="0" cb="0"/><line nr="315" mi="0" ci="7" mb="0" cb="0"/><line nr="317" mi="0" ci="4" mb="1" cb="1"/><line nr="318" mi="18" ci="0" mb="0" cb="0"/><line nr="319" mi="9" ci="0" mb="0" cb="0"/><line nr="321" mi="0" ci="4" mb="0" cb="2"/><line nr="322" mi="0" ci="18" mb="0" cb="0"/><line nr="323" mi="0" ci="14" mb="0" cb="0"/><line nr="325" mi="0" ci="4" mb="1" cb="1"/><line nr="326" mi="18" ci="0" mb="0" cb="0"/><line nr="327" mi="14" ci="0" mb="0" cb="0"/><line nr="329" mi="0" ci="4" mb="1" cb="1"/><line nr="330" mi="18" ci="0" mb="0" cb="0"/><line nr="331" mi="14" ci="0" mb="0" cb="0"/><line nr="333" mi="0" ci="4" mb="1" cb="1"/><line nr="334" mi="18" ci="0" mb="0" cb="0"/><line nr="335" mi="14" ci="0" mb="0" cb="0"/><line nr="337" mi="0" ci="7" mb="1" cb="3"/><line nr="338" mi="18" ci="0" mb="0" cb="0"/><line nr="339" mi="7" ci="0" mb="0" cb="0"/><line nr="341" mi="0" ci="7" mb="1" cb="3"/><line nr="342" mi="18" ci="0" mb="0" cb="0"/><line nr="343" mi="7" ci="0" mb="0" cb="0"/><line nr="346" mi="0" ci="1" mb="0" cb="0"/><line nr="347" mi="0" ci="2" mb="0" cb="0"/><line nr="349" mi="0" ci="1" mb="0" cb="0"/><line nr="352" mi="0" ci="3" mb="0" cb="2"/><line nr="353" mi="0" ci="3" mb="1" cb="1"/><line nr="354" mi="18" ci="0" mb="0" cb="0"/><line nr="356" mi="0" ci="22" mb="0" cb="0"/><line nr="357" mi="0" ci="2" mb="0" cb="0"/><line nr="359" mi="0" ci="7" mb="0" cb="4"/><line nr="360" mi="0" ci="6" mb="0" cb="0"/><line nr="362" mi="0" ci="18" mb="0" cb="0"/><counter type="INSTRUCTION" missed="210" covered="1355"/><counter type="BRANCH" missed="11" covered="65"/><counter type="LINE" missed="17" covered="218"/><counter type="COMPLEXITY" missed="12" covered="56"/><counter type="METHOD" missed="1" covered="29"/><counter type="CLASS" missed="0" covered="1"/></sourcefile><sourcefile name="ClientCodeWriter.java"><line nr="27" mi="3" ci="0" mb="0" cb="0"/><line nr="30" mi="0" ci="3" mb="0" cb="0"/><line nr="31" mi="0" ci="6" mb="0" cb="0"/><line nr="32" mi="0" ci="4" mb="0" cb="0"/><line nr="33" mi="0" ci="3" mb="0" cb="0"/><line nr="34" mi="0" ci="1" mb="0" cb="0"/><line nr="37" mi="0" ci="10" mb="0" cb="0"/><line nr="38" mi="0" ci="2" mb="0" cb="0"/><line nr="39" mi="0" ci="10" mb="0" cb="0"/><line nr="40" mi="0" ci="3" mb="0" cb="0"/><line nr="41" mi="0" ci="2" mb="0" cb="0"/><line nr="42" mi="0" ci="10" mb="0" cb="0"/><line nr="43" mi="0" ci="3" mb="0" cb="0"/><line nr="44" mi="0" ci="2" mb="0" cb="0"/><line nr="45" mi="0" ci="3" mb="0" cb="0"/><line nr="46" mi="0" ci="2" mb="0" cb="0"/><line nr="47" mi="0" ci="2" mb="0" cb="0"/><line nr="48" mi="0" ci="1" mb="0" cb="0"/><line nr="52" mi="0" ci="2" mb="0" cb="0"/><line nr="53" mi="0" ci="9" mb="0" cb="0"/><line nr="54" mi="0" ci="13" mb="0" cb="0"/><line nr="55" mi="0" ci="9" mb="0" cb="0"/><line nr="56" mi="0" ci="9" mb="0" cb="0"/><line nr="59" mi="0" ci="2" mb="0" cb="0"/><line nr="60" mi="0" ci="30" mb="0" cb="0"/><line nr="62" mi="0" ci="5" mb="0" cb="0"/><line nr="63" mi="0" ci="5" mb="0" cb="0"/><line nr="64" mi="0" ci="5" mb="0" cb="0"/><line nr="65" mi="0" ci="5" mb="0" cb="0"/><line nr="66" mi="0" ci="2" mb="0" cb="0"/><line nr="69" mi="0" ci="2" mb="0" cb="0"/><line nr="70" mi="0" ci="18" mb="0" cb="0"/><line nr="72" mi="0" ci="12" mb="0" cb="0"/><line nr="73" mi="0" ci="9" mb="0" cb="0"/><line nr="74" mi="0" ci="2" mb="0" cb="0"/><line nr="76" mi="0" ci="3" mb="0" cb="0"/><line nr="77" mi="0" ci="3" mb="1" cb="1"/><line nr="79" mi="0" ci="2" mb="0" cb="0"/><line nr="80" mi="0" ci="14" mb="0" cb="0"/><line nr="81" mi="0" ci="12" mb="0" cb="0"/><line nr="82" mi="0" ci="9" mb="0" cb="0"/><line nr="83" mi="0" ci="2" mb="0" cb="0"/><line nr="85" mi="0" ci="2" mb="0" cb="0"/><line nr="86" mi="0" ci="5" mb="0" cb="0"/><line nr="87" mi="0" ci="2" mb="0" cb="0"/><line nr="88" mi="0" ci="4" mb="0" cb="0"/><line nr="89" mi="0" ci="8" mb="0" cb="2"/><line nr="90" mi="0" ci="5" mb="0" cb="0"/><line nr="91" mi="0" ci="11" mb="0" cb="0"/><line nr="92" mi="0" ci="7" mb="0" cb="0"/><line nr="93" mi="0" ci="4" mb="0" cb="2"/><line nr="94" mi="0" ci="3" mb="0" cb="0"/><line nr="96" mi="0" ci="4" mb="0" cb="0"/><line nr="97" mi="0" ci="10" mb="0" cb="2"/><line nr="98" mi="0" ci="18" mb="0" cb="0"/><line nr="100" mi="0" ci="2" mb="0" cb="0"/><line nr="101" mi="0" ci="5" mb="0" cb="0"/><line nr="102" mi="0" ci="2" mb="0" cb="0"/><line nr="103" mi="0" ci="5" mb="0" cb="0"/><line nr="104" mi="0" ci="5" mb="0" cb="0"/><line nr="105" mi="0" ci="2" mb="0" cb="0"/><line nr="106" mi="0" ci="2" mb="0" cb="0"/><line nr="107" mi="0" ci="5" mb="0" cb="0"/><line nr="108" mi="0" ci="5" mb="0" cb="0"/><line nr="109" mi="0" ci="2" mb="0" cb="0"/><line nr="110" mi="0" ci="2" mb="0" cb="0"/><line nr="113" mi="0" ci="1" mb="0" cb="0"/><line nr="116" mi="0" ci="2" mb="0" cb="0"/><line nr="117" mi="0" ci="17" mb="0" cb="0"/><line nr="118" mi="0" ci="9" mb="0" cb="0"/><line nr="119" mi="0" ci="3" mb="0" cb="0"/><line nr="120" mi="0" ci="3" mb="0" cb="0"/><line nr="121" mi="0" ci="5" mb="0" cb="0"/><line nr="122" mi="0" ci="5" mb="0" cb="0"/><line nr="123" mi="0" ci="5" mb="0" cb="0"/><line nr="124" mi="0" ci="5" mb="0" cb="0"/><line nr="125" mi="0" ci="5" mb="0" cb="0"/><line nr="126" mi="0" ci="5" mb="0" cb="0"/><line nr="127" mi="0" ci="3" mb="0" cb="0"/><line nr="128" mi="0" ci="3" mb="0" cb="0"/><line nr="129" mi="0" ci="2" mb="0" cb="0"/><line nr="130" mi="0" ci="1" mb="0" cb="0"/><line nr="133" mi="0" ci="4" mb="0" cb="0"/><line nr="134" mi="0" ci="4" mb="0" cb="0"/><line nr="135" mi="0" ci="2" mb="0" cb="0"/><line nr="136" mi="0" ci="3" mb="0" cb="0"/><line nr="137" mi="0" ci="16" mb="0" cb="0"/><line nr="138" mi="0" ci="8" mb="0" cb="0"/><line nr="139" mi="0" ci="4" mb="0" cb="0"/><line nr="140" mi="0" ci="4" mb="0" cb="0"/><line nr="142" mi="0" ci="4" mb="0" cb="2"/><line nr="143" mi="0" ci="6" mb="0" cb="0"/><line nr="145" mi="0" ci="7" mb="0" cb="0"/><line nr="149" mi="0" ci="12" mb="0" cb="4"/><line nr="150" mi="0" ci="4" mb="0" cb="0"/><line nr="151" mi="0" ci="2" mb="0" cb="0"/><line nr="152" mi="0" ci="22" mb="0" cb="0"/><line nr="153" mi="0" ci="20" mb="0" cb="0"/><line nr="154" mi="0" ci="4" mb="0" cb="0"/><line nr="155" mi="0" ci="4" mb="0" cb="0"/><line nr="156" mi="0" ci="11" mb="0" cb="2"/><line nr="157" mi="0" ci="5" mb="0" cb="2"/><line nr="158" mi="0" ci="4" mb="0" cb="2"/><line nr="159" mi="0" ci="6" mb="0" cb="0"/><line nr="161" mi="0" ci="10" mb="0" cb="0"/><line nr="163" mi="0" ci="5" mb="0" cb="0"/><line nr="165" mi="0" ci="1" mb="0" cb="0"/><line nr="166" mi="0" ci="5" mb="0" cb="0"/><line nr="167" mi="0" ci="4" mb="0" cb="2"/><line nr="168" mi="0" ci="16" mb="0" cb="0"/><line nr="169" mi="0" ci="4" mb="0" cb="2"/><line nr="170" mi="0" ci="16" mb="0" cb="0"/><line nr="171" mi="0" ci="4" mb="0" cb="2"/><line nr="172" mi="0" ci="10" mb="0" cb="0"/><line nr="173" mi="0" ci="6" mb="0" cb="0"/><line nr="174" mi="0" ci="4" mb="0" cb="2"/><line nr="175" mi="0" ci="16" mb="0" cb="0"/><line nr="176" mi="0" ci="4" mb="0" cb="2"/><line nr="177" mi="0" ci="16" mb="0" cb="0"/><line nr="178" mi="0" ci="4" mb="0" cb="2"/><line nr="179" mi="0" ci="11" mb="0" cb="0"/><line nr="180" mi="0" ci="4" mb="1" cb="1"/><line nr="181" mi="0" ci="10" mb="0" cb="0"/><line nr="183" mi="0" ci="1" mb="0" cb="0"/><line nr="184" mi="0" ci="5" mb="0" cb="0"/><line nr="185" mi="0" ci="12" mb="0" cb="0"/><line nr="186" mi="0" ci="10" mb="0" cb="0"/><line nr="187" mi="0" ci="10" mb="0" cb="0"/><line nr="188" mi="0" ci="1" mb="0" cb="0"/><line nr="189" mi="0" ci="2" mb="0" cb="2"/><line nr="190" mi="0" ci="20" mb="0" cb="0"/><line nr="191" mi="0" ci="2" mb="0" cb="0"/><line nr="193" mi="0" ci="9" mb="0" cb="0"/><line nr="195" mi="0" ci="4" mb="0" cb="0"/><line nr="196" mi="0" ci="2" mb="0" cb="0"/><line nr="197" mi="0" ci="1" mb="0" cb="0"/><line nr="198" mi="0" ci="1" mb="0" cb="0"/><line nr="201" mi="0" ci="2" mb="0" cb="0"/><line nr="202" mi="0" ci="17" mb="0" cb="0"/><line nr="203" mi="0" ci="9" mb="0" cb="0"/><line nr="204" mi="0" ci="4" mb="0" cb="0"/><line nr="205" mi="0" ci="5" mb="0" cb="0"/><line nr="206" mi="0" ci="5" mb="0" cb="0"/><line nr="207" mi="0" ci="5" mb="0" cb="0"/><line nr="208" mi="0" ci="5" mb="0" cb="0"/><line nr="209" mi="0" ci="5" mb="0" cb="0"/><line nr="210" mi="0" ci="4" mb="0" cb="0"/><line nr="211" mi="0" ci="2" mb="0" cb="0"/><line nr="212" mi="0" ci="1" mb="0" cb="0"/><counter type="INSTRUCTION" missed="3" covered="895"/><counter type="BRANCH" missed="2" covered="34"/><counter type="LINE" missed="1" covered="148"/><counter type="COMPLEXITY" missed="3" covered="26"/><counter type="METHOD" missed="1" covered="10"/><counter type="CLASS" missed="0" covered="1"/></sourcefile><counter type="INSTRUCTION" missed="547" covered="8649"/><counter type="BRANCH" missed="61" covered="581"/><counter type="LINE" missed="56" covered="1329"/><counter type="COMPLEXITY" missed="61" covered="437"/><counter type="METHOD" missed="6" covered="171"/><counter type="CLASS" missed="0" covered="5"/></package><counter type="INSTRUCTION" missed="2152" covered="16376"/><counter type="BRANCH" missed="270" covered="1324"/><counter type="LINE" missed="355" covered="2819"/><counter type="COMPLEXITY" missed="286" covered="1071"/><counter type="METHOD" missed="63" covered="497"/><counter type="CLASS" missed="5" covered="43"/></report>